   8112 vocal	noise	(Шум у залі)
   5202 kinesic	applause	(Оплески)
    523 gap	inaudible	(Не чути)
    317 vocal	noise	(Шум в залі)
    303 vocal	shouting	ГОЛОС ІЗ ЗАЛУ.
    258 incident	action	(Хвилина мовчання)
    120 vocal	shouting	ГОЛОСИ ІЗ ЗАЛУ. Героям слава!
    102 incident	action	(Лунає Державний Гімн України)
     78 kinesic	applause	(Оплески).
     71 kinesic	applause	Оплески
     58 vocal	noise	Шум у залі)
     45 kinesic	applause	(оплески)
     38 vocal	noise	(Шум у залі).
     24 kinesic	applause	Оплески)
     21 vocal	shouting	ГОЛОСИ ІЗ ЗАЛУ. Героям Слава!
     19 kinesic	applause	(оплески),
     13 vocal	shouting	ГОЛОСИ ІЗ ЗАЛУ. Ганьба! Ганьба!
     13 vocal	noise	(шум у залі)
     13 gap	inaudible	(не чути)
     12 vocal	shouting	ГОЛОСИ ІЗ ЗАЛУ. Ганьба! Ганьба! Ганьба!
     12 vocal	shouting	ГОЛОСИ ІЗ ЗАЛУ. Ганьба!
     11 kinesic	applause	(Оплески),
     10 vocal	shouting	ГОЛОС ІЗ ЗАЛУ. Голосуємо!
      9 vocal	shouting	ГОЛОСИ ІЗ ЗАЛУ.
      9 kinesic	applause	(Шум у залі) (Оплески)
      8 vocal	shouting	ГОЛОСИ ІЗ ЗАЛУ. Да.
      8 vocal	noise	Шум у залі
      8 kinesic	applause	(Бурхливі оплески)
      7 vocal	shouting	ГОЛОС ІЗ ЗАЛУ. Слава Україні!
      7 vocal	shouting	ГОЛОСИ ІЗ ЗАЛУ. Слава Україні!
      6 vocal	shouting	ІЗ ЗАЛУ. Героям слава!
      6 vocal	shouting	ГОЛОС ІЗ ЗАЛУ. (Не чути)
      6 vocal	shouting	ГОЛОСИ ІЗ ЗАЛУ. Так.
      6 vocal	noise	(Шум у залі) …
      6 kinesic	applause	(Оплески) (Шум у залі)
      5 vocal	shouting	ІЗ ЗАЛУ. Героям Слава!
      5 vocal	shouting	ГОЛОСИ ІЗ ЗАЛУ. Слава Україні! Героям слава!
      5 vocal	shouting	ГОЛОСИ ІЗ ЗАЛУ. Да!
      5 vocal	shouting	ГОЛОСИ ІЗ ЗАЛУ. Відставка! Відставка! Відставка!
      5 kinesic	applause	(Шум у залі, оплески)
      5 incident	action	(Лунає Гімн України)
      4 vocal	shouting	ГОЛОС ІЗ ЗАЛУ. Ні.
      4 vocal	shouting	ГОЛОС ІЗ ЗАЛУ. Да.
      4 vocal	shouting	ГОЛОС ІЗ ЗАЛУ. Да!
      4 vocal	shouting	ГОЛОС ІЗ ЗАЛУ. Голосуємо.
      4 vocal	shouting	ГОЛОС ІЗ ЗАЛУ. Ганьба!
      4 vocal	shouting	ГОЛОС ІЗ ЗАЛУ. Вона врахована.
      4 vocal	shouting	ГОЛОСИ ІЗ ЗАЛУ. Українська! Українська!
      4 vocal	shouting	ГОЛОСИ ІЗ ЗАЛУ. ТСК, ТСК, ТСК!
      4 vocal	shouting	ГОЛОСИ ІЗ ЗАЛУ. Немає.
      4 vocal	noise	(Шум у залі)…
      4 kinesic	applause	(Оплески);
      3 vocal	shouting	ІЗ ЗАЛУ.
      3 vocal	shouting	ГОЛОС ІЗ ЗАЛУ. Так.
      3 vocal	shouting	ГОЛОС ІЗ ЗАЛУ. Перерва.
      3 vocal	shouting	ГОЛОС ІЗ ЗАЛУ. Перерва!
      3 vocal	shouting	ГОЛОС ІЗ ЗАЛУ. Немає.
      3 vocal	shouting	ГОЛОС ІЗ ЗАЛУ. Наполягає.
      3 vocal	shouting	ГОЛОС ІЗ ЗАЛУ. Героям слава!
      3 vocal	shouting	ГОЛОСИ ІЗ ЗАЛУ. Українська!
      3 vocal	shouting	ГОЛОСИ ІЗ ЗАЛУ. Смерть ворогам!
      3 vocal	shouting	ГОЛОСИ ІЗ ЗАЛУ. Ні.
      3 vocal	shouting	ГОЛОСИ ІЗ ЗАЛУ. Є!
      3 vocal	shouting	ГОЛОСИ ІЗ ЗАЛУ. Голосуємо.
      3 vocal	shouting	ГОЛОСИ З ЗАЛУ. Героям слава!
      3 vocal	exclamat	(Вигуки: "Героям слава!")
      3 kinesic	applause	(Оплески, шум у залі)
      3 kinesic	applause	Оплески).
      3 kinesic	applause	(оплески).
      2 vocal	shouting	ГОЛОСУ ІЗ ЗАЛУ.
      2 vocal	shouting	ГОЛОС ІЗ ЗАЛУ. Фельдман вийшов.
      2 vocal	shouting	ГОЛОС ІЗ ЗАЛУ. Слово!
      2 vocal	shouting	ГОЛОС ІЗ ЗАЛУ. Слава нації!
      2 vocal	shouting	ГОЛОС ІЗ ЗАЛУ. Ріпкинського.
      2 vocal	shouting	ГОЛОС ІЗ ЗАЛУ. Репліка.
      2 vocal	shouting	ГОЛОС ІЗ ЗАЛУ. Не обов'язково.
      2 vocal	shouting	ГОЛОС ІЗ ЗАЛУ. На підтвердження.
      2 vocal	shouting	ГОЛОС ІЗ ЗАЛУ. За что?
      2 vocal	shouting	ГОЛОС ІЗ ЗАЛУ. За основу.
      2 vocal	shouting	ГОЛОС ІЗ ЗАЛУ. За! За!
      2 vocal	shouting	ГОЛОС ІЗ ЗАЛУ. Дайте слово!
      2 vocal	shouting	ГОЛОСИ ІЗ ЗАЛУ. Ще раз!
      2 vocal	shouting	ГОЛОСИ ІЗ ЗАЛУ. Українська! Українська! Українська!
      2 vocal	shouting	ГОЛОСИ ІЗ ЗАЛУ. Так! Так!
      2 vocal	shouting	ГОЛОСИ ІЗ ЗАЛУ. Сьогодні! Сьогодні! Сьогодні!
      2 vocal	shouting	ГОЛОСИ ІЗ ЗАЛУ. Ні!
      2 vocal	shouting	ГОЛОСИ ІЗ ЗАЛУ. Молодець!
      2 vocal	shouting	ГОЛОСИ ІЗ ЗАЛУ. Міністра! Міністра!
      2 vocal	shouting	ГОЛОСИ ІЗ ЗАЛУ. Кривий Ріг! Кривий Ріг! Кривий Ріг! Кривий Ріг!
      2 vocal	shouting	ГОЛОСИ ІЗ ЗАЛУ. Кривий Ріг! Кривий Ріг! Кривий Ріг!
      2 vocal	shouting	ГОЛОСИ ІЗ ЗАЛУ. Є.
      2 vocal	shouting	ГОЛОСИ ІЗ ЗАЛУ. Героя слава!
      2 vocal	shouting	ГОЛОСИ ІЗ ЗАЛУ. Героям Слава! (
      2 vocal	shouting	ГОЛОСИ ІЗ ЗАЛУ. В ріці Йордані!
      2 vocal	shouting	ГОЛОСИ ІЗ ЗАЛУ. Відставка! Відставка!
      2 vocal	noise	Шум у залі).
      2 vocal	noise	… (Шум у залі)
      2 vocal	noise	((Шум у залі)
      2 vocal	noise	(Не чути, шум у залі)
      2 kinesic	applause	(Оплески)…
      2 kinesic	applause	(Оплески
      2 incident	action	(Хвилина мовчання).
      2 incident	action	(Депутати співають Державний Гімн України)
      2 gap	inaudible	(Не чути
      1 vocal	shouting	ІЗ ЗАЛУ. Юлі, волю!...
      1 vocal	shouting	ІЗ ЗАЛУ. Чотири.
      1 vocal	shouting	ІЗ ЗАЛУ. Ніхто не хоче працювати.
      1 vocal	shouting	ІЗ ЗАЛУ. Немає.
      1 vocal	shouting	ІЗ ЗАЛУ. Не встигли.
      1 vocal	shouting	ІЗ ЗАЛУ. Голову Регламентного комітету…
      1 vocal	shouting	ІЗ ЗАЛУ. Героям слава
      1 vocal	shouting	ІЗ ЗАЛУ. Ганьба! Ганьба!
      1 vocal	shouting	ГОЛОСУ ІЗ ЗАЛУ. Я – проти.
      1 vocal	shouting	ГОЛОС ІЗ ЗАЛУ. Я хочу чітку відповідь!
      1 vocal	shouting	ГОЛОС ІЗ ЗАЛУ. Я тобі зараз дам "банда"! Ти, банда ходяча!
      1 vocal	shouting	ГОЛОС ІЗ ЗАЛУ. Я перепрошую, ми не можемо переходити до іншого питання…
      1 vocal	shouting	ГОЛОС ІЗ ЗАЛУ. Я перепрошую, запитувач вийшов з залу. Я розумію, йому не цікаво, то може не будемо відповідати.
      1 vocal	shouting	ГОЛОС ІЗ ЗАЛУ. Я не буду його доповідати!
      1 vocal	shouting	ГОЛОС ІЗ ЗАЛУ. Я можу, дайте слово.
      1 vocal	shouting	ГОЛОС ІЗ ЗАЛУ. Як нема факту...?
      1 vocal	shouting	ГОЛОС ІЗ ЗАЛУ. Як можна забути таке?
      1 vocal	shouting	ГОЛОС ІЗ ЗАЛУ. Яке це має відношення?
      1 vocal	shouting	ГОЛОС ІЗ ЗАЛУ. Як визначать народні депутати.
      1 vocal	shouting	ГОЛОС ІЗ ЗАЛУ. Яка це норма Регламенту?
      1 vocal	shouting	ГОЛОС ІЗ ЗАЛУ. Яка перерва!?
      1 vocal	shouting	ГОЛОС ІЗ ЗАЛУ. Яка норма Регламенту, скажіть?
      1 vocal	shouting	ГОЛОС ІЗ ЗАЛУ. Яка?
      1 vocal	shouting	ГОЛОС ІЗ ЗАЛУ. Як?
      1 vocal	shouting	ГОЛОС ІЗ ЗАЛУ. Это хороший футбол.
      1 vocal	shouting	ГОЛОС ІЗ ЗАЛУ. ….. это совершенно правильно, они должны оставаться, это они специально делают и никакой катастрофы нет.
      1 vocal	shouting	ГОЛОС ІЗ ЗАЛУ. Що ви робите?
      1 vocal	shouting	ГОЛОС ІЗ ЗАЛУ. Ще раз….
      1 vocal	shouting	ГОЛОС ІЗ ЗАЛУ. Ще ні.
      1 vocal	shouting	ГОЛОС ІЗ ЗАЛУ. Шановні депутати колеги…
      1 vocal	shouting	ГОЛОС ІЗ ЗАЛУ. Шановний, я перепрошую. Є голова комітету, який мав би доповідати! Що це за антиконституційний переворот! Є голова комітету! Є голова комітету! Який законопроект? Має доповідати голова комітету. Що то таке? Яке голосування?
      1 vocal	shouting	ГОЛОС ІЗ ЗАЛУ. Чотири, напевно.
      1 vocal	shouting	ГОЛОС ІЗ ЗАЛУ. Чого він бреше?
      1 vocal	shouting	ГОЛОС ІЗ ЗАЛУ. Цимбалюк!
      1 vocal	shouting	ГОЛОС ІЗ ЗАЛУ. Це стаття 8.
      1 vocal	shouting	ГОЛОС ІЗ ЗАЛУ. Це питання включається, вони всі йдуть.
      1 vocal	shouting	ГОЛОС ІЗ ЗАЛУ. Це є що соціально необхідний закон чи що!?
      1 vocal	shouting	ГОЛОС ІЗ ЗАЛУ. Це діти з Донецької області.
      1 vocal	shouting	ГОЛОС ІЗ ЗАЛУ. Це було.....
      1 vocal	shouting	ГОЛОС ІЗ ЗАЛУ. Хай українською говорить!
      1 vocal	shouting	ГОЛОС ІЗ ЗАЛУ. Хай говорить фамілії, не скривайте мафію. Говоріть, говоріть, включіть мікрофон міністра.
      1 vocal	shouting	ГОЛОС ІЗ ЗАЛУ. У мене ще питання.
      1 vocal	shouting	ГОЛОС ІЗ ЗАЛУ. У мене по 41-ій.
      1 vocal	shouting	ГОЛОС ІЗ ЗАЛУ. Українською мовою!
      1 vocal	shouting	ГОЛОС ІЗ ЗАЛУ. У відставку! У відставку Вовка!
      1 vocal	shouting	ГОЛОС ІЗ ЗАЛУ. … у виступі зачитав під стенограму. Прийняти за основу і в скорочений термін доопрацювати до другого читання з урахуванням…
      1 vocal	shouting	ГОЛОС ІЗ ЗАЛУ. Третя.
      1 vocal	shouting	ГОЛОС ІЗ ЗАЛУ. Тільки роздайте його!
      1 vocal	shouting	ГОЛОС ІЗ ЗАЛУ. Тимошенко зараз в Ніці зустрічається з Льовочкіним. Вона зараз знаходиться в Ніці, де вона зустрічається з Льовочкіним.
      1 vocal	shouting	ГОЛОС ІЗ ЗАЛУ. Тато там був, розумієш, а ти там не був.
      1 vocal	shouting	ГОЛОС ІЗ ЗАЛУ. Там немає правок.
      1 vocal	shouting	ГОЛОС ІЗ ЗАЛУ. Так через вас і гинуть!
      1 vocal	shouting	ГОЛОС ІЗ ЗАЛУ. Так, а немає автора.
      1 vocal	shouting	ГОЛОС ІЗ ЗАЛУ. Та вже ж виступав Гузь.
      1 vocal	shouting	ГОЛОС ІЗ ЗАЛУ. Сюмар передайте! Сюмар!
      1 vocal	shouting	ГОЛОС ІЗ ЗАЛУ. Сухого немає.
      1 vocal	shouting	ГОЛОС ІЗ ЗАЛУ. Страхування.
      1 vocal	shouting	ГОЛОС ІЗ ЗАЛУ. Слово Долженкову передать.
      1 vocal	shouting	ГОЛОС ІЗ ЗАЛУ. Слава Україні! Героям Слава!
      1 vocal	shouting	ГОЛОС ІЗ ЗАЛУ. Скорочена процедура.
      1 vocal	shouting	ГОЛОС ІЗ ЗАЛУ. Скасування недоторканності!
      1 vocal	shouting	ГОЛОС ІЗ ЗАЛУ. Скажіть про районні ради у місті Києві.
      1 vocal	shouting	ГОЛОС ІЗ ЗАЛУ. Скажи, там наступний Тіміш виступає, він передав слово, щоб це було…
      1 vocal	shouting	ГОЛОС ІЗ ЗАЛУ. Сімдесят сьому.
      1 vocal	shouting	ГОЛОС ІЗ ЗАЛУ. Сидоровичу.
      1 vocal	shouting	ГОЛОС ІЗ ЗАЛУ. Сигнальне голосування! Сигнальне голосування!
      1 vocal	shouting	ГОЛОС ІЗ ЗАЛУ. "Свобода" є.
      1 vocal	shouting	ГОЛОС ІЗ ЗАЛУ. Репліка комуністам була....
      1 vocal	shouting	ГОЛОС ІЗ ЗАЛУ. Репліка. Ви згадали фракцію.
      1 vocal	shouting	ГОЛОС ІЗ ЗАЛУ. Репліка!
      1 vocal	shouting	ГОЛОС ІЗ ЗАЛУ. Прошу українською мовою! Засідання Верховної Ради і комітетів ведуться державною мовою. Мова ведення засідань Верховної Ради - українською! Мова ведення засідань Верховної Ради - українською!
      1 vocal	shouting	ГОЛОС ІЗ ЗАЛУ. Прошу передати слово Бойку Юрію Анатолійовичу.
      1 vocal	shouting	ГОЛОС ІЗ ЗАЛУ. Прізвища!
      1 vocal	shouting	ГОЛОС ІЗ ЗАЛУ. ....принести фотографію, народний депутат заявив.
      1 vocal	shouting	ГОЛОС ІЗ ЗАЛУ. ... прикордонників, усі, хто беруть участь в антитерористичній, і прикордонників!
      1 vocal	shouting	ГОЛОС ІЗ ЗАЛУ. …право розпорядження.
      1 vocal	shouting	ГОЛОС ІЗ ЗАЛУ. По чорнобильцях дайте пояснення.
      1 vocal	shouting	ГОЛОС ІЗ ЗАЛУ. Почекайте.
      1 vocal	shouting	ГОЛОС ІЗ ЗАЛУ. Поставте законопроект, він внесений до порядку денного, його треба розглянути.
      1 vocal	shouting	ГОЛОС ІЗ ЗАЛУ. Послушайте, вы нарушаете закон!
      1 vocal	shouting	ГОЛОС ІЗ ЗАЛУ. …порушуєте Конституцію!
      1 vocal	shouting	ГОЛОС ІЗ ЗАЛУ. По одному.
      1 vocal	shouting	ГОЛОС ІЗ ЗАЛУ. По одній хвилині.
      1 vocal	shouting	ГОЛОС ІЗ ЗАЛУ. Полный беспредел, нарушение регламента.
      1 vocal	shouting	ГОЛОС ІЗ ЗАЛУ. Позафракційні!
      1 vocal	shouting	ГОЛОС ІЗ ЗАЛУ. Подоляк.
      1 vocal	shouting	ГОЛОС ІЗ ЗАЛУ. Після 14-ї не можна. Читайте Регламент.
      1 vocal	shouting	ГОЛОС ІЗ ЗАЛУ. Підтримати.
      1 vocal	shouting	ГОЛОС ІЗ ЗАЛУ. Підтримаємо наших колег!
      1 vocal	shouting	ГОЛОС ІЗ ЗАЛУ. Перерву…
      1 vocal	shouting	ГОЛОС ІЗ ЗАЛУ. Перерву.
      1 vocal	shouting	ГОЛОС ІЗ ЗАЛУ. Пашинський, Пашинський.
      1 vocal	shouting	ГОЛОС ІЗ ЗАЛУ. Паралелі які?
      1 vocal	shouting	ГОЛОС ІЗ ЗАЛУ. Пане Руслане, ми говоримо під стенограму не про питання вилучення, а про питання підтримки 131 поправки, щоб її зняти. Так само… А ви говорите про вилучення…
      1 vocal	shouting	ГОЛОС ІЗ ЗАЛУ. Пане Андрію, на п'ять хвилин продовжіть сесію, бо я…
      1 vocal	shouting	ГОЛОС ІЗ ЗАЛУ. Пане Андрію, вони не голосують, тільки стоять.
      1 vocal	shouting	ГОЛОС ІЗ ЗАЛУ. Острікова.
      1 vocal	shouting	ГОЛОС ІЗ ЗАЛУ. Опрацювали!
      1 vocal	shouting	ГОЛОС ІЗ ЗАЛУ. Олександре Валентиновичу, може, за скороченою процедурою?
      1 vocal	shouting	ГОЛОС ІЗ ЗАЛУ. Олександр Валентинович, поставте на голосування порядок денний…
      1 vocal	shouting	ГОЛОС ІЗ ЗАЛУ. Окремо, окремо голосуємо.
      1 vocal	shouting	ГОЛОС ІЗ ЗАЛУ. Оголошуйте перерву!
      1 vocal	shouting	ГОЛОС ІЗ ЗАЛУ. Оголошуйте 30 хвилин перерву…
      1 vocal	shouting	ГОЛОС ІЗ ЗАЛУ. О, вот это самое главное.
      1 vocal	shouting	ГОЛОС ІЗ ЗАЛУ. Объявляйте перерыв, мы идем к Голове.
      1 vocal	shouting	ГОЛОС ІЗ ЗАЛУ. Обласні центри!
      1 vocal	shouting	ГОЛОС ІЗ ЗАЛУ. Ну я ж кричав.
      1 vocal	shouting	ГОЛОС ІЗ ЗАЛУ. Номер назовите, номер?
      1 vocal	shouting	ГОЛОС ІЗ ЗАЛУ. Новак передайте слово, Новак.
      1 vocal	shouting	ГОЛОС ІЗ ЗАЛУ. Ні-ні-ні, я наполягаю на голосуванні, я особисто.
      1 vocal	shouting	ГОЛОС ІЗ ЗАЛУ. Ні, ні, на повторне друге читання…
      1 vocal	shouting	ГОЛОС ІЗ ЗАЛУ. Ні!
      1 vocal	shouting	ГОЛОС ІЗ ЗАЛУ. Ні
      1 vocal	shouting	ГОЛОС ІЗ ЗАЛУ.(Не чути)
      1 vocal	shouting	ГОЛОС ІЗ ЗАЛУ. Нет, реплика отдельно.
      1 vocal	shouting	ГОЛОС ІЗ ЗАЛУ. …не працює, що ти…
      1 vocal	shouting	ГОЛОС ІЗ ЗАЛУ. Не правда…
      1 vocal	shouting	ГОЛОС ІЗ ЗАЛУ. Не можна.
      1 vocal	shouting	ГОЛОС ІЗ ЗАЛУ. Немає запитань.
      1 vocal	shouting	ГОЛОС ІЗ ЗАЛУ. ...немає, в Регламенті немає....
      1 vocal	shouting	ГОЛОС ІЗ ЗАЛУ. Немає в залі.
      1 vocal	shouting	ГОЛОС ІЗ ЗАЛУ. Нема.
      1 vocal	shouting	ГОЛОС ІЗ ЗАЛУ. Не Ленський, а Логвинський.
      1 vocal	shouting	ГОЛОС ІЗ ЗАЛУ. Не встигли.
      1 vocal	shouting	ГОЛОС ІЗ ЗАЛУ. Не встиг!
      1 vocal	shouting	ГОЛОС ІЗ ЗАЛУ. Не вашими, а нашими.
      1 vocal	shouting	ГОЛОС ІЗ ЗАЛУ. На сьогодні.
      1 vocal	shouting	ГОЛОС ІЗ ЗАЛУ. Наполягаю.
      1 vocal	shouting	ГОЛОС ІЗ ЗАЛУ. На повторне друге читання.
      1 vocal	shouting	ГОЛОС ІЗ ЗАЛУ. На підтвердження!
      1 vocal	shouting	ГОЛОС ІЗ ЗАЛУ. На коліна, сволоч! На коліна!
      1 vocal	shouting	ГОЛОС ІЗ ЗАЛУ. На коли?
      1 vocal	shouting	ГОЛОС ІЗ ЗАЛУ. Надя, Надя, говори, Надя.
      1 vocal	shouting	ГОЛОС ІЗ ЗАЛУ. На друге читання по скороченій процедурі.
      1 vocal	shouting	ГОЛОС ІЗ ЗАЛУ. На доопрацювання! На доопрацювання!
      1 vocal	shouting	ГОЛОС ІЗ ЗАЛУ. На Донеччині.
      1 vocal	shouting	ГОЛОС ІЗ ЗАЛУ. На депутатах, на депутатах.
      1 vocal	shouting	ГОЛОС ІЗ ЗАЛУ. Наголосіть, який це закон, щоб вся країна знала.
      1 vocal	shouting	ГОЛОС ІЗ ЗАЛУ. На вимогу двох фракцій об'явіть, будь ласка, перерву.
      1 vocal	shouting	ГОЛОС ІЗ ЗАЛУ. Можно я побачу вашу поправку?
      1 vocal	shouting	ГОЛОС ІЗ ЗАЛУ. Можно на подтверждение 56-ю поставить? Вы ее не говорили.
      1 vocal	shouting	ГОЛОС ІЗ ЗАЛУ. Можна ще раз?
      1 vocal	shouting	ГОЛОС ІЗ ЗАЛУ. Можна запитання?
      1 vocal	shouting	ГОЛОС ІЗ ЗАЛУ. Можемо.
      1 vocal	shouting	ГОЛОС ІЗ ЗАЛУ. Мікрофон включіть, будь ласка.
      1 vocal	shouting	ГОЛОС ІЗ ЗАЛУ. Ми не бачили і цього.
      1 vocal	shouting	ГОЛОС ІЗ ЗАЛУ. ……Ми маємо право виступити.
      1 vocal	shouting	ГОЛОС ІЗ ЗАЛУ. Микрофон дайте, пожалуйста. Спасибо. Спасибо.
      1 vocal	shouting	ГОЛОС ІЗ ЗАЛУ. Ми її не голосували...
      1 vocal	shouting	ГОЛОС ІЗ ЗАЛУ. Ми домовлялися.
      1 vocal	shouting	ГОЛОС ІЗ ЗАЛУ. Матвієнков знайшовся!
      1 vocal	shouting	ГОЛОС ІЗ ЗАЛУ. Мартовицький!
      1 vocal	shouting	ГОЛОС ІЗ ЗАЛУ. Кучер.
      1 vocal	shouting	ГОЛОС ІЗ ЗАЛУ. Куди? На яке голосування?
      1 vocal	shouting	ГОЛОС ІЗ ЗАЛУ. Кто их привел!?
      1 vocal	shouting	ГОЛОС ІЗ ЗАЛУ. ...Конституцію! Це положення Конституції!
      1 vocal	shouting	ГОЛОС ІЗ ЗАЛУ. Коллеги! Владимир Борисович, включите микрофон, пожалуйста.
      1 vocal	shouting	ГОЛОС ІЗ ЗАЛУ. Коли заступник міністра приходить у нетверезому стані у парламент, я думаю, що це питання в першу чергу треба зараз обговорювати. Якщо можна, підійдіть, поруч станьте зараз зі мною, Володимире Васильовичу.
      1 vocal	shouting	ГОЛОС ІЗ ЗАЛУ. Кого цікавить твоя думка? Менше слів, нас цікавить твоя думка…
      1 vocal	shouting	ГОЛОС ІЗ ЗАЛУ. …кого цікавить твоя думка, зрадник, сядь на місце! Твоє місце в тюрмі.
      1 vocal	shouting	ГОЛОС ІЗ ЗАЛУ. Князевич.
      1 vocal	shouting	ГОЛОС ІЗ ЗАЛУ. Кнопкодави! Кнопкодави! Кнопкодави!
      1 vocal	shouting	ГОЛОС ІЗ ЗАЛУ. Його немає в порядку денному!
      1 vocal	shouting	ГОЛОС ІЗ ЗАЛУ. Його немає в залі.
      1 vocal	shouting	ГОЛОС ІЗ ЗАЛУ. Його немає.
      1 vocal	shouting	ГОЛОС ІЗ ЗАЛУ. Його нема.
      1 vocal	shouting	ГОЛОС ІЗ ЗАЛУ. І ще 7164-1.
      1 vocal	shouting	ГОЛОС ІЗ ЗАЛУ. І шахтарям, і лякарям…..
      1 vocal	shouting	ГОЛОС ІЗ ЗАЛУ. І уряду! І уряду!
      1 vocal	shouting	ГОЛОС ІЗ ЗАЛУ. І рішенням комітету.
      1 vocal	shouting	ГОЛОС ІЗ ЗАЛУ. І Полтавську область, і окремо ще Полтавську і місто Полтава...
      1 vocal	shouting	ГОЛОС ІЗ ЗАЛУ. Із зауваженнями юридичного управління.
      1 vocal	shouting	ГОЛОС ІЗ ЗАЛУ. І завтра не працюємо.
      1 vocal	shouting	ГОЛОС ІЗ ЗАЛУ. І в комітетах.
      1 vocal	shouting	ГОЛОС ІЗ ЗАЛУ. Ирина, некорректно, когда в зале никого нет.
      1 vocal	shouting	ГОЛОС ІЗ ЗАЛУ. З якого віку?
      1 vocal	shouting	ГОЛОС ІЗ ЗАЛУ. З процедури голосування.
      1 vocal	shouting	ГОЛОС ІЗ ЗАЛУ. З правкою комітету.
      1 vocal	shouting	ГОЛОС ІЗ ЗАЛУ. Зняти його…
      1 vocal	shouting	ГОЛОС ІЗ ЗАЛУ. Знімаємо.
      1 vocal	shouting	ГОЛОС ІЗ ЗАЛУ. З мотивів.
      1 vocal	shouting	ГОЛОС ІЗ ЗАЛУ. Зеленої, да?
      1 vocal	shouting	ГОЛОС ІЗ ЗАЛУ. …згідно Регламенту це не є, як би, зловживання з боку…
      1 vocal	shouting	ГОЛОС ІЗ ЗАЛУ. За що?
      1 vocal	shouting	ГОЛОС ІЗ ЗАЛУ. За что, скажите, за что?
      1 vocal	shouting	ГОЛОС ІЗ ЗАЛУ. За скороченою…
      1 vocal	shouting	ГОЛОС ІЗ ЗАЛУ. За основу, так?
      1 vocal	shouting	ГОЛОС ІЗ ЗАЛУ. За основу і в цілому!
      1 vocal	shouting	ГОЛОС ІЗ ЗАЛУ. Закройте сессию…
      1 vocal	shouting	ГОЛОС ІЗ ЗАЛУ. Закриваємо засідання і все.
      1 vocal	shouting	ГОЛОС ІЗ ЗАЛУ. Закон ……. Жвании не голосуется.
      1 vocal	shouting	ГОЛОС ІЗ ЗАЛУ. За кого он будет голосовать?
      1 vocal	shouting	ГОЛОС ІЗ ЗАЛУ. За. Голосуємо "за"!
      1 vocal	shouting	ГОЛОС ІЗ ЗАЛУ. "За" голосуємо!
      1 vocal	shouting	ГОЛОС ІЗ ЗАЛУ. З 91-го року.
      1 vocal	shouting	ГОЛОС ІЗ ЗАЛУ. Є пропозиція ці закони ……. по одному поставити. …….. не пакетом, а по одному. Багато хто за пакет …….
      1 vocal	shouting	ГОЛОС ІЗ ЗАЛУ. Є пропозиція змінити закони математики.
      1 vocal	shouting	ГОЛОС ІЗ ЗАЛУ. Є наше право на перерву, ми замість перерви просимо виступити.
      1 vocal	shouting	ГОЛОС ІЗ ЗАЛУ. Є заперечення.
      1 vocal	shouting	ГОЛОС ІЗ ЗАЛУ. Євтушок, 24-а.
      1 vocal	shouting	ГОЛОС ІЗ ЗАЛУ. Є відео! Є відео! Пан Сухий проголосував за Богуслаєва! Ставте на переголосування!
      1 vocal	shouting	ГОЛОС ІЗ ЗАЛУ. Є.
      1 vocal	shouting	ГОЛОС ІЗ ЗАЛУ. Є!
      1 vocal	shouting	ГОЛОС ІЗ ЗАЛУ. "Економічний розвиток"!
      1 vocal	shouting	ГОЛОС ІЗ ЗАЛУ. Доходи державного бюджету по плану на 2014 рік складали 377,7 мільярди.
      1 vocal	shouting	ГОЛОС ІЗ ЗАЛУ. До пяти утра!
      1 vocal	shouting	ГОЛОС ІЗ ЗАЛУ. …доповідати українською мовою.
      1 vocal	shouting	ГОЛОС ІЗ ЗАЛУ. Домовлялися на чотири, уже шостий…
      1 vocal	shouting	ГОЛОС ІЗ ЗАЛУ. Долженков!
      1 vocal	shouting	ГОЛОС ІЗ ЗАЛУ. Додаткова таблиця!
      1 vocal	shouting	ГОЛОС ІЗ ЗАЛУ. Дивіться, якщо хтось наполягає на доповіді, ставте на голосування…
      1 vocal	shouting	ГОЛОС ІЗ ЗАЛУ. Дивіться, порушення Регламенту.
      1 vocal	shouting	ГОЛОС ІЗ ЗАЛУ. Де люди? Де коаліція?
      1 vocal	shouting	ГОЛОС ІЗ ЗАЛУ. Де керівництво Верховної Ради?
      1 vocal	shouting	ГОЛОС ІЗ ЗАЛУ. Де Голова Нацбанку?
      1 vocal	shouting	ГОЛОС ІЗ ЗАЛУ. Де голова?
      1 vocal	shouting	ГОЛОС ІЗ ЗАЛУ. Де БПП?
      1 vocal	shouting	ГОЛОС ІЗ ЗАЛУ. Да, поставте 31-у! Підтримаємо – підтримаємо. Ставимо 32-у. Підтримаємо – підтримаємо. А потім шукаємо компроміс якийсь.
      1 vocal	shouting	ГОЛОС ІЗ ЗАЛУ. Данилюк.
      1 vocal	shouting	ГОЛОС ІЗ ЗАЛУ. Дайте слово.
      1 vocal	shouting	ГОЛОС ІЗ ЗАЛУ. Дайте репліку!
      1 vocal	shouting	ГОЛОС ІЗ ЗАЛУ. Дайте відповідь, хай скаже.
      1 vocal	shouting	ГОЛОС ІЗ ЗАЛУ. Дайте Вадатурському закінчити.
      1 vocal	shouting	ГОЛОС ІЗ ЗАЛУ. Да, да, да.
      1 vocal	shouting	ГОЛОС ІЗ ЗАЛУ. Давай ще один раз попробуємо!
      1 vocal	shouting	ГОЛОС ІЗ ЗАЛУ. Давайте ще раз закон Горбунова. Дайте виступити… Нічого страшного, будемо вести дискусію.
      1 vocal	shouting	ГОЛОС ІЗ ЗАЛУ. Давайте сюди просто доєднаємо…
      1 vocal	shouting	ГОЛОС ІЗ ЗАЛУ. Давайте переголосовувати.
      1 vocal	shouting	ГОЛОС ІЗ ЗАЛУ. Давайте в цілому...
      1 vocal	shouting	ГОЛОС ІЗ ЗАЛУ. Давайте в цілому.
      1 vocal	shouting	ГОЛОС ІЗ ЗАЛУ. Господа – в России!
      1 vocal	shouting	ГОЛОС ІЗ ЗАЛУ. Голосуємо зразу!
      1 vocal	shouting	ГОЛОС ІЗ ЗАЛУ. Голосуємо "за"!
      1 vocal	shouting	ГОЛОС ІЗ ЗАЛУ. Голосуєм!
      1 vocal	shouting	ГОЛОС ІЗ ЗАЛУ. Голосувати.
      1 vocal	shouting	ГОЛОС ІЗ ЗАЛУ. Голосували за всі законопроекти, що ти брешеш? Що ти брешеш?
      1 vocal	shouting	ГОЛОС ІЗ ЗАЛУ. Голосніше.
      1 vocal	shouting	ГОЛОС ІЗ ЗАЛУ. Гладковський.
      1 vocal	shouting	ГОЛОС ІЗ ЗАЛУ. Героям Слава!
      1 vocal	shouting	ГОЛОС ІЗ ЗАЛУ. Геніально.
      1 vocal	shouting	ГОЛОС ІЗ ЗАЛУ. Генерального прокурора...
      1 vocal	shouting	ГОЛОС ІЗ ЗАЛУ. В цілому! В цілому!
      1 vocal	shouting	ГОЛОС ІЗ ЗАЛУ. Всі!
      1 vocal	shouting	ГОЛОС ІЗ ЗАЛУ. Все працює.
      1 vocal	shouting	ГОЛОС ІЗ ЗАЛУ. Все, не зривайте сесію, хлопці. Все, продовжуємо, хлопці.
      1 vocal	shouting	ГОЛОС ІЗ ЗАЛУ. Все.
      1 vocal	shouting	ГОЛОС ІЗ ЗАЛУ. Враховано.
      1 vocal	shouting	ГОЛОС ІЗ ЗАЛУ. Володимире Борисовичу, давайте голосувати ще раз цей Закон про топографічні назви. Це ганьба! Це російська агентура. Хлопці! Підходьте сюди!
      1 vocal	shouting	ГОЛОС ІЗ ЗАЛУ. Володимир Васильович! Володимир Васильович!
      1 vocal	shouting	ГОЛОС ІЗ ЗАЛУ. Володимир Васильович!
      1 vocal	shouting	ГОЛОС ІЗ ЗАЛУ. "Волі народу" немає…
      1 vocal	shouting	ГОЛОС ІЗ ЗАЛУ. В мене картка не спрацювала.
      1 vocal	shouting	ГОЛОС ІЗ ЗАЛУ. Включіть мікрофон!
      1 vocal	shouting	ГОЛОС ІЗ ЗАЛУ. Він не наполягає.
      1 vocal	shouting	ГОЛОС ІЗ ЗАЛУ. Від фракції...
      1 vocal	shouting	ГОЛОС ІЗ ЗАЛУ. Відмініть завтра "година Уряду". Відмініть.
      1 vocal	shouting	ГОЛОС ІЗ ЗАЛУ. …відіграються на аграріях. Просто з понеділка опустять рівно на… І не важно, чи фермер, чи великий, чи малий…
      1 vocal	shouting	ГОЛОС ІЗ ЗАЛУ. Відбору тепла!
      1 vocal	shouting	ГОЛОС ІЗ ЗАЛУ. Ви попутали! Олег.
      1 vocal	shouting	ГОЛОС ІЗ ЗАЛУ. Вимагаємо переголосування по Генеральному прокурору. Два випадки кнопкодавства. "Економічний розвиток", Гєллєр – за Пресмана, Біловол – за Шипка голосували. Далі голосування тут не буде, тільки за Генерального прокурора. Проголосували – далі рухаємося.
      1 vocal	shouting	ГОЛОС ІЗ ЗАЛУ. Ви головуючий – оголошуйте перерву.
      1 vocal	shouting	ГОЛОС ІЗ ЗАЛУ. Ви – агенти Кремля! Про правих радикалів розказуєте?!
      1 vocal	shouting	ГОЛОС ІЗ ЗАЛУ. Ввести надзвичайний стан.
      1 vocal	shouting	ГОЛОС ІЗ ЗАЛУ. Бюджет, давайте бюджет зразу.
      1 vocal	shouting	ГОЛОС ІЗ ЗАЛУ. Було! Було!
      1 vocal	shouting	ГОЛОС ІЗ ЗАЛУ. Буде!
      1 vocal	shouting	ГОЛОС ІЗ ЗАЛУ. Браво!
      1 vocal	shouting	ГОЛОС ІЗ ЗАЛУ. Бєлькова.
      1 vocal	shouting	ГОЛОС ІЗ ЗАЛУ. Без поправок міністерства.
      1 vocal	shouting	ГОЛОС ІЗ ЗАЛУ. Без обговорення.
      1 vocal	shouting	ГОЛОС ІЗ ЗАЛУ. Без "Додатку номер 2". Без додатку.
      1 vocal	shouting	ГОЛОС ІЗ ЗАЛУ. Без додатку. Без "Додатку номер 2".
      1 vocal	shouting	ГОЛОС ІЗ ЗАЛУ. Без Азарова немає сенсу проводити….
      1 vocal	shouting	ГОЛОС ІЗ ЗАЛУ. А якщо не встигнемо?
      1 vocal	shouting	ГОЛОС ІЗ ЗАЛУ. А що вони порушують?
      1 vocal	shouting	ГОЛОС ІЗ ЗАЛУ. А ще чий?
      1 vocal	shouting	ГОЛОС ІЗ ЗАЛУ. А чому?
      1 vocal	shouting	ГОЛОС ІЗ ЗАЛУ. А хто…
      1 vocal	shouting	ГОЛОС ІЗ ЗАЛУ. А справа в тому, що там редакція статті…
      1 vocal	shouting	ГОЛОС ІЗ ЗАЛУ. А скільки депутатів в залі? Де Партія регіонів?
      1 vocal	shouting	ГОЛОС ІЗ ЗАЛУ. А "Свобода"?!
      1 vocal	shouting	ГОЛОС ІЗ ЗАЛУ. А реєстрація?
      1 vocal	shouting	ГОЛОС ІЗ ЗАЛУ. А Рахункова палата?
      1 vocal	shouting	ГОЛОС ІЗ ЗАЛУ. А ратифікації?
      1 vocal	shouting	ГОЛОС ІЗ ЗАЛУ. А профспілки де? Тоді треба…
      1 vocal	shouting	ГОЛОС ІЗ ЗАЛУ. А по транспорту?
      1 vocal	shouting	ГОЛОС ІЗ ЗАЛУ. А поправку – на підтвердження.
      1 vocal	shouting	ГОЛОС ІЗ ЗАЛУ. А першому читанні.
      1 vocal	shouting	ГОЛОС ІЗ ЗАЛУ. Андрій Володимирович!
      1 vocal	shouting	ГОЛОС ІЗ ЗАЛУ. А літом – тим більше.
      1 vocal	shouting	ГОЛОС ІЗ ЗАЛУ. Александр Валентинович, я прошу…
      1 vocal	shouting	ГОЛОС ІЗ ЗАЛУ. А деякі фракції не підтримують.
      1 vocal	shouting	ГОЛОС ІЗ ЗАЛУ. А де Лавринович?
      1 vocal	shouting	ГОЛОС ІЗ ЗАЛУ. Автору.
      1 vocal	shouting	ГОЛОС ІЗ ЗАЛУ. Автори!
      1 vocal	shouting	ГОЛОС ІЗ ЗАЛУ. Автор законопроекту пропонує по скороченій!
      1 vocal	shouting	ГОЛОС ІЗ ЗАЛУ. Автора нема.
      1 vocal	shouting	ГОЛОС ІЗ ЗАЛУ. А ви мені не кажіть, а кажіть те, що треба казати. Кажіть про районні ради в місті Києві.
      1 vocal	shouting	ГОЛОС ІЗ ЗАЛУ. А 7-у?
      1 vocal	shouting	ГОЛОС ІЗ ЗАЛУ. 9476.
      1 vocal	shouting	ГОЛОС ІЗ ЗАЛУ. 86.
      1 vocal	shouting	ГОЛОС ІЗ ЗАЛУ. 85-у на підтвердження.
      1 vocal	shouting	ГОЛОС ІЗ ЗАЛУ. 73.
      1 vocal	shouting	ГОЛОС ІЗ ЗАЛУ. 60-а.
      1 vocal	shouting	ГОЛОС ІЗ ЗАЛУ. …5 хвилин на доповідь!
      1 vocal	shouting	ГОЛОС ІЗ ЗАЛУ. 46-а, Шкрум. Редакційно.
      1 vocal	shouting	ГОЛОС ІЗ ЗАЛУ. 43-я.
      1 vocal	shouting	ГОЛОС ІЗ ЗАЛУ. 4297-а.
      1 vocal	shouting	ГОЛОС ІЗ ЗАЛУ. 356
      1 vocal	shouting	ГОЛОС ІЗ ЗАЛУ. 310-а.
      1 vocal	shouting	ГОЛОС ІЗ ЗАЛУ. 28-а, 29-а?
      1 vocal	shouting	ГОЛОС ІЗ ЗАЛУ. 268!
      1 vocal	shouting	ГОЛОС ІЗ ЗАЛУ. 24-а.
      1 vocal	shouting	ГОЛОС ІЗ ЗАЛУ. 243, один утримався – Чечетов.
      1 vocal	shouting	ГОЛОС ІЗ ЗАЛУ. 229 і 1 проти…
      1 vocal	shouting	ГОЛОС ІЗ ЗАЛУ. 19-а.
      1 vocal	shouting	ГОЛОС ІЗ ЗАЛУ. 1831– не було рішення комітету.
      1 vocal	shouting	ГОЛОС ІЗ ЗАЛУ. 137-а.
      1 vocal	shouting	ГОЛОС ІЗ ЗАЛУ. 105-а.
      1 vocal	shouting	ГОЛОСИ ІЗ ЗАЛУ. Юлі волю! Юлі волю! Юлі волю! Юлі волю! Юлі волю! Юлі волю!
      1 vocal	shouting	ГОЛОСИ ІЗ ЗАЛУ. Ще раз, ще раз.
      1 vocal	shouting	ГОЛОСИ ІЗ ЗАЛУ. Фашисти! Фашисти! Фашисти!
      1 vocal	shouting	ГОЛОСИ ІЗ ЗАЛУ. Фашисти! Фашисти!
      1 vocal	shouting	ГОЛОСИ ІЗ ЗАЛУ. Фашисти!
      1 vocal	shouting	ГОЛОСИ ІЗ ЗАЛУ. Ура!
      1 vocal	shouting	ГОЛОСИ ІЗ ЗАЛУ. У нас немає. Немає.
      1 vocal	shouting	ГОЛОСИ ІЗ ЗАЛУ. Українська! Українська1
      1 vocal	shouting	ГОЛОСИ ІЗ ЗАЛУ. Українська! Українська!...
      1 vocal	shouting	ГОЛОСИ ІЗ ЗАЛУ. Україні - волю! Юлі - волю!
      1 vocal	shouting	ГОЛОСИ ІЗ ЗАЛУ. Тушка! Тушка! Тушка!
      1 vocal	shouting	ГОЛОСИ ІЗ ЗАЛУ. ТСК, ТСК!
      1 vocal	shouting	ГОЛОСИ ІЗ ЗАЛУ. ТСК!
      1 vocal	shouting	ГОЛОСИ ІЗ ЗАЛУ. Так!
      1 vocal	shouting	ГОЛОСИ ІЗ ЗАЛУ. Спільна.
      1 vocal	shouting	ГОЛОСИ ІЗ ЗАЛУ. Славімо його!
      1 vocal	shouting	ГОЛОСИ ІЗ ЗАЛУ. Слава Україні! Героям слава! Слава Україні! Героям слава! Слава Україні! Героям слава!
      1 vocal	shouting	ГОЛОСИ ІЗ ЗАЛУ. Слава Україні! Героям Слава! Слава Україні! Героям Слава!
      1 vocal	shouting	ГОЛОСИ ІЗ ЗАЛУ. Росія, вставай! Росія, вставай!
      1 vocal	shouting	ГОЛОСИ ІЗ ЗАЛУ. Референдум! Референдум!
      1 vocal	shouting	ГОЛОСИ ІЗ ЗАЛУ. Репліку!
      1 vocal	shouting	ГОЛОСИ ІЗ ЗАЛУ. Революція!
      1 vocal	shouting	ГОЛОСИ ІЗ ЗАЛУ. Просимо! Просимо! Просимо!
      1 vocal	shouting	ГОЛОСИ ІЗ ЗАЛУ. Присягаю!
      1 vocal	shouting	ГОЛОСИ ІЗ ЗАЛУ. Приймається.
      1 vocal	shouting	ГОЛОСИ ІЗ ЗАЛУ. Працювати! Працювати! Працювати!
      1 vocal	shouting	ГОЛОСИ ІЗ ЗАЛУ. По одному.
      1 vocal	shouting	ГОЛОСИ ІЗ ЗАЛУ. Повна процедура, питання мають бути. Не порушуйте Регламент. Не порушуйте Регламент.
      1 vocal	shouting	ГОЛОСИ ІЗ ЗАЛУ. Підтримуємо.
      1 vocal	shouting	ГОЛОСИ ІЗ ЗАЛУ. Перерва. Перерва. Перерва.
      1 vocal	shouting	ГОЛОСИ ІЗ ЗАЛУ. Перерва! Перерва!
      1 vocal	shouting	ГОЛОСИ ІЗ ЗАЛУ. Перерва.
      1 vocal	shouting	ГОЛОСИ ІЗ ЗАЛУ. Папієву!
      1 vocal	shouting	ГОЛОСИ ІЗ ЗАЛУ. Оголосіть.
      1 vocal	shouting	ГОЛОСИ ІЗ ЗАЛУ. Ні, ні…
      1 vocal	shouting	ГОЛОСИ ІЗ ЗАЛУ. Ні. Голосуємо. Голосуємо.
      1 vocal	shouting	ГОЛОСИ ІЗ ЗАЛУ. Ні. Голосуємо!
      1 vocal	shouting	ГОЛОСИ ІЗ ЗАЛУ. (Не чути)
      1 vocal	shouting	ГОЛОСИ ІЗ ЗАЛУ. Не маєте права!
      1 vocal	shouting	ГОЛОСИ ІЗ ЗАЛУ. Нема.
      1 vocal	shouting	ГОЛОСИ ІЗ ЗАЛУ. Не встигли.
      1 vocal	shouting	ГОЛОСИ ІЗ ЗАЛУ. Наполягає!
      1 vocal	shouting	ГОЛОСИ ІЗ ЗАЛУ. На 30, на 30 хвилин.
      1 vocal	shouting	ГОЛОСИ ІЗ ЗАЛУ. Молодець, молодець!
      1 vocal	shouting	ГОЛОСИ ІЗ ЗАЛУ. Можемо!
      1 vocal	shouting	ГОЛОСИ ІЗ ЗАЛУ. Лукашенко!
      1 vocal	shouting	ГОЛОСИ ІЗ ЗАЛУ. Леонов.
      1 vocal	shouting	ГОЛОСИ ІЗ ЗАЛУ. Кривий Ріг, Кривий Ріг!
      1 vocal	shouting	ГОЛОСИ ІЗ ЗАЛУ. Кнопкодави! Кнопкодави!
      1 vocal	shouting	ГОЛОСИ ІЗ ЗАЛУ. Київ! Київ! Київ!
      1 vocal	shouting	ГОЛОСИ ІЗ ЗАЛУ. Каву геть!
      1 vocal	shouting	ГОЛОСИ ІЗ ЗАЛУ. І в цілому, і в цілому! За основу і в цілому!
      1 vocal	shouting	ГОЛОСИ ІЗ ЗАЛУ. Зупиніть порушення Регламенту! Зупиніть порушення Регламенту!
      1 vocal	shouting	ГОЛОСИ ІЗ ЗАЛУ. За основу! За! За!
      1 vocal	shouting	ГОЛОСИ ІЗ ЗАЛУ. Закриття! Закриття!
      1 vocal	shouting	ГОЛОСИ ІЗ ЗАЛУ. Закрити, закрити засідання. Закрити засідання.
      1 vocal	shouting	ГОЛОСИ ІЗ ЗАЛУ. Є, є.
      1 vocal	shouting	ГОЛОСИ ІЗ ЗАЛУ. Дніпро. Дніпро.
      1 vocal	shouting	ГОЛОСИ ІЗ ЗАЛУ. Державною мовою, будь ласка.
      1 vocal	shouting	ГОЛОСИ ІЗ ЗАЛУ. Да. Так. Так.
      1 vocal	shouting	ГОЛОСИ ІЗ ЗАЛУ. Да! Так!
      1 vocal	shouting	ГОЛОСИ ІЗ ЗАЛУ. Дай Боже! Дай Боже!
      1 vocal	shouting	ГОЛОСИ ІЗ ЗАЛУ. Да. Да.
      1 vocal	shouting	ГОЛОСИ ІЗ ЗАЛУ. Да! Да!...
      1 vocal	shouting	ГОЛОСИ ІЗ ЗАЛУ.Да-да.
      1 vocal	shouting	ГОЛОСИ ІЗ ЗАЛУ. Да…
      1 vocal	shouting	ГОЛОСИ ІЗ ЗАЛУ. Да!!
      1 vocal	shouting	ГОЛОСИ ІЗ ЗАЛУ. Голосуймо.
      1 vocal	shouting	ГОЛОСИ ІЗ ЗАЛУ. Голосуємо!
      1 vocal	shouting	ГОЛОСИ ІЗ ЗАЛУ. Голосуєм!
      1 vocal	shouting	ГОЛОСИ ІЗ ЗАЛУ. Героям Слава !
      1 vocal	shouting	ГОЛОСИ ІЗ ЗАЛУ. Героям слава! (
      1 vocal	shouting	ГОЛОСИ ІЗ ЗАЛУ. Ганьба! Ганьба! Ганьба! Відставка! Відставка! Відставка!
      1 vocal	shouting	ГОЛОСИ ІЗ ЗАЛУ. Ганьба! Ганьба! Ганьба! …
      1 vocal	shouting	ГОЛОСИ ІЗ ЗАЛУ. Ганьба! Ганьба! ганьба!
      1 vocal	shouting	ГОЛОСИ ІЗ ЗАЛУ. Ганьба, ганьба, ганьба…
      1 vocal	shouting	ГОЛОСИ ІЗ ЗАЛУ. Ганьба!Ганьба!..
      1 vocal	shouting	ГОЛОСИ ІЗ ЗАЛУ. Ганьба! Ганьба
      1 vocal	shouting	ГОЛОСИ ІЗ ЗАЛУ. В цілому, в цілому, в цілому...
      1 vocal	shouting	ГОЛОСИ ІЗ ЗАЛУ. В целом.
      1 vocal	shouting	ГОЛОСИ ІЗ ЗАЛУ. Воістину Воскрес!
      1 vocal	shouting	ГОЛОСИ ІЗ ЗАЛУ. В комітети.
      1 vocal	shouting	ГОЛОСИ ІЗ ЗАЛУ. Відхилити, відхилити рішення.
      1 vocal	shouting	ГОЛОСИ ІЗ ЗАЛУ. Вбивці! Вбивці! Вбивці!
      1 vocal	shouting	ГОЛОСИ ІЗ ЗАЛУ. Без.
      1 vocal	shouting	ГОЛОСИ ІЗ ЗАЛУ. Банду геть! Банду геть! Банду геть! …
      1 vocal	shouting	ГОЛОСИ ІЗ ЗАЛУ. Банду геть! Банду геть!
      1 vocal	shouting	ГОЛОСИ ІЗ ЗАЛУ. 40 мільйонів…
      1 vocal	shouting	ГОЛОСИ ІЗ ЗАЛУ. 2 тисячі!
      1 vocal	shouting	ГОЛОСИ З ЗАЛУ. Голосуємо.
      1 vocal	shouting	ГОЛОС З ЗАЛУ. На голосування.
      1 vocal	noise	(Шум у залі. Вигуки: Да!)
      1 vocal	noise	(Шум у залі),
      1 vocal	noise	(шум у залі)…
      1 vocal	noise	(шум у залі) …
      1 vocal	noise	(шум у залі) ...
      1 vocal	noise	Шум в залі
      1 vocal	exclamat	(Вигуки: Слава Україні! Героям слава!)
      1 kinesic	applause	(Шум у зал) (Оплески)
      1 kinesic	applause	(Шум у залі)(Оплески)
      1 kinesic	applause	(Сміх у залі) (Оплески)
      1 kinesic	applause	(Оплески)(Шум у залі)
      1 kinesic	applause	(Оплески) У
      1 kinesic	applause	(Оплески, вигуки "молодці").
      1 kinesic	applause	(оплески), а
      1 kinesic	applause	(Оплески.).
      1 kinesic	applause	(Оплески.)
      1 kinesic	applause	(Оплески.
      1 kinesic	applause	(Оплески) .
      1 kinesic	applause	((Оплески)
      1 kinesic	applause	! (Оплески)
      1 kinesic	applause	(оплески) …
      1 kinesic	applause	(оплески
      1 kinesic	applause	(Лунає "Молитва за Україну" М.В.Лисенка) (Оплески)
      1 kinesic	applause	(Лунає Державний Гімн України) (Оплески)
      1 kinesic	applause	(Вигуки: Героям слава! Оплески)
      1 incident	action	(Хвилина Мовчання)
      1 incident	action	(У виконанні народних депутатів України лунає Державний Гімн України)
      1 incident	action	Лунає Державний Гімн України)
      1 incident	action	Лунає Державний Гімн України
      1 incident	action	(Лунає Державний Гімн України).
      1 incident	action	(Лунає Державний гімн України)
      1 incident	action	(Лунає державний гімн Республіки Польща)
      1 incident	action	(Лунає Державний Гімн)
      1 incident	action	(Лунає Гімн України).
      1 incident	action	(Лунає Гімн Державний Гімн України)
      1 gap	inaudible	(Не Чути)
