   8079 <note>(Шум у залі)</note>
   5183 <note>(Оплески)</note>
   1547 <note>Веде засідання Перший заступник Голови Верховної Ради України</note>
   1279 <note>Веде засідання Голова Верховної Ради України ПАРУБІЙ А.В.</note>
   1124 <note>Веде засідання Голова Верховної Ради України РАЗУМКОВ Д.О.</note>
    793 <note>СТЕФАНЧУК Р.О.</note>
    745 <note>Сесійний зал Верховної Ради України</note>
    562 <note>(Після перерви)</note>
    519 <note>(Не чути)</note>
    455 <note>ГЕРАЩЕНКО І.В.</note>
    353 <note>Веде засідання заступник Голови Верховної Ради України</note>
    322 <note>Веде засідання Перший заступник Голови Верховної Ради України ГЕРАЩЕНКО І.В.</note>
    317 <note>(Шум в залі)</note>
    282 <note>Зал засідань Верховної Ради України</note>
    253 <note>(Хвилина мовчання)</note>
    253 <note>ПІСЛЯ ПЕРЕРВИ</note>
    224 <note>Веде засідання Голова Верховної Ради України В.Б.ГРОЙСМАН</note>
    172 <note>СИРОЇД О.І.</note>
    165 <note>Веде засідання Голова Верховної Ради України СТЕФАНЧУК Р.О.</note>
    162 <note>А.В.ПАРУБІЙ</note>
    135 <note>КОНДРАТЮК О.К.</note>
    120 <note>Веде засідання заступник Голови Верховної Ради України СИРОЇД О.І.</note>
    120 <note>Веде засідання Голова Верховної Ради України В.В.РИБАК</note>
     97 <note>(Лунає Державний Гімн України)</note>
     95 <note>Веде засідання Голова Верховної Ради України ГРОЙСМАН В.Б.</note>
     80 <note>Веде засідання Перший заступник Голови Верховної Ради України СТЕФАНЧУК Р.О.</note>
     78 <note>(Оплески).</note>
     78 <note>Веде засідання Голова Верховної Ради України О.В.ТУРЧИНОВ</note>
     74 <note>КОРНІЄНКО О.С.</note>
     71 <note>Оплески</note>
     59 <note>ПОЗАЧЕРГОВЕ ЗАСІДАННЯ</note>
     58 <note>Шум у залі)</note>
     58 <note>ПАРУБІЙ А.В.</note>
     48 <note>Сесійна зала Верховної Ради України</note>
     45 <note>(оплески)</note>
     43 <note>ЗАСІДАННЯ ВОСЬМЕ</note>
     38 <note>(Шум у залі).</note>
     33 <note>Веде засідання Перший заступник Голови Верховної Ради України І.Г.КАЛЄТНІК</note>
     32 <note>(Трансляція відеозапису)</note>
     30 <note>ЗАСІДАННЯ ПЕРШЕ</note>
     29 <note>(продовження)</note>
     28 <note>(Не чути).</note>
     26 <note>(Із залу)</note>
     25 <note>Р.В.КОШУЛИНСЬКИЙ</note>
     24 <note>Оплески)</note>
     22 <note>ЗАСІДАННЯ ДРУГЕ</note>
     22 <note>Веде засідання Перший заступник Голови Верховної Ради України КОРНІЄНКО О.С.</note>
     21 <note>О.І.СИРОЇД</note>
     21 <note>ЗАСІДАННЯ ЧЕТВЕРТЕ</note>
     21 <note>ЗАСІДАННЯ ТРЕТЄ</note>
     21 <note>Веде засідання Перший заступник Голови Верховної Ради України А.В.ПАРУБІЙ</note>
     20 <note>ЗАСІДАННЯ ШОСТЕ</note>
     19 <note>(оплески),</note>
     19 <note>ЗАСІДАННЯ СЬОМЕ</note>
     19 <note>ЗАСІДАННЯ П'ЯТЕ</note>
     19 <note>Веде засідання Перший заступник Голови Верховної Ради України ПАРУБІЙ А.В.</note>
     19 <note>Веде засідання Голова Верховної Ради України РАЗУМКОВ Д.О</note>
     18 <note>ЗАСІДАННЯ ШІСТНАДЦЯТЕ</note>
     18 <note>ЗАСІДАННЯ ЧОТИРНАДЦЯТЕ</note>
     18 <note>ЗАСІДАННЯ ТРИНАДЦЯТЕ</note>
     18 <note>ЗАСІДАННЯ ОДИНАДЦЯТЕ</note>
     18 <note>ЗАСІДАННЯ ДЕСЯТЕ</note>
     18 <note>ЗАСІДАННЯ ДЕВ'ЯТЕ</note>
     18 <note>ЗАСІДАННЯ ДВАНАДЦЯТЕ</note>
     17 <note>ЗАСІДАННЯ СІМНАДЦЯТЕ</note>
     17 <note>ЗАСІДАННЯ П'ЯТНАДЦЯТЕ</note>
     17 <note>ЗАСІДАННЯ ДВАДЦЯТЬ ШОСТЕ</note>
     17 <note>ЗАСІДАННЯ ДВАДЦЯТЬ ТРЕТЄ</note>
     17 <note>ЗАСІДАННЯ ДВАДЦЯТЬ СЬОМЕ</note>
     17 <note>ЗАСІДАННЯ ДВАДЦЯТЬ ПЕРШЕ</note>
     17 <note>ЗАСІДАННЯ ДВАДЦЯТЬ ДРУГЕ</note>
     17 <note>ЗАСІДАННЯ ДВАДЦЯТЬ ВОСЬМЕ</note>
     17 <note>ЗАСІДАННЯ ДВАДЦЯТЕ</note>
     17 <note>ЗАСІДАННЯ ВІСІМНАДЦЯТЕ</note>
     16 <note>ЗАСІДАННЯ ТРИДЦЯТЬ ШОСТЕ</note>
     16 <note>ЗАСІДАННЯ ТРИДЦЯТЬ ЧЕТВЕРТЕ</note>
     16 <note>ЗАСІДАННЯ ТРИДЦЯТЬ ТРЕТЄ</note>
     16 <note>ЗАСІДАННЯ ТРИДЦЯТЬ П'ЯТЕ</note>
     16 <note>ЗАСІДАННЯ ТРИДЦЯТЬ ПЕРШЕ</note>
     16 <note>ЗАСІДАННЯ ТРИДЦЯТЬ ДРУГЕ</note>
     16 <note>ЗАСІДАННЯ ТРИДЦЯТЕ</note>
     16 <note>ЗАСІДАННЯ ДЕВ'ЯТНАДЦЯТЕ</note>
     16 <note>ЗАСІДАННЯ ДВАДЦЯТЬ ЧЕТВЕРТЕ</note>
     16 <note>ЗАСІДАННЯ ДВАДЦЯТЬ П'ЯТЕ</note>
     14 <note>ЗАСІДАННЯ ТРИДЦЯТЬ СЬОМЕ</note>
     14 <note>ЗАСІДАННЯ СОРОК ТРЕТЄ</note>
     14 <note>ЗАСІДАННЯ СОРОК ПЕРШЕ</note>
     14 <note>ЗАСІДАННЯ СОРОКОВЕ</note>
     14 <note>ЗАСІДАННЯ ДВАДЦЯТЬ ДЕВ'ЯТЕ</note>
     13 <note>(шум у залі)</note>
     13 <note>(не чути)</note>
     13 <note>ЗАСІДАННЯ ТРИДЦЯТЬ ДЕВ'ЯТЕ</note>
     13 <note>ЗАСІДАННЯ ТРИДЦЯТЬ ВОСЬМЕ</note>
     13 <note>ЗАСІДАННЯ СОРОК ДРУГЕ</note>
     12 <note>УРОЧИСТЕ ЗАСІДАННЯ</note>
     12 <note>(Перегляд відеоматеріалу)</note>
     12 <note>ЗАСІДАННЯ СОРОК ШОСТЕ</note>
     12 <note>ЗАСІДАННЯ СОРОК ЧЕТВЕРТЕ</note>
     11 <note>(Оплески),</note>
     11 <note>ЗАСІДАННЯ СОРОК СЬОМЕ</note>
     11 <note>ЗАСІДАННЯ СОРОК П'ЯТЕ</note>
     11 <note>ЗАСІДАННЯ СОРОК ВОСЬМЕ</note>
     10 <note>ЗАСІДАННЯ П'ЯТДЕСЯТ ПЕРШЕ</note>
      9 <note>(Шум у залі) (Оплески)</note>
      9 <note>ЗАСІДАННЯ П'ЯТДЕСЯТЕ</note>
      9 <note>(Загальна дискусія)</note>
      9 <note>(Виступ іноземною мовою)</note>
      8 <note>Шум у залі</note>
      8 <note>ЗАСІДАННЯ СОРОК ДЕВ'ЯТЕ</note>
      8 <note>ЗАСІДАННЯ П'ЯТДЕСЯТ ТРЕТЄ</note>
      8 <note>ЗАСІДАННЯ П'ЯТДЕСЯТ ДРУГЕ</note>
      8 <note>Веде засідання заступник Голови Верховної Ради України КОНДРАТЮК О.К.</note>
      8 <note>(Бурхливі оплески)</note>
      7 <note>ЗАСІДАННЯ П'ЯТДЕСЯТ ШОСТЕ</note>
      7 <note>ЗАСІДАННЯ П'ЯТДЕСЯТ ЧЕТВЕРТЕ</note>
      7 <note>ЗАСІДАННЯ П'ЯТДЕСЯТ СЬОМЕ</note>
      7 <note>ЗАСІДАННЯ П'ЯТДЕСЯТ ВОСЬМЕ</note>
      6 <note>(Шум у залі) …</note>
      6 <note>ПОЗАЧЕРГОВА СЕСІЯ</note>
      6 <note>(Перегляд відеозапису)</note>
      6 <note>(Оплески) (Шум у залі)</note>
      6 <note>ЗАСІДАННЯ ШІСТДЕСЯТ ЧЕТВЕРТЕ</note>
      6 <note>ЗАСІДАННЯ ШІСТДЕСЯТ ТРЕТЄ</note>
      6 <note>ЗАСІДАННЯ ШІСТДЕСЯТ П'ЯТЕ</note>
      6 <note>ЗАСІДАННЯ ШІСТДЕСЯТ ПЕРШЕ</note>
      6 <note>ЗАСІДАННЯ ШІСТДЕСЯТЕ</note>
      6 <note>ЗАСІДАННЯ ШІСТДЕСЯТ ДРУГЕ</note>
      6 <note>ЗАСІДАННЯ П'ЯТДЕСЯТ П'ЯТЕ</note>
      6 <note>ЗАСІДАННЯ П'ЯТДЕСЯТ ДЕВ'ЯТЕ</note>
      6 <note>Засідання веде Перший заступник Голови Верховної Ради України ПАРУБІЙ А.В.</note>
      6 <note>Веде засідання заступник Голови Верховної Ради України Р.В.КОШУЛИНСЬКИЙ</note>
      6 <note>Веде засідання Голова Верховної Ради України ПАРУБІЙ А.В</note>
      6 <note>Веде засідання Голова Верховної Ради України В.М.ЛИТВИН</note>
      5 <note>(Шум у залі, оплески)</note>
      5 <note>(Лунає Гімн України)</note>
      5 <note>ЗАСІДАННЯ ШІСТДЕСЯТ ШОСТЕ</note>
      5 <note>ЗАСІДАННЯ ШІСТДЕСЯТ СЬОМЕ</note>
      5 <note>ЗАСІДАННЯ СЬОМЕ (продовження)</note>
      5 <note>(Вислів кримськотатарською мовою)</note>
      5 <note>(Вислів іноземною мовою)</note>
      4 <note>(Шум у залі)…</note>
      4 <note>(Оплески);</note>
      4 <note>(Лунає пісня)</note>
      4 <note>ЗАСІДАННЯ ШІСТДЕСЯТ ДЕВ'ЯТЕ</note>
      4 <note>ЗАСІДАННЯ ШІСТДЕСЯТ ВОСЬМЕ</note>
      4 <note>Засідання веде ТУРЧИНОВ О.В.</note>
      4 <note>Засідання веде КОШУЛИНСЬКИЙ Р.В.</note>
      4 <note>Засідання веде Голова Верховної Ради України ГРОЙСМАН В.Б.</note>
      4 <note>Веде засідання Перший заступник Голови Верховної Ради України А.І.МАРТИНЮК</note>
      3 <note>ПОЗАЧЕРГОВЕ ПЛЕНАРНЕ ЗАСІДАННЯ</note>
      3 <note>(Оплески, шум у залі)</note>
      3 <note>Оплески).</note>
      3 <note>(О п л е с к и)</note>
      3 <note>(оплески).</note>
      3 <note>ЗАСІДАННЯ СОРОК ДЕВ’ЯТЕ</note>
      3 <note>ЗАСІДАННЯ СІМДЕСЯТ ПЕРШЕ</note>
      3 <note>ЗАСІДАННЯ СІМДЕСЯТЕ</note>
      3 <note>ЗАСІДАННЯ СІМДЕСЯТ ДРУГЕ</note>
      3 <note>Засідання веде ПАРУБІЙ А.В.</note>
      3 <note>(Вислів польською мовою)</note>
      3 <note>(вислів іноземною мовою)</note>
      3 <note>(Вигуки: "Героям слава!")</note>
      3 <note>Веде засідання заступник Голови Верховної Ради України О.І.СИРОЇД</note>
      3 <note>Веде засідання Голова Верховної Ради України ТУРЧИНОВ О.В.</note>
      2 <note>Шум у залі).</note>
      2 <note>… (Шум у залі)</note>
      2 <note>(Шуму залі)</note>
      2 <note>((Шум у залі)</note>
      2 <note>(Хвилина мовчання).</note>
      2 <note>(Трансляція аудіозапису)</note>
      2 <note>СТЕФАНЧУК Р.О</note>
      2 <note>(Сигнальне голосування)</note>
      2 <note>(Привітання кримськотатарською мовою)</note>
      2 <note>(Перегляд відеоролику)</note>
      2 <note>Перегляд відеозапису</note>
      2 <note>(Оплески</note>
      2 <note>(Оплески)…</note>
      2 <note>(Не чути, шум у залі)</note>
      2 <note>(Не чути</note>
      2 <note>(Лунає Національний кримськотатарський гімн)</note>
      2 <note>(Лунає Молитва за Україну)</note>
      2 <note>(Лунає Духовний гімн України "Молитва за Україну")</note>
      2 <note>І.Г.КАЛЄТНІК</note>
      2 <note>ЗАСІДАННЯ П’ЯТЕ</note>
      2 <note>ЗАСІДАННЯ П’ЯТДЕСЯТ ТРЕТЄ</note>
      2 <note>ЗАСІДАННЯ П’ЯТДЕСЯТ ДРУГЕ</note>
      2 <note>ЗАСІДАННЯ ДВАДЦЯТЬ ДЕВ’ЯТЕ</note>
      2 <note>Засідання веде Перший заступник Голови Верховної Ради України КАЛЄТНІК І.Г.</note>
      2 <note>Засідання веде КАЛЄТНІК І.Г.</note>
      2 <note>Засідання веде заступник Голови Верховної Ради України КОШУЛИНСЬКИЙ Р.В.</note>
      2 <note>Засідання веде Голова Верховної Ради України ТУРЧИНОВ О.В.</note>
      2 <note>(Закрита частина засідання)</note>
      2 <note>(Депутати співають Державний Гімн України)</note>
      2 <note>(говорить кримськотатарською мовою)</note>
      2 <note>(Говорить іноземною мовою)</note>
      2 <note>ГЕРАЩЕНКО І.В</note>
      2 <note>(Вислів угорською мовою)</note>
      2 <note>Веде засідання Перший заступник Голови Верховної Ради України А.В. ПАРУБІЙ</note>
      2 <note>Веде засідання О.С.ЄФРЕМОВ</note>
      2 <note>Веде засідання Заступник Голови Верховної Ради України О.І.СИРОЇД</note>
      2 <note>Веде засідання Голова Верховної Ради України РИБАК В.В.</note>
      2 <note>…</note>
      1 <note>(Шум у зал) (Оплески)</note>
      1 <note>(Шум у залі)(Оплески)</note>
      1 <note>(Шум у залі. Вигуки: Да!)</note>
      1 <note>(Шум узалі)</note>
      1 <note>(Шум у залі),</note>
      1 <note>(шум у залі)…</note>
      1 <note>(шум у залі) …</note>
      1 <note>(шум у залі) ...</note>
      1 <note>Шум у зал</note>
      1 <note>(Шум у заі)</note>
      1 <note>(Шум залі)</note>
      1 <note>Шум в залі</note>
      1 <note>(Читання народними депутатами та акторами документальної п'єси "Сім", що складається з інтерв'ю семи активісток, які борються за права жінок по всьому світу)</note>
      1 <note>(Хор виконує "Моливу за Україну")</note>
      1 <note>(Хвилина Мовчання)</note>
      1 <note>(Фраза іноземною мовою)</note>
      1 <note>фраза іноземною мовою)</note>
      1 <note>(фраза іноземною мовою)</note>
      1 <note>ФАРІОН І.Д.</note>
      1 <note>(У виконанні народних депутатів України лунає Державний Гімн України)</note>
      1 <note>(Трансляція історичних кадрів кінохроніки)</note>
      1 <note>(Трансляція відеоматеріалу)</note>
      1 <note>(Трансляція відеоматеріалів)</note>
      1 <note>(Трансляція відеозапису подій прийняття Конституції України)</note>
      1 <note>(Трансляція відеозапису:ЗАЛУЖНИЙ І.А. В этом году я мечтал отпраздновать праздник 9 Мая – День Великой Победы со своим внуком – лейтенантом Национальной гвардии, но он погиб в бою при защите своей Родины.Мой внук часто говорил, что я тоже буду защищать, так как мой дед защищал. Он не раз говорил: "Я готов отдать жизнь за свободу свой Украины").</note>
      1 <note>(Трансляція відеозапису).</note>
      1 <note>(Трансляція аудіозапису</note>
      1 <note>(трансляція аудіозапису)</note>
      1 <note>(Трансляціяаудізапису)</note>
      1 <note>(Сміх у залі) (Оплески)</note>
      1 <note>(Сміх у залі)</note>
      1 <note>(Слова кримськотатарською мовою)</note>
      1 <note>(синхронний переклад)</note>
      1 <note>(Реєстрація народних депутатів)</note>
      1 <note>Пряме включення з Європейського парламенту</note>
      1 <note>(Прослуховуванняаудіозапису)</note>
      1 <note>ПРОДОВЖЕННЯ ЗАСІДАННЯ</note>
      1 <note>присвячене вшануванню пам'яті жертв Голодомору</note>
      1 <note>присвячене 100-річчю проведення першого Курултаю кримськотатарського народу</note>
      1 <note>плески).</note>
      1 <note>плески),</note>
      1 <note>Після перерви)</note>
      1 <note>( Після перерви)</note>
      1 <note>(Після перерва)</note>
      1 <note>ПІСЛЯ ПЕРЕВИ</note>
      1 <note>ПІСЛІ ПЕРЕРВИ</note>
      1 <note>Переклад українською мовою</note>
      1 <note>(Перегляд відео-презентації Арсена Авакова)</note>
      1 <note>(Перегляд відео)</note>
      1 <note>(Перегляд видеоматеріалу)</note>
      1 <note>(Оплески)(Шум у залі)</note>
      1 <note>(Оплески) У</note>
      1 <note>(Оплески, вигуки "молодці").</note>
      1 <note>(оплески), а</note>
      1 <note>(Оплески.</note>
      1 <note>(Оплески.)</note>
      1 <note>(Оплески.).</note>
      1 <note>(Оплески) .</note>
      1 <note>((Оплески)</note>
      1 <note>! (Оплески)</note>
      1 <note>(оплески</note>
      1 <note>(оплески) …</note>
      1 <note>ОГОШЕННЯ ПІД ЧАС ПЕРЕРВИ</note>
      1 <note>ОГОЛОШЕННЯ ПІД ЧАС ПЕРЕРВИ</note>
      1 <note>о.</note>
      1 <note>(Не Чути)</note>
      1 <note>…(Не чути)</note>
      1 <note>…(Не чути).</note>
      1 <note>(Не чути.)</note>
      1 <note>(не чути)..</note>
      1 <note>Народні депутати зачитують текст Присяги</note>
      1 <note>(назва англійською мовою)</note>
      1 <note>(Мікрофон вимкнено)</note>
      1 <note>(мікрофон вимкнено)</note>
      1 <note>(Лунає різдвяна пісня)</note>
      1 <note>(Лунає пісня Вифлеємського вогню миру)</note>
      1 <note>(Лунає "Молитва за Україну" М.В.Лисенка) (Оплески)</note>
      1 <note>(Лунає "Молитва за Україну" М.В.Лисенка)</note>
      1 <note>(Лунає "Молитва за Україну")</note>
      1 <note>(Лунає марш)</note>
      1 <note>(Лунає духовний гімн "Молитва за Україну")</note>
      1 <note>(Лунає Державним Гімн України)</note>
      1 <note>(Лунає Державний Гімн України) (Оплески)</note>
      1 <note>Лунає Державний Гімн України</note>
      1 <note>Лунає Державний Гімн України)</note>
      1 <note>(Лунає Державний Гімн України).</note>
      1 <note>(Лунає Державний гімн України)</note>
      1 <note>(Лунає державний гімн Республіки Польща)</note>
      1 <note>(Лунає Державний Гімн)</note>
      1 <note>(Лунає Гімн України).</note>
      1 <note>(Лунає Гімн Державний Гімн України)</note>
      1 <note>Конференц-зал Верховної Ради України, вул.Банкова, 6-8</note>
      1 <note>(Іноземною мовою)</note>
      1 <note>(Іноземною мовою).</note>
      1 <note>(Із залу).</note>
      1 <note>(Іде відеопрезентація мультимедійної платформи іномовлення України)</note>
      1 <note>з нагоди 30-ї річниці прийняття Декларації про державний суверенітет України</note>
      1 <note>з нагоди 30-ї річниці прийняття Акта проголошення незалежності України</note>
      1 <note>з нагоди 25-ї річниці прийняття Конституції України</note>
      1 <note>(Звучить молитва "За Україну")</note>
      1 <note>(Звучить Гімн України)</note>
      1 <note>ЗАСІДАННЯ ТРИДЦЯТЬ ВОСЬМЕ –ТРИДЦЯТЬ ДЕВ'ЯТЕ</note>
      1 <note>ЗАСІДАННЯ СЬОМЕ (продовження)</note>
      1 <note>ЗАСІДАННЯ СОРОК П’ЯТЕ</note>
      1 <note>ЗАСІДАННЯ П’ЯТНАДЦЯТЕ</note>
      1 <note>ЗАСІДАННЯ П`ЯТНАДЦЯТЕ</note>
      1 <note>ЗАСІДАННЯ П'ЯТИДЕСЯТЕ</note>
      1 <note>ЗАСІДАННЯ П’ЯТДЕСЯТ ЧЕТВЕРТЕ</note>
      1 <note>ЗАСІДАННЯ П’ЯТДЕСЯТ П’ЯТЕ</note>
      1 <note>ЗАСІДАННЯ П’ЯТДЕСЯТ ПЕРШЕ</note>
      1 <note>ЗАСІДАННЯ П’ЯТДЕСЯТЕ</note>
      1 <note>ЗАСІДАННЯ ДРУГЕ (продовження)</note>
      1 <note>ЗАСІДАННЯ ДЕВ’ЯТНАДЦЯТЕ</note>
      1 <note>ЗАСІДАННЯ ДВАДЦЯТЬ П’ЯТЕ</note>
      1 <note>ЗАСІДАННЯ ДВАДЦАТЬ ЧЕТВЕРТЕ</note>
      1 <note>ЗАСІДАННЯ ВОСЬМЕ (продовження)</note>
      1 <note>Засідання веде СИРОЇД О.І</note>
      1 <note>Засідання веде СИРОЇД О.І.</note>
      1 <note>Засідання веде РИБАК В.В.</note>
      1 <note>Засідання веде Перший заступник Голови Верховної Ради України</note>
      1 <note>Засідання веде ГРОЙСМАН В.Б.</note>
      1 <note>Засідання веде Голова підготовчої депутатської групи В.Б.ГРОЙСМАН</note>
      1 <note>Засідання веде Голова Верховної Ради України В.Б.ГРОЙСМАН</note>
      1 <note>Засідання веде А.В.ПАРУБІЙ</note>
      1 <note>ЗАСІДАННЯ</note>
      1 <note>( Закрита частина засідання)</note>
      1 <note>(Депутати спі</note>
      1 <note>(Далі виступ іноземною мовою)</note>
      1 <note>(Далі вислів польською мовою)</note>
      1 <note>(Говорить іноземними мовами)</note>
      1 <note>відкрите парламентське засідання у формі громадських слухань з питань обговорення внесення змін до Конституції України</note>
      1 <note>(Виступ кримськотатарською мовою)</note>
      1 <note>Виступ іноземною мовою)</note>
      1 <note>Виступ іноземною мовою).</note>
      1 <note>(Виступ звучить румунською мовою)</note>
      1 <note>(Виступ білоруською мовою)</note>
      1 <note>(Виступ англійською мовою)</note>
      1 <note>(Вислів кримськотатарською мовою).</note>
      1 <note>(Вислів іноземною мовою).</note>
      1 <note>(Вислів білоруською мовою)</note>
      1 <note>(Вигуки: Слава Україні! Героям слава!)</note>
      1 <note>(Вигуки: Героям слава! Оплески)</note>
      1 <note>Верховної Ради України А.В.ПАРУБІЙ</note>
      1 <note>Веде засідання член Тимчасової президії першої сесії Верховної Ради України СТЕФАНЧУК Р.О.</note>
      1 <note>Веде засідання Перший заступник Голови Верховної Ради України І.Г.КАЛЄТНІК</note>
      1 <note>Веде засідання Перший заступник Голови Верховної Ради України І.Г. КАЛЄТНІК</note>
      1 <note>Веде засідання Перший заступник Голови Верховної ради України ГЕРАЩЕНКО І.В.</note>
      1 <note>Веде засідання Перший заступник Голови Верховної ради України А.В. ПАРУБІЙ А.В.</note>
      1 <note>Веде засідання Перший заступник Голови Верховної ради України</note>
      1 <note>Веде засідання Перший заступник Головиа Верховної Ради України А.В.ПАРУБІЙ</note>
      1 <note>Веде засідання Перший заступник Голови</note>
      1 <note>Веде засідання народний депутат України ГЕТМАНЦЕВ Д.О.</note>
      1 <note>Веде засідання Заступник Голови Верховної Ради України СИРОЇД О.І.</note>
      1 <note>Веде засідання Заступник Голови Верховної Ради України ГЕРАЩЕНКО І.В.</note>
      1 <note>Веде засідання Заступник Голови Верховної Ради України</note>
      1 <note>Веде засідання голова Підготовчої депутатської групи РАЗУМКОВ Д.О.</note>
      1 <note>Веде засідання Голова Підготовчої депутатської групи В.М.ЛИТВИН</note>
      1 <note>Веде засідання Голова підготовчої депутатської групи В.М.ЛИТВИН</note>
      1 <note>Веде засідання Голова Верховної Ради України СТЕФАНЧУК Р.О</note>
      1 <note>Веде засідання Голова Верховної Ради України КОРНІЄНКО О.С.</note>
      1 <note>Веде засідання Голова Верховної Ради України В.Б. ГРОЙСМАН</note>
      1 <note>Веде засідання Голова Верховної Ради України В.Б.ГРОЙСАН</note>
      1 <note>Веде засідання Голова Верховної Ради України</note>
      1 <note>В.Б.ГРОЙСМАН</note>
      1 <note>ають Гімн України)</note>
      1 <note>А.В. ПАРУБІЙ</note>
      1 <note>".</note>
      1 <note>(4570а)</note>
      1 <note>(4556а-1)</note>
      1 <note>1932-1933 років в Україні</note>
      1 <note>11липня 2018 року, 10 година</note>
