      9 ЯКИМЕНКО П.В.
      9 ШКУРАКОВ В.О.
      9 ХОДАКОВСЬКИЙ П.В.
      9 ФАБРИКАНТ С.С.
      9 ТИЩЕНКО М.М.
      9 ТАРАСОВ О.С.
      9 СТРІХА М.В.
      9 СТЕФАНЧУК М.О.
      9 СІКОРА О.М.
      9 СВИРИДЕНКО Ю.А.
      9 РУБЛЬОВ В.В.
      9 ПЕТРЕНКО О.М.
      9 НЕГУЛЕВСЬКИЙ І.П.
      9 НАЛЬОТОВ Д.О.
      9 НАГАЄВСЬКИЙ А.С.
      9 ЛЬОВОЧКІНА Ю.В.
      9 ЛУКАШУК О.Г.
      9 ЛАПУТІНА Ю.А.
      9 КРИКЛІЙ В.А.
      9 КРИВЕНКО В.В.
      9 КОВАЛЬ О.В.
      9 КИРИЛЕНКО П.В.
      9 КАПТЄЛОВ Р.В.
      9 ЗДЕБСЬКИЙ Ю.В.
      9 ДУДКА В.В.
      9 ДУБІНІН О.І.
      9 ДІДЕНКО І.М.
      9 ДЖИГИР Ю.А.
      9 ДАНІЛІН В.Ю.
      9 ГУБАР В.І.
      9 ГАНУЩАК Ю.І.
      9 ВРОНСЬКА Г.О.
      9 ВІТРЕНКО Ю.Ю.
      9 БЛАГОДИР Ю.А.
      9 БІЛОВОЛ О.М.
      9 БАЙДЮК Л.М.
     99 КЛИЧКО В.В.
     98 ПАВЛЕНКО Р.М.
     98 МАХНІЦЬКИЙ О.І.
     98 КОДОЛА О.М.
     98 БЕРЕЗА Ю.М.
     98 АРАХАМІЯ Д.Г.
     97 РОЗЕНБЛАТ Б.С.
    977 ІВЧЕНКО В.Є.
     96 УНГУРЯН П.Я.
     96 РЕВА А.О.
     96 МЕЛЬНИЧУК І.І.
     95 ЧИЖМАРЬ Ю.В.
     95 СЕМЕРАК О.М.
     95 МЕЛЬНИК С.І.
     95 ЛЯПІНА К.М.
    951 ТИМОШЕНКО Ю.В.
     94 БАКУМЕНКО О.Б.
     94 АЛЕКСЄЄВ І.С.
  94719 ГОЛОВУЮЧИЙ.
     91 СИЛАНТЬЄВ Д.О.
     91 РИБЧИНСЬКИЙ Є.Ю.
     90 КРЕМІНЬ Т.Д.
    906 СИДОРОВИЧ Р.М.
      8 ЯСЬКО Є.О.
      8 ЯРЕСЬКО Н.Я.
      8 ЧУРКІНА О.І.
      8 ХАЛІМОН П.В.
      8 ТАРАСЮК В.В.
      8 СУКМАНОВА О.В.
      8 СТОРОЖУК Д.А.
      8 СТАВНІЙЧУК М.І.
      8 СЕМІНСЬКИЙ О.В.
      8 САНЧЕНКО О.В.
      8 РЯБУХА Т.В.
      8 ПОРТНОВ А.В.
      8 ОСТАПЧУК В.М.
      8 ОМЕЛЬЧЕНКО В.П.
      8 МУЗИЧЕНКО В.В.
      8 МУЖЕНКО В.М.
      8 МАКАР’ЯН Д.Б.
      8 ЛОПАЧАК М.Р.
      8 КУЧЕР О.В.
      8 КУЛЕБА Д.І.
      8 КУЗЬМІНИХ С.В.
      8 КОСТЮХ А.В.
      8 КОЛЮХ В.В.
      8 КОВАЛЬ Д.М.
      8 ІЛЬЮК А.О.
      8 ДУБНОВ А.В.
      8 ДІДИЧ В.В.
      8 ГРИЦАК В.С.
      8 ГЛАДІЙ В.І.
      8 ГІНКА Я.Я.
      8 ВІНТОНЯК О.В.
      8 ВИСОЦЬКИЙ Т.М.
      8 ВАЦАК Г.А.
      8 ВАСИЛІВ І.В.
      8 БЛИЗНЮК А.М.
      8 БАБІЙ Ю.Ю.
     89 АГАФОНОВА Н.В.
     88 ІЩЕЙКІН К.Є.
     87 КОСТЕНКО Р.В.
     87 КАРПУНЦОВ В.В.
     84 ТУРЧИНОВ О.В.
     84 ЖУРЖІЙ А.В.
     84 ГОНЧАРУК О.В.
     83 ФРІС І.П.
     83 ЗАЛІЩУК С.П.
    838 ГРОЙСМАН В.Б.
     82 ЯНЧЕНКО Г.І.
     82 ЦИБЕНКО П.С.
     82 ВАСИЛЕВСЬКА-СМАГЛЮК О.М.
     81 ПІПА Н.Р.
     81 ЛУКАШЕВ О.А.
     81 ЛЕОНОВ Е.В.
     80 БОНДАРЄВ К.А.
      7 ШУГАЛО Р.В.
      7 ШВЕЦЬ С.Ф.
      7 ТИМОШЕНКО В.А.
      7 СТРІХАРСЬКИЙ А.П.
      7 СОХА Р.В.
      7 РЯБІКІН П.Б.
      7 РОМАНОВ М.І.
      7 РЄПІНА Е.А.
      7 ПІНЧУК А.П.
      7 ПІДБЕРЕЗНЯК В.І.
      7 ПАВЛЕНКО О.С.
      7 ОНУФРИК Б.С.
      7 ОГНЄВІЧ З.Л.
      7 НОВОХАТЬКО Л.М.
      7 МОРОЗЕНКО Є.В.
      7 ЛІТВІНОВ О.М.
      7 ЛІСОВЕНКО В.В.
      7 ЛИТВИНЕНКО С.А.
      7 ЛЕДОВСЬКИХ О.В.
      7 КУЧЕРУК М.Г.
      7 КУЗНЄЦОВ О.О.
      7 КРИВОРУЧКІНА О.В.
      7 КОНОНЕНКО І.В.
      7 КОЛОБОВ Ю.В.
      7 КОЖАРА Л.О.
      7 КОВАЛІВ Ю.І.
      7 КОБОЛЄВ А.В.
      7 ЗЕРКАЛЬ О.В.
      7 ДУНДА О.А.
      7 ДРАБОВСЬКИЙ А.Г.
      7 ДІДЕНКО Ю.О.
      7 ДЕМЕДЮК В.Х.
      7 ГУСЄВ Ю.В.
      7 ГРЕБА Р.В.
      7 ГОРЕНЮК О.О.
      7 ГОЛУБОВ Д.І.
      7 ВІТКО А.Л.
      7 БОНДАРЧУК І.В.
      7 АЛЕКСЄЄВ І.В.
      7 АВЕРЧЕНКО С.М.
     79 ТАРАСЮК Б.І.
     79 КІРАЛЬ С.І.
     79 КАЧНИЙ О.С.
     79 ВОРОПАЄВ Ю.М.
    796 КРУЛЬКО І.І.
     78 ЮЗЬКОВА Т.Л.
     78 РАДУЦЬКИЙ М.Б.
     78 БУЖАНСЬКИЙ М.А.
    785 КОЛТУНОВИЧ О.С.
     77 ЯРЕСЬКО Н.
     77 ЛІНЬКО Д.В.
     77 КУРИЛО В.С.
     77 КОВАЛЬЧУК О.В.
     77 ЗАБРОДСЬКИЙ М.В.
     77 ЄФРЕМОВ О.С.
     77 ДАНИЛЮК О.О.
     76 БОГОСЛОВСЬКА І.Г.
     75 ШВАЙКА І.О.
     75 ЧЕРВАКОВА О.В.
     75 САВРАСОВ М.В.
     74 ПИЛИПЕНКО В.П.
     74 ЛАБУНСЬКА А.В.
     73 КАТЕРИНЧУК М.Д.
     73 ВОЛИНЕЦЬ М.Я.
     73 БУГЛАК Ю.О.
    734 КУЖЕЛЬ О.В.
     72 ШПЕНОВ Д.Ю.
     72 КІССЕ А.І.
     72 ДУБІЛЬ В.О.
     70 ПАВЛІШ П.В.
     70 МОХНИК А.В.
     70 ГОРДІЄНКО С.В.
     70 ГОНТАРЕВА В.О.
      6 ШИНКАРЕНКО І.А.
      6 СОЛОМЧУК Д.В.
      6 САЛАМАХА О.І.
      6 САВЧЕНКО О.С.
      6 РОМЕНСЬКИЙ Д.В.
      6 ПРОХОРЕНКО О.В.
      6 ПОЛІЩУК О.М.
      6 ПІСЛЯ ПЕРЕРВИ
      6 МАТУСЕВИЧ О.Б.
      6 МАСЕЛКО Р.А.
      6 МАРЧЕНКО Л.І.
      6 МАНДЗІЙ С.В.
      6 МАЛИШЕВ В.С.
      6 МАКЕДОН Ю.М.
      6 МАЙКО В.А.
      6 ЛІЧМАН Г.В.
      6 ЛАПА В.І.
      6 КУЛЕБА М.М.
      6 КРАСОВ О.І.
      6 КОЛІСНИК А.С.
      6 КОЛЕСНІКОВ Б.В.
      6 КОЛГАНОВА О.В.
      6 КОЗУБ О.А.
      6 КОЗАК В.В.
      6 КІВАЛОВ С.В.
      6 КАРАНДЄЄВ Р.В.
      6 ІСАЄНКО Д.В.
      6 ІВАХІВ С.П.
      6 ЖУРАВЛЬОВ Д.В.
      6 ДРАП’ЯТИЙ Б.Є.
      6 ДИРІВ А.Б.
      6 ДЕНИСЕНКО А.П.
      6 ГОРОХОВ С.О.
      6 ГЕВКО А.Є.
      6 ГАЛАЙЧУК В.С.
      6 ВАЩЕНКО К.О.
      6 БУНІН С.В.
      6 БОДНАР-ПЕТРОВСЬКА О.Б.
      6 БОГАТИРЬОВА Р.В.
      6 БІЛЕЦЬКИЙ А.Є.
      6 АЛЛАХВЕРДІЄВА І.В.
     69 ПАРАСЮК В.З.
     69 ПАВЛОВСЬКИЙ А.М.
     69 МОМОТ О.І.
     68 ОСУХОВСЬКИЙ О.І.
    681 ГАЛАСЮК В.В.
     67 САБІЙ І.М.
     67 ПОТУРАЄВ М.Р.
     67 ВАСЮНИК І.В.
     67 БОНДАРЕНКО В.Д.
     66 СИНЮТКА О.М.
     66 МОСКАЛЕНКО Я.М.
     66 МАРУСЯК О.Р.
     66 КУЗЬМУК О.І.
     66 ЗАРУЖКО В.Л.
     66 ДОВГИЙ О.С.
     65 МАТВІЄНКО А.С.
     65 КОСТІН А.Є.
     65 ДОНІЙ О.С.
    654 КАПЛІН С.М.
    652 КОРОЛЕВСЬКА Н.Ю.
     64 САС С.В.
     64 ПІНЧУК М.Г.
     64 МОВЧАН О.В.
     64 КРИШИН О.Ю.
    641 ДОЛЖЕНКОВ О.В.
    640 БУРБАК М.Ю.
     63 ДЕХТЯРЧУК О.В.
     63 БЕЗГІН В.Ю.
    636 ГЕРАСИМОВ А.В.
    635 ЯЦЕНЮК А.П.
     62 ТРУХІН О.М.
     62 МИХАЛЬЧИШИН Ю.А.
     62 КАЛЬЦЕВ В.Ф.
     61 ВЕСЕЛОВА Н.В.
     61 БІЛОЗІР О.В.
     61 БЕЗУГЛА М.В.
    612 ПАПІЄВ М.М.
    610 ЛУЦЕНКО Ю.В.
     60 ШЛАПАК О.В.
     60 ЧОРНОВОЛ Т.М.
     60 ФАРІОН І.Д.
     60 ТЕРЬОХІН С.А.
     60 СИРОТЮК Ю.М.
     60 ЛЕРОС Г.Б.
     60 ГАЛУЩЕНКО Г.В.
     60 АВАКОВ А.Б.
    600 ГОЛОВУЮЧА.
      5 ЯРЕСЬКО Н.І.
      5 ЯРЕСЬКО Н.Е.
      5 ШИМКІВ Д.А.
      5 ЧЕЧОТКІН М.О.
      5 ЧЕХ С.М.
      5 ЦИБА Т.В.
      5 ФАЄРМАРК С.О.
      5 ТАЛЬКО В.В.
      5 СІРИЙ М.І.
      5 СЕРВАТЮК В.М.
      5 СЕМЧУК Г.М.
      5 СВІТЛИЧНА Ю.О.
      5 ПРОСКУРЯКОВ О.А.
      5 ПРЕСМАН О.С.
      5 ПОПОВИЧ І.М.
      5 ПЛАЧКОВ Г.І.
      5 ПАНАІОТІДІ С.М.
      5 ПАЗИНЯК В.С.
      5 ПАВЛОВСЬКИЙ І.В.
      5 НІКІТІНА М.В.
      5 МОРОЗ М.В.
      5 МОВЧАН М.П.
      5 МИЛОВАНОВ Т.С.
      5 ЛОЗОВИЙ А.С.
      5 ЛЕБЕДЄВ П.В.
      5 КУНИЦЬКИЙ О.О.
      5 КУЛЬТЕНКО А.В.
      5 КРЕНТОВСЬКА О.П.
      5 КРАВЧУК Л.М.
      5 КЛИМЕНКО І.В.
      5 КІСЄЛЬ Ю.Г.
      5 ЗУБ В.О.
      5 ЗАСТАВНИЙ Р.Й.
      5 ЄДАКОВ Я.Ю.
      5 ДУБОВИК В.Б.
      5 ДУБНЕВИЧ Б.В.
      5 ДУБЛЯН О.В.
      5 ДОРОХОВ А.М.
      5 ДМИТРЕНКО О.М.
      5 ДЕМЧЕНКО Р.М.
      5 ДЕЙДЕЙ Є.С.
      5 ГОРІНА І.А.
      5 ГОЛОС ІЗ ЗАЛИ
      5 ГОЛОСИ ІЗ ЗАЛИ
      5 ГОЛОВКО В.А.
      5 ГЛУЩЕНКО С.В.
      5 ГЕРАСИМЧУК М.І.
      5 ГАЙДУ О.В.
      5 ВАТРАС В.А.
      5 ВАСИЛЬЄВ І.С.
      5 ВАСИЛЕНКО В.А.
      5 ВАНЗУРЯК Р.С.
      5 БУХОВЕЦЬ О.Ю.
      5 БОЛОТСЬКИХ М.В.
      5 БОГУЦЬКА Є.П.
      5 БОБКОВ О.М.
      5 БЛИЗНЮК М.Д.
      5 БІЛОУСОВ А.Л.
      5 БЕРЕЖНА І.Г.
      5 БАРВІНЕНКО В.Д.
      5 БАРАНОВ В.О.
      5 БАЛАНДІН С.В.
      5 БАБИЧ В.В.
      5 АРСЕНЮК О.О.
      5 АПОСТОЛ М.В.
     58 СЛАВИЦЬКА А.К.
     58 НОВАК Н.В.
     58 ЗАГОРУЙКО А.Л.
     58 ДЗЮБЛИК П.В.
    586 СОТНИК О.С.
     57 САМСІН І.Л.
     57 ЛОГВИНСЬКИЙ Г.В.
     57 КЛІМКІН П.А.
     57 АНТОНИЩАК А.Ф.
    575 ОДАРЧЕНКО Ю.В.
     56 ОЛІЙНИК В.М.
     55 ОПАНАЩЕНКО М.В.
     55 ЛАБА М.М.
     55 КІНАХ А.К.
    559 ШАХОВ С.В.
    556 ГОНЧАРЕНКО О.О.
     54 СОВГИРЯ О.В.
     54 ОМЕЛЯН В.В.
     54 МЕЗЕНЦЕВА М.С.
    544 КОЖЕМ’ЯКІН А.А.
    540 БАТЕНКО Т.І.
     53 ТКАЧЕНКО О.В.
     53 ЗУБАЧ Л.Л.
    539 ВІННИК І.Ю.
     52 ШВЕРК Г.А.
     52 ФЕДІЄНКО О.П.
     52 САВКА І.І.
     52 ЛЕСЮК Я.В.
     52 КОРЧИК В.А.
     52 ЗАБУРАННА Л.В.
     52 АРІСТОВ Ю.Ю.
    525 СЕМЕНУХА Р.С.
     51 СТАШУК В.Ф.
     51 ОПАНАСЕНКО О.В.
     51 МОТОВИЛОВЕЦЬ А.В.
     51 КАЦЕР-БУЧКОВСЬКА Н.В.
     51 БАБАК С.В.
     51 АМЕЛЬЧЕНКО В.В.
    519 ІВАНЧУК А.В.
    516 ШУРМА І.М.
    510 ПАРУБІЙ А.В.
     50 ШЕВЧЕНКО О.О.
      4 ШЕРЕМЕТА В.В.
      4 ШЕВЧЕНКО В.Л.
      4 ШАФРАНСЬКИЙ В.В.
      4 ЧЕРНИШОВ О.М.
      4 УЛЮТІН Д.В.
      4 ТРОФІМЦЕВА О.В.
      4 ТКАЧЕНКО О.М.
      4 ТЕРЕЩЕНКО А.В.
      4 ТЕНЮХ І.Й.
      4 ТЕМНИК Г.П.
      4 ТАБАЛОВ А.О.
      4 СУШКО О.В.
      4 СТРІЛЕЦЬ Р.О.
      4 СОЛЬВАР Р.М.
      4 СЕВРУК Ю.Г.
      4 САЛІЙЧУК О.В.
      4 САКВАРЕЛІДЗЕ Д.
      4 РОМАНЮК В.М.
      4 РАУПОВ Р.Б.
      4 ПРАСОЛОВ І.М.
      4 ПОПОВА Л.В.
      4 ПОЛОЧАНІНОВ В.Г.
      4 ПИСАРУК О.В.
      4 ПИЛИПИШИН В.П.
      4 ПЕРЕБИЙНІС М.В.
      4 ПАРФЕНЕНКО Д.М.
      4 ОСАУЛЕНКО Т.В.
      4 НОВІКОВА І.Ю.
      4 НАЙДЖЕЛ БРАУН
      4 МОРОЗ О.О.
      4 МЕЛЬНИК С.А.
      4 МЕДЯНИК В.Ю.
      4 МАТУЗКО О.О.
      4 МАТЕЙЧЕНКО К.В.
      4 МАРМАЗОВ Є.В.
      4 МАНДЗІЙ Л.С.
      4 МАГОМЕДОВ Р.С.
      4 ЛЯШЕНКО А.О.
      4 ЛУКАШ О.Л.
      4 ЛИС О.Г.
      4 ЛЕБЕДЦОВ Б.Б.
      4 КУРИКІН С.І.
      4 КУРЕНКОВ Є.С.
      4 КРЯЧКО М.В.
      4 КРЕЙДЕНКО В.В.
      4 КРАВЧУК В.П.
      4 КОРНЕЙКО О.В.
      4 КОРЖ П.П.
      4 КОПИЛЕНКО О.Л.
      4 КОЗИР С.В.
      4 КЛИМЕНКО О.В.
      4 КИЧУН В.І.
      4 КАСАЙ К.І.
      4 КАЛЬЧЕНКО В.М.
      4 ЗУБИК В.В.
      4 ЗАСУХА С.О.
      4 ЗАІЧКО О.В.
      4 ЖИВИЦЬКИЙ Д.О.
      4 ДОБКІН М.М.
      4 ДЖИГА М.В.
      4 ДАНІШЕВСЬКА В.І.
      4 ГУТЦАЙТ В.М.
      4 ГРИЦЕНКО О.В.
      4 ГОЦУЛ І.Є.
      4 ВОРОНЬКО О.Є.
      4 ВЛАСЕНКО Ю.М.
      4 БУЦА Ю.Б.
      4 БОЯРСЬКИЙ Ю.І.
      4 БОГОВСЛОВСЬКА І.Г.
      4 БЕРНАЦЬКА Н.І.
      4 БЕРЕЗІН М.Ю.
      4 АТРОШЕНКО В.А.
     49 КУЗБИТ Ю.М.
     49 ГРИНІВ І.О.
    495 ЦИМБАЛЮК М.М.
    489 СОБОЛЄВ Є.В.
    487 ЄВТУШОК С.М.
    481 ШКРУМ А.І.
    481 ПИНЗЕНИК В.М.
     47 ЮРЧИШИН П.В.
     47 СУСЛОВА І.М.
     47 САВЧУК О.В.
     47 МАРЧЕНКО О.О.
     47 ЛЮШНЯК М.В.
     47 ЛАВРИК О.В.
     47 ІЛИК Р.Р.
     47 ВОВК В.І.
     47 БУБЛИК Ю.В.
    477 ПАВЛЕНКО Ю.О.
    477 ОСТРІКОВА Т.Г.
    476 БЕРЕЗЮК О.Р.
     46 САЖКО С.М.
     46 ПАНЬКЕВИЧ О.І.
     46 ПАВЛОВ К.Ю.
     45 ЯЦИК Ю.Г.
     45 ЧОРНИЙ Д.С.
     45 РЕЗНІКОВ О.Ю.
     45 ПАЛАТНИЙ А.Л.
     45 КОЛЕСНІЧЕНКО В.В.
     45 КИСИЛЕВСЬКИЙ Д.Д.
     45 ЄЛЕНСЬКИЙ В.Є.
     45 БАХТЕЄВА Т.Д.
     45 АБРОМАВИЧУС А.
    458 РОЗЕНКО П.В.
     44 ТАРУТА С.О.
     44 МАРКЕВИЧ Я.В.
     44 КУЛІЧЕНКО І.І.
     44 ВАСИЛЕНКО Л.В.
     44 БАБЕНКО М.В.
     43 ФРОЛОВ П.В.
     43 САБАШУК П.П.
     43 РУДИК К.О.
     43 ПОПЕСКУ І.В.
     43 МАЗУРАШУ Г.Г.
     43 КУЧЕР М.І.
     43 ГІРШФЕЛЬД А.М.
    436 СЮМАР В.П.
    430 ГЕТМАНЦЕВ Д.О.
     42 ШУЛЯК О.О.
     42 РОМАНЮК Я.М.
     42 КУРЕННОЙ В.К.
     42 КІЛІНКАРОВ С.П.
     42 ЄФІМОВ М.В.
     42 ДУБІНСЬКИЙ О.А.
     42 ВАЩУК К.Т.
    426 ЖЕЛЕЗНЯК Я.І.
     41 ЧОРНОМОРОВ А.О.
     41 ЧОРНОВОЛЕНКО О.В.
     41 СТОЯН О.М.
     41 СЕХ І.І.
     41 ЛЯШКО В.К.
     41 КУПРІЙ В.М.
     41 ЗЕЛИК Р.Б.
     41 ДИРДІН М.Є.
     41 ВОЗНЮК Ю.В.
     41 БЕЗБАХ Я.Я.
    410 СОЛЬСЬКИЙ М.Т.
    410 МАМКА Г.М.
     40 МЯРКОВСЬКИЙ А.І.
     40 МЕРЕЖКО О.О.
    400 КУПРІЄНКО О.В.
      3 ЯРОВИЙ С.А.
      3 ЯВОРІВСЬКИЙ О.В.
      3 ШУЛЬМЕЙСТЕР В.Ю.
      3 ШОЛ М.В.
      3 ШЕВЧЕНКО І.А.
      3 ШЕВЧЕНКО В.В.
      3 ШАРОВ І.Ф.
      3 ЧУДНОВСЬКИЙ В.О.
      3 ЧЕРЕНКО О.М.
      3 ЦАРЕВИЧ О.І.
      3 ХОЦЯНІВСЬКА Н.В.
      3 ХОМЕНКО О.В.
      3 ФІЛАТОВ Б.А.
      3 ТУРЧИНОВ В.О.
      3 ТРИГУБЕНКО С.М.
      3 ТОПАЛОВ С.В.
      3 ТИМОФІЙЧУК В.Я.
      3 ТЕВЕЛЄВ Д.М.
      3 ТАХТАЙ О.В.
      3 СОРКІН І.В.
      3 СОЛЯР В.М.
      3 СОЛЬОНА Н.М.
      3 СЛІПАЧУК Т.В.
      3 СКУТЕЛЬНИК П.Ф.
      3 СКРИПКА Т.В.
      3 СКАРБОВІЙЧУК Р.В.
      3 СИДРОВИЧ Р.М.
      3 СЕННИЧЕНКО Д.В.
      3 СЕМЕНЮК А.О.
      3 САВЧЕНКО О.Ю.
      3 РЕВЕНКО А.Д.
      3 РАДУТНИЙ С.І.
      3 ПРИПУТЕНЬ Д.С.
      3 ПРИВАЛОВ О.В.
      3 ПЕТЬОВКА В.В.
      3 ПЕТРЕНКО П.П.
      3 ОХЕНДОВСЬКИЙ М.В.
      3 ОНИЩЕНКО О.Р.
      3 ОМЕЛЬЯНОВИЧ Д.С.
      3 ОДАРЧЕНКО А.М.
      3 НЕГОЙ Ф.Ф.
      3 НАЙЄМ М.І.
      3 НАЗАРЕНКО В.О.
      3 МУЩИНІН В.В.
      3 МЕЛЬНИЧУК Л.Ю.
      3 МАЙБОРОДА С.М.
      3 МАЗУР Л.М.
      3 ЛЕКАРЬ С.І.
      3 ЛАНДИК В.І.
      3 КОСТРІЙЧУК С.В.
      3 КОРНАЦЬКИЙ А.О.
      3 КОЗАЧЕНКО Л.П.
      3 КОВАЧ В.І.
      3 КНЯЗЄВ С.М.
      3 КИЗИМ М.О.
      3 ІЩЕНКО В.О.
      3 ЗАМЛИНСЬКИЙ Р.Т.
      3 ЗАЙЧУК В.О.
      3 ЗАГОРІЙ Г.В.
      3 ЖОЛНОВИЧ О.І.
      3 ЄДІН О.Й.
      3 ДМИТРУК Н.Ю.
      3 ДЄЄВА А.Є.
      3 ДЕЙЧ Б.Д.
      3 ГРИЩЕНКО Т.М.
      3 ГОНТАРЄВА В.О.
      3 ГЕЛЕТІЙ Ю.І.
      3 ВІЗІРОВ Б.Й.
      3 ВЕРЛАНОВ С.О.
      3 ВАСИЛЬЄВ Г.А.
      3 БУТКЕВИЧ В.Г.
      3 БУРАН О.М.
      3 БУЛАХ В.В.
      3 БРОВЧЕНКО Ю.П.
      3 БОНДАРЕНКО А.Є.
      3 БОЖКОВ О.В.
      3 БОБЛЯХ А.Р.
      3 БІЛИЙ О.П.
      3 БЕРЕЗКІН С.С.
      3 БАРАШ М.Я.
      3 БАЛОГА В.І.
      3 БАЗЮК С.М.
      3 АНТОНЮК Д.Ю.
     39 ХЛАНЬ С.В.
     39 СМІТЮХ Г.Є.
     39 РАДІНА А.О.
     39 МЕЛЬНИК Є.І.
     39 ЗЕЛЕНСЬКИЙ В.О.
     39 ЗАДОРОЖНІЙ М.М.
     39 ЗАВІТНЕВИЧ О.М.
     39 ГУЛЯЄВ В.О.
    399 КУБІВ С.І.
     38 ШЕВЧЕНКО А.В.
     38 РИЧКОВА Т.Б.
     38 НЕКЛЮДОВ В.М.
     38 НЕДАВА О.А.
     38 КОВАЛЬЧУК В.А.
     38 КОВАЛЬОВ О.І.
     38 КІТ А.Б.
     38 ГОРДЄЄВ А.А.
     38 ВАКАРЧУК С.І.
     38 БРАГАР Є.В.
    381 КУЛІНІЧ О.І.
     37 УМАНСЬКИЙ І.І.
     37 РОМАНЮК Р.С.
     37 ПОПОВ І.В.
     37 МИХАЙЛЮК Г.О.
     37 БОНДАРЕНКО О.В.
    376 ТОМЕНКО М.В.
    373 ШМИГАЛЬ Д.А.
     36 УРБАНСЬКИЙ А.І.
     36 ТІМІШ Г.І.
     36 СТОЙКО І.М.
     36 ПАВЛЮК М.В.
     36 МАРІКОВСЬКИЙ О.В.
     36 КАМЕЛЬЧУК Ю.О.
     35 ЧЕРНЕГА Р.Т.
     35 ПРИСТАЙКО В.В.
     35 НЕФЬОДОВ М.Є.
     35 КЛОЧКО А.А.
     35 ІОНУШАС С.К.
     35 ЖУПАНИН А.В.
     35 ГРИШИНА Ю.М.
     35 ВАДАТУРСЬКИЙ А.О.
    359 ЛИТВИН В.М.
    354 БАБАК А.В.
     34 ХМІЛЬ М.М.
     34 СИЧ О.М.
     34 САВЧЕНКО Н.В.
     34 ПУШКАРЕНКО А.М.
     34 НЕЧАЄВ О.І.
     34 МАТКІВСЬКИЙ Б.М.
     34 МАРТИНЕНКО М.В.
     34 ДОБРОДОМОВ Д.Є.
     34 БРЕНЗОВИЧ В.І.
    348 ПТАШНИК В.Ю.
    347 ПУЗІЙЧУК А.В.
    344 МОСІЙЧУК І.В.
    343 ІЛЛЄНКО А.Ю.
    342 БОНДАР М.Л.
    341 КИШКАР П.М.
     33 ЧИЙГОЗ А.З.
     33 ФЕДОРОВИЧ Н.В.
     33 ТІТАРЧУК М.І.
     33 СУХОВ О.С.
     33 СМОЛІЙ Я.В.
     33 СЛЮЗ Т.Я.
     33 РАБІНОВИЧ В.З.
     33 ПРИХОДЬКО Н.І.
     33 ПРИХОДЬКО Б.В.
     33 НАСІРОВ Р.М.
     33 ГОРБУНОВ О.В.
     33 БРИГИНЕЦЬ О.М.
     33 БОЖИК В.І.
     33 БЕРЕЗЕНКО С.І.
    338 СПОРИШ І.Д.
     32 УДОВИЧЕНКО О.С.
     32 СЕМЕНЧЕНКО С.І.
     32 СЕВРЮКОВ В.В.
     32 РЕКА А.О.
     32 НЕСТЕРЕНКО К.О.
     32 МІЩЕНКО А.М.
     32 ЄМЕЛЬЯНОВА І.І.
     32 ГРИНЕВЕЦЬКИЙ С.Р.
     32 БЕНЕДИСЮК І.М.
   3273 ЧЕРНЕНКО О.М.
    326 РЯБЧИН О.М.
    324 СТЕФАНЧУК Р.О.
     31 ЧЕРНЄВ Є.В.
     31 СУШКО П.М.
     31 НИЧИПОРЕНКО В.М.
     31 НЕМІЛОСТІВИЙ В.О.
     31 МАСЛОВ Д.В.
     31 ДРОЗДИК О.В.
     31 ВИСОЦЬКИЙ С.В.
    319 БОНДАР В.В.
    318 КРИВЕНКО В.М.
    317 МУСІЙ О.С.
    313 СОЛОВЕЙ Ю.І.
     30 ЯРИНІЧ К.В.
     30 РУСНАК І.С.
     30 ПЕТУХОВ С.І.
     30 НИЩУК Є.М.
     30 НЕМИРОВСЬКИЙ А.В.
     30 МАСОРІНА О.С.
     30 ДАНУЦА О.А.
     30 ГУЗИР В.П.
      2 ЯЦЕНЮК А.І.
      2 ЯРЕСЬКО Н.В.
      2 ЯРЕМА О.Й.
      2 ЯКОВЛЄВА Н.І.
      2 ЮХНОВСЬКИЙ І.Р.
      2 ЮРЧЕНКО А.С.
      2 ЮРАШ С.А.
      2 ШУХЕВИЧ Ю.
      2 ШУЛЬЦ М.
      2 ШИПАЙЛО О.І.
      2 ШИДЛОВСЬКИЙ В.Б.
      2 ШАПТАЛА Н.К.
      2 ШАЙТАН В.А.
      2 ЧУГУННІКОВ В.С.
      2 ЧЕРНИШОВ Д.В.
      2 ЧЕРНИХ С.П.
      2 ХРОМАЄВ Т.З.
      2 ХОМЧАК Р.Б.
      2 ХОБЗЕЙ П.К.
      2 ФУРСІН І.Г.
      2 ФУДАШКІН В.О.
      2 УСТИМЕНКО С.О.
      2 УРУСЬКИЙ О.С.
      2 УЛИДА В.Ю.
      2 ТРУБАРОВ В.М.
      2 ТРУБА Р.М.
      2 ТОМАШ ГРОДЗЬКИЙ
      2 СТЕЦЕНКО Д.О.
      2 СМАЧИЛО І.В.
      2 СКУРАТОВСЬКИЙ С.І.
      2 СКОРОХОД К.
      2 СІГАЛ Є.Я.
      2 СИДОРЧУК В.В.
      2 САМОЙЛИК К.С.
      2 САЛАДУХА О.В.
      2 САВЧУК С.Д.
      2 РУДЕНКО О.С.
      2 РОМАНОВА Н.А.
      2 РОГОВА В.Б.
      2 РИБАК С.О.
      2 РАТУШНЯК В.І.
      2 ПШЕНІЧКА П.Ф.
      2 ПОРШЕНКО П.О.
      2 ПОПОВА Т.В.
      2 ПОЛЯЧЕНКО Ю.В.
      2 ПОЛЯКОВ В.Л.
      2 ПОЛУЙКО В.Ю.
      2 ПОБОЧІХ М.О.
      2 ПЛУКАР В.В.
      2 ПЕТРУНЯК Є.В.
      2 ПАШКОВСЬКИЙ М.І.
      2 ОРЛОВСЬКИЙ О.С.
      2 НОВІКОВ М.М.
      2 НІКІФОРЕНКО В.С.
      2 НЕТЕЦЬКА О.А.
      2 НЕМЧІНОВ О.М.
      2 НЕМИРЯ Г.
      2 НАЙЄМ М.Я.
      2 МУРДІЙ І.Ю.
      2 МУРАЄВ Є.В.
      2 МОСІЙЧУК І.Р.
      2 МОЖАРОВСЬКИЙ В.М.
      2 МІРОШНІЧЕНКО Ю.Р.
      2 МІНЬКО С.А.
      2 МІЛОШ ВИСТРЧІЛ
      2 МИРОНЕНКО М.І.
      2 МИКИЧАК І.В.
      2 МЕРІКОВ В.І.
      2 МЕЙДИЧ О.Л.
      2 МЕДВЕДЧУК В.В.
      2 МАМАЛИГА А.В.
      2 ЛЮТІКОВА В.І.
      2 ЛУКЕРЯ І.М.
      2 ЛІЩИНА І.Ю.
      2 ЛІХОВИЙ І.Д.
      2 ЛІВІК О.П.
      2 ЛАРІН С.М.
      2 КУРДІНОВИЧ О.В.
      2 КУПЧАК В.Р.
      2 КУНЧЕНКО О.П.
      2 КУНАЄВ А.Ю.
      2 КУЗЬМІН Р.І.
      2 КУЗЬМИШИН В.М.
      2 КУДРЯВЦЕВ О.В.
      2 КУБІВ І.С.
      2 КСЕНЖУК О.С.
      2 КРУК Ю.Б.
      2 КРОТЮК В.М.
      2 КРИВЕЦЬКИЙ І.І.
      2 КОТВІЦЬКИЙ І.О.
      2 КОСЮГА В.І.
      2 КОРОЛЮК В.А.
      2 КОРЖ Р.А.
      2 КОМОРОВСЬКИЙ Б.
      2 КОМАРІДА О.О.
      2 КОЛІСНИК А.А.
      2 КОЗИРЄВ П.Г.
      2 КОЗАК Т.Р.
      2 КОЖЕМЯКІН А.А.
      2 КОВАЛЬОВА О.В.
      2 КНІЗЕВИЧ Р.П.
      2 КЛІМОВ Л.М.
      2 КАЛЮЖНИЙ В.А.
      2 КАЛЕТНИК Г.М.
      2 КАЛАУР І.Р.
      2 ІВАНЧВУК А.В.
      2 ІВАНОВ В.І.
      2 ІВАНКЕВИЧ В.І.
      2 ЗУЄВ М.С.
      2 ЗВЄРЄВ В.П.
      2 ЗАЯЦЬ А.І.
      2 ЗАСЛАВСЬКИЙ Ю.І.
      2 ЗАЛІЩУК С.В.
      2 ЗАДОРОЖНИЙ В.К.
      2 ЄНІН Є.В.
      2 ЄВСТІГНЄЄВ А.С.
      2 ЄВДОЧЕНКО Л.О.
      2 ДРОЗДОВА Л.М.
      2 ДРАГАНЧУК Ю.О.
      2 ДОЛЖЕНКО О.В.
      2 ДОЛГОВ І.О.
      2 ДІДЕНКО О.М.
      2 ДЖО БАЙДЕН
      2 ДЕМИДОВИЧ Д.В.
      2 ДАНІЛОВ В.Б.
      2 ДАВИМУКА С.А.
      2 ГУЛАК О.М.
      2 ГУЗЕНКО М.В.
      2 ГРУБА Г.І.
      2 ГРОЙСМАН В.Ю.
      2 ГРИВКО С.Д.
      2 ГОНЧАРОВ С.М.
      2 ГОЛОВУЧИЙ.
      2 ГОЛЕНКО В.М.
      2 ГІТАНАС НАУСЄДА
      2 ГЕРЖОВ Ю.І.
      2 ГЕРЕГА О.В.
      2 ГЕЛЕТЕЙ В.В.
      2 ГАРБАРУК І.М.
      2 ГАЛІБАРЕНКО Н.М.
      2 ВОРОНОВ В.А.
      2 ВОРОНА Д.М.
      2 ВОЙЦЕХІВСЬКИЙ В.О.
      2 ВОЙТОВИЧ Я.В.
      2 ВЕЛІКІН О.М.
      2 ВАКАРАШ В.М.
      2 БОЧКОВСЬКИЙ С.С.
      2 БОРДЮГ І.Л.
      2 БОЖОК Є.В.
      2 БОГАЧЕВ Р.М.
      2 БІСЮК І.Ю.
      2 БІДЕНКО А.І.
      2 БЕНДЮЖЕНКО Ф.В.
      2 БАУЛІН Ю.В.
      2 БАЛАН М.І.
      2 БАЙСАРОВ Л.В.
      2 БАБАК А.І.
      2 АРЖЕВІТІН С.М.
      2 АМЕЛІН А.І.
      2 АЛЕКСАНДРОВСЬКА А.О.
      2 АВАКЯН Т.А.
     29 ЧЕРНЯКОВ В.В.
     29 ФІЛАТОВ О.В.
     29 СУПРУН У.Н.
     29 ПАВЕЛКО А.В.
     29 ЛОПУШАНСЬКИЙ А.Я.
     29 ЛЕВЧЕНКО М.О.
     29 КРАСНОСІЛЬСЬКА А.О.
     29 КРАВЧУК Є.М.
     29 ДУНАЄВ С.В.
     29 ДЖЕМІЛЄВ М.
    299 РУДИК С.Я.
    294 ПРОДАН О.П.
    291 ЛУБІНЕЦЬ Д.В.
    290 КЛИМПУШ-ЦИНЦАДЗЕ І.О.
     28 ЯРЕМА В.Г.
     28 ШВАЧКО А.О.
     28 ФУРМАН О.Ю.
     28 СУГОНЯКО О.Л.
     28 МИХАЙЛЕНКО О.Д.
     28 МАЦОЛА Р.М.
     28 ЛУНЧЕНКО В.В.
     28 ЛАВРИНОВИЧ О.В.
     28 КВІТ С.М.
     28 БЕНЮК Б.М.
     28 АБДУЛЛІН О.Р.
    287 ПИСАРЕНКО В.В.
     27 ШАРАСЬКІН А.А.
     27 ПИШНИЙ А.Г.
     27 НОВИНСЬКИЙ В.В.
     27 МІРОШНІЧЕНКО І.В.
     27 МАКЕЄНКО В.В.
     27 КРИВОХАТЬКО В.В.
     27 КОСТЮК Д.С.
     27 ЗАХАРЧЕНКО В.Ю.
     27 ЗАБЛОЦЬКИЙ М.Б.
     27 ЖДАНОВ І.О.
     27 ГОРВАТ Р.І.
     27 ГАЛЬЧЕНКО А.В.
     27 БЛАВАЦЬКИЙ М.В.
    275 ГОПКО Г.М.
    271 БАРНА О.С.
     26 ЯНКІВ І.Т.
     26 СКРИПНИК О.О.
     26 ПОЛЯКОВ М.А.
     26 НЕГОДА В.А.
     26 МОРОКО Ю.М.
     26 ЛЕВУС А.М.
     26 КОЛОМІЄЦЬ В.Р.
     26 КОВАЛЬ М.В.
     26 ГУЗЕНКО К.О.
     26 БАЛИЦЬКИЙ Є.В.
     26 АЗАРОВ М.Я.
    269 ЛУЦЕНКО І.С.
    265 СИМОНЕНКО П.М.
    265 ЗУБКО Г.Г.
     25 ШАПОВАЛОВ Ю.А.
     25 ЧОРНА Г.М.
     25 УСТЕНКО О.О.
     25 ЛЮБОТА Д.В.
     25 ЛУК’ЯНОВ В.В.
     25 ЛАЗЕБНА М.В.
     25 КУБРАКОВ О.М.
     25 КІРШ О.В.
     25 ДРАЮК С.Є.
     25 ГЕВКО В.Л.
     25 ГАЙДОШ І.Ф.
     25 ВЕРЕЩУК І.А.
    259 СПІВАКОВСЬКИЙ О.В.
    258 РИБАК І.П.
    258 КИРИЛЕНКО І.Г.
    257 ЧУМАК В.В.
    255 БЄЛЬКОВА О.В.
    253 АР’ЄВ В.І.
     24 ПРОДАН Ю.В.
     24 МАТІОС М.В.
     24 ЛЕНСЬКИЙ О.О.
     24 КОРЧАК Н.М.
     24 КОРОЛЬ В.М.
     24 КИРИЧЕНКО О.М.
     24 ГОНЧАРОВ А.Д.
     24 ВОВК Д.В.
    242 МІРОШНИЧЕНКО Ю.Р.
    241 СИСОЄНКО І.В.
     23 УМЄРОВ Р.Е.
     23 ТРОЯН В.А.
     23 СПІРІНА І.Д.
     23 РЯБОШАПКА Р.Г.
     23 ПОРОШЕНКО О.П.
     23 ОВЧИННИКОВА Ю.Ю.
     23 МЕЛЬНИЧЕНКО В.В.
     23 КОСТЕНКО П.П.
     23 ДЕНИСЕНКО В.І.
     23 ГЛАЗУНОВ С.М.
    238 ЯВОРІВСЬКИЙ В.О.
    236 АРЕШОНКОВ В.Ю.
    233 ПАЛАМАРЧУК М.П.
    231 ПИНЗЕНИК П.В.
     22 ЯРЕМЕНКО Б.В.
     22 ПУЗАНОВ О.Г.
     22 ПОЛТОРАК С.Т.
     22 ПАВЛЕНКО О.М.
     22 МОЛОТОК І.Ф.
     22 МИКИША Д.С.
     22 КОШУЛИНСЬКИЙ Р.В.
     22 КОШЕЛЄВА А.В.
     22 ДМИТРУК А.Г.
     22 ДЕРКАЧ А.Л.
     22 БАРДІНА М.О.
    228 МОНАСТИРСЬКИЙ Д.А.
    224 ВОЛОШИН О.А.
    223 КОРНІЄНКО О.С.
    222 ТЕТЕРУК А.А.
    221 ГОЛОВКО М.Й.
    220 ДЕРЕВ’ЯНКО Ю.Б.
     21 ЧАЙКІВСЬКИЙ І.А.
     21 СТЕЦЬ Ю.Я.
     21 САЛЬДО В.В.
     21 МОЧКОВ О.Б.
     21 МАМЧУР Ю.В.
     21 КОЛЄСНІКОВ Д.В.
     21 КИЦАК Б.В.
     21 ЗУБЧЕВСЬКИЙ О.П.
     21 ЗАРЕМСЬКИЙ М.В.
     21 ВОЙЦЕХОВСЬКА С.М.
    216 ДОМБРОВСЬКИЙ О.Г.
    215 ЯЦЕНКО А.В.
    214 КЛИМЕНКО Ю.Л.
    210 ЛОЗОВОЙ А.С.
     20 РИБАК В.В.
     20 РАЗВАДОВСЬКИЙ В.Й.
     20 М’ЯЛИК В.Н.
     20 МАМОЯН С.Ч.
     20 ГРИЦЕНКО А.С.
     20 ГОНЧАРОВ С.В.
     20 БІДЬОВКА В.А.
     20 БАКАНОВ І.Г.
     20 АРТЮШЕНКО І.А.
     20 АБРАМОВСЬКИЙ Р.Р.
    209 ГРИНЕВИЧ Л.М.
    208 МИРНИЙ О.Б.
    207 ДЕМЧАК Р.Є.
    204 ТЯГНИБОК О.Я.
    203 СКОРИК М.Л.
    202 БАКУНЕЦЬ П.А.
    200 ЛОЗИНСЬКИЙ Р.М.
      1 ЯЦЕНЮК О.П.
      1 ЯЦЕГНЮК А.П.
      1 ЯУЕНЮК А.П.
      1 ЯРОШ Д.А.
      1 ЯРЕСЬКО Н.З.
      1 ЯРЕМЕНКО О.С.
      1 ЯРЕМЕНКО І.О.
      1 ЯНУКОВИЧ В.Ф.
      1 ЯНІС МАКДЕВІД
      1 ЮРЧЕНКО О.М.
      1 ЮНАКОВ І.С.
      1 ЮЖАНІНА Н.С.
      1 ЮЖАНАНІ Н.П.
      1 ЩИГОЛЬ Ю.Ф.
      1 ШУФРИЧ Н.П.
      1 ШТУЧНИЙ В.В.
      1 ШКРУМ О.І.
      1 ШКРУМ А.В.
      1 ШКЛЯР С.В.
      1 ШКАРЛЕТ С.Н.
      1 ШИТАЙЛО О.І.
      1 ШИПІЛОВ Л.М.
      1 ШЕРЕМЕТА П.В.
      1 ШЕНЦЕВ Д.О.
      1 ШЕЛЕСТ О.В.
      1 ШЕВЧУК С.В.
      1 ШЕВЧУК О.Б.
      1 ШЕВЧЕНКО К.Є.
      1 ШАХМАТЕНКО Р.С.
      1 ШАТВОРЯН В.Г.
      1 ЧУЄВА К.Є.
      1 ЧУБ В.Є.
      1 ЧУБАТЕНКО О.М.
      1 ЧОРНА О.С.
      1 ЧМІЛІТЄ-НІЛЬСЕН В.
      1 ЧИЖМАР Ю.В.
      1 ЧЕЧЕТОВ М.
      1 ЧЕЧЕТКІН М.О.
      1 ЧЕРНЯВСЬКИЙ С.М.
      1 ЧЕРНИШ В.О.
      1 ЧЕРНЕКО О.М.
      1 ЧЕРЕНЕНКО О.М.
      1 ЧЕНЕНКО О.М.
      1 ЧЕБОТАР С.І.
      1 ХОЛОДНИЦЬКИЙ Т.І.
      1 ХЛАПУК М.М.
      1 ФУРМАН О.
      1 ФРОЛОВ О.В.
      1 ФРИЦЬКИЙ Ю.О.
      1 ФОРСЮК Н.В.
      1 ФОМЕНКО С.В.
      1 ФОМЕНКО І.О.
      1 ФИЩУК О.Г.
      1 ФЕЛЬДМАН О.Б.
      1 ФЕДЬКО І.В.
      1 ФАЗІКОШ Г.В.
      1 УРСУЛА ФОН ДЕР ЛЯЄН
      1 УДОД Є.Г.
      1 ТУХІН О.М.
      1 ТУПИЦЬКИЙ О.М.
      1 ТУКА Г.Б.
      1 ТРЕТЯКОВ О.Ю.
      1 ТОЧИЦЬКИЙ М.С.
      1 ТОПЧІЙ В.М.
      1 ТОМЕНОКО М.В.
      1 ТОМЕНКО В.М.
      1 ТОБАЙЯС ЕЛВУД
      1 ТКАЛЕНКО І.І.
      1 ТИМОШЕНКО О.В.
      1 ТИГНИБОК О.Я.
      1 ТИГІПКО С.Л.
      1 ТЕРТЬЯКОВ О.Ю.
      1 ТЕРЛЕЦЬКИЙ Р.
      1 ТЕВЕЛІВ Д.М.
      1 СЮМАР В.В.
      1 СУРКІС Г.М.
      1 СУПРУН У.
      1 СТРУНЕВИЧ В.О.
      1 СТЕФАН РОМАНІВ
      1 СТЕРНІЙЧУК В.О.
      1 СТЕПАНЕНКО А.А.
      1 СТЕБЛИНСЬКИЙ М.М.
      1 СТАДНІЙЧУК Р.М.
      1 СТАДНІЙЧУК Р.В.
      1 СТАВЧУК І.І.
      1 СОЧКА О.О.
      1 СОТНИК О.
      1 СОРОЧИНСЬКА-КИРИЛЕНКО Р.М.
      1 СОРОКА М.П.
      1 СОРІН ДУМІТРУ ДУКАРУ
      1 СОЛОШЕНКО М.П.
      1 СОКОЛОВСЬКА Ю.С.
      1 СОБОЛЕВСЬКИЙ Г.Г.
      1 СЛІДЕНКО І.Д.
      1 СИРОДОРОВИЧ Р.М.
      1 СИМОНЕНКО М.П.
      1 СИЛАНТЄВ Д.О.
      1 СИВАК О.В.
      1 СЕМИНОЖЕНКО В.П.
      1 СЕМЕНУХ Р.С.
      1 СВІНЦІЦЬКА О.П.
      1 САУДАРГАС П.
      1 САНДЕР ЛЕВІН
      1 САМОЙЛЕНКО Ю.П.
      1 САЛЮТІН Р.В.
      1 САДОВ’ЯК І.Д.
      1 РЯБЧЕНКО О.В.
      1 РУТИЦЬКА В.В.
      1 РОМАНІШИН О.В.
      1 РОЗЕНОКО П.В.
      1 РОБЕРТ ХАНТЕР
      1 РОБЕРТА МЕЦОЛА
      1 РІКАРДУ БЕШІГА
      1 РИБАЧУК Ю.А.
      1 РЕФАТ ЧУБАРОВ
      1 РБЯБЧИН О.М.
      1 РАТАС Ю.
      1 РАДЧЕНКО Є.В.
      1 ПОЯРКОВ В.О.
      1 ПОСТІВИЙ С.О.
      1 ПОПЛАВСЬКИЙ М.М.
      1 ПЛЕНКОВИЧ АНДРЕЙ
      1 ПІЩАНСЬКА О.С.
      1 ПІЛІСЕЦЬКИЙ Л.Т.
      1 ПІДЛІСЕЬКИЙ Л.Т.
      1 ПЕХОВ В.А.
      1 ПЕТРЕНКО А.Г.
      1 ПЕРЕПЕЛЮК В.Г.
      1 ПЕРЕВЕЗЕНЦЕВ О.Ю.
      1 ПАРУБОК О.Н.
      1 ПАОЛО АЛЛІ
      1 ОСТРІКОВ АТ
      1 ОСТІРКОВА Т.Г.
      1 ОЛІЙНИК А.С.
      1 НОСОВ О.Г.
      1 НОВІКОВ О.Ф.
      1 НІКОЛАЙЧУК С.А.
      1 НІКІФОРЕНКО В.О.
      1 НЕЧИПОРЕНКО В.М.
      1 НАЛИВАЙКО О.І.
      1 НАЄМ М.
      1 МЯРКОВЬСКИЙ А.І.
      1 МЮКРЕМІН ШАХІН
      1 МУСТАФА ДЖЕМІЛЄВ
      1 МУРНІЄЦЕ І.
      1 МУРАВЙОВ О.В.
      1 МУЛИК Р.М.
      1 МОШАК С.М.
      1 МОЙСИК В.Р.
      1 МОІСЕЄНКО Р.О.
      1 МОГИЛЬОВ А.В.
      1 МІРОШНИЧЕНКО І.В.
      1 МИХАЛЬЧИШИН Ю.Я.
      1 МИСИК В.Ю.
      1 МИРНИЙ І.М.
      1 МИРИМСЬКИЙ Л.Ю.
      1 МИКОЛАЙЧУК О.А.
      1 МИКИТАСЬ М.В.
      1 МЕЦОЛА Р.
      1 МЕТТЕ ФРЕДЕРІКСЕН
      1 МЕПЛЬНИЧУК С.П.
      1 МЕЛЬНИЦУК І.І.
      1 МЕЛЬНИК М.І.
      1 МАТВІЄНКО С.А.
      1 МАРТИНЮК М.П.
      1 МАРК РЮТТЕ
      1 МАРКОВ І.О.
      1 МАРКАРОВ О.С.
      1 МАМОНТОВА І.Ю.
      1 МАЛЯР Г.В.
      1 МАЛОВАЦЬКИЙ О.В.
      1 МАЛАШКІН М.А.
      1 МАКУХА В.О.
      1 МАКУЛ Л.Я.
      1 МАКАРЯН Д.Б.
      1 МАГОМЕДОВ М.С.
      1 ЛЯШКО О.І.
      1 ЛЯШКО В.О.
      1 ЛЮБЧЕНКО П.М.
      1 ЛЮБИНЕЦЬКИЙ М.В.
      1 ЛУЧЕНКО І.В.
      1 ЛУЦЕНКО ЮВ
      1 ЛУЦЕНКО І.О.
      1 ЛУЦЕНК І.В.
      1 ЛУЦЕКО І.С.
      1 ЛУЗАН А.
      1 ЛОТЮК О.С.
      1 ЛІСОВЕНКО В.О.
      1 ЛІСНЕВСЬКА Н.О.
      1 ЛІНЧЕВСЬКИЙ О.В.
      1 ЛІНА ДЕШВАР
      1 ЛІБАНОВ М.О.
      1 ЛИТВИНОВ О.М.
      1 ЛЕВСЕНКО Ю.В.
      1 ЛЕВ М.О.
      1 ЛЕВИЦЬКИЙ В.С.
      1 КУЧМА Л.Д.
      1 КУХТА П.А.
      1 КУХАР М.Д.
      1 КУСТОВА С.М.
      1 КУРТСЕІТОВА АНІФЕ
      1 КУЗЬМІН Р.Р.
      1 КУЗЬМЕНКО С.А.
      1 КУЖЕЛЬ О.М.
      1 КУЖЕЛЬ О.
      1 КУДІН Д.І.
      1 КРУТІЙ В.І.
      1 КРУГЛОВ М.П.
      1 КРОТЮК В.Л.
      1 КРИЖАНІВСЬКИЙ В.П.
      1 КРАСНОПОЛЬСЬКИЙ Я.В.
      1 КРАСНОЛУЦЬКИЙ О.В.
      1 КРАПІВНИЦЬКА Н.Л.
      1 КРАВЦОВ Є.П.
      1 КОТИК Є.Д.
      1 КОРЯВЧЕНКОВ Ю.В.
      1 КОРОЛЕНКО В.Ю.
      1 КОРНІЄНКО В.В.
      1 КОРИНЕВИЧ А.О.
      1 КОНСТАНТІНОВСЬКИЙ В.Л.
      1 КОНОПОЛЬСЬКИЙ О.М.
      1 КОЛІСНИК В.П.
      1 КОЛИХАЄВ І.В.
      1 КОЛЄВ О.В.
      1 КОЗЛОВСЬКА Н.В.
      1 КОЖЕМЯКІНН А.А.
      1 КОЖАРА Я.Л.
      1 КОВАЛЬЧУК Т.І.
      1 КОВАЛЬОВ А.В.
      1 КОВАЛІВ Я.Б.
      1 КНЯЗКВИЧ Р.П.
      1 КНЯЖИЦЬКИЙ Л.М.
      1 КНЯЖИЙЦЬКИЙ М.Л.
      1 КЛЮЧКОВСЬКИЙ Ю.Б.
      1 КЛЮЄВ С.П.
      1 КЛІМКІН А.П.
      1 КЛИЧКО В.Я.
      1 КІСІЛЬОВ І.П.
      1 КИЦЮК В.П.
      1 КИРИЧЕНКО М.О.
      1 КИРИЛЕНТКО В.А.
      1 КВІТАШВІЛІ О.Я.
      1 КВІТАШВІЛІ О.М.
      1 КВАШУК В.С.
      1 КВАШУК В.П.
      1 КАЧУР О.Ю.
      1 КАЦУБА В.М.
      1 КАСМІНІН О.В.
      1 КАСАЙ Г.О.
      1 КАРМАЗА О.О.
      1 КАРАНДІЙ В.А.
      1 КАПЛІН С.В.
      1 КАПЛІНА О.В.
      1 КАЙДА П.О.
      1 КАБАНОВ О.Є.
      1 ЙОНАС ЛЕСІС
      1 ІЛЯШЕНКО В.В.
      1 ІЛЛЯШЕНКО О.В.
      1 ІЛЛЄНКО П.Ю.
      1 ІГНАТОВ А.П.
      1 ІВЧЕНКО Є.П.
      1 ІВАЩЕНКО І.А.
      1 ІВАНОВ С.М.
      1 ЗЮКОВ Ю.Є.
      1 ЗУЗАНА ЧАПУТОВА
      1 ЗІНГЯРІАС Е.
      1 ЗЕЛЕНСЬКИЙ О.В.
      1 ЗГУЛАДЗЕ Е.И.
      1 ЗГУЛАДЗЕ Е.
      1 ЗГУЛАДЗЕ-ГЛУКСМАНН Е.Я.
      1 ЗВАРИЧ Р.М.
      1 ЗВАРИЧ М.П.
      1 ЗАХАРОВ Б.Є.
      1 ЗАМАНА В.М.
      1 ЗАКОПЕЦЬ Ю.М.
      1 ЗАЄЦЬ І.О.
      1 ЖЕРЕБНЮК В.М.
      1 ЖЕРАР ЛАРШЕ
      1 ЖЕЛТОВА О.М.
      1 ЄРЕМЄЄВ І.М.
      1 ЄНС СТОЛТЕНБЕРГ
      1 ДУБОВИК С.О.
      1 ДЖЕМІЛЄВ М.А.
      1 ДЖАПАРОВА Е.А.
      1 ДЕРЕВЛЯНИЙ В.Т.
      1 ДЕПУТАТ НЕ НАЗВАВСЯ
      1 ДЕНИСОВА Л.Л.
      1 ДЕНИСЕНКО Н.М.
      1 ДАЦЕНКО Л.М.
      1 ДАВИДОВА Л.
      1 ГУНЬКО А.Г.
      1 ГРОЙСМНА В.Б.
      1 ГРОЙСМАН Б.В.
      1 ГРИЩЕНКО К.І.
      1 ГРИНЮК В.О.
      1 ГРИНЮК В.В.
      1 ГРИНЕВИЧ Л.С.
      1 ГРЕЧКІВСЬКИЙ П.М.
      1 ГРЕНЬ В.В.
      1 ГОРБУЛІН В.П.
      1 ГОПОКО Г.М.
      1 ГОНЧАРЕНКО О.В.
      1 ГОЛОВУЧА.
      1 ГОЛОВАТИЙ В.Я.
      1 ГЛУЩЕНКО В.А.
      1 ГЕРМАН Д.В.
      1 ГЕРЕ Ю.П.
      1 ГЕРАСИМЕНКО І.Л.
      1 ГВОЗДЬ В.І.
      1 ГАШЕВ М.Х.
      1 ГАТАУЛЛІНА О.А.
      1 ГАНЧУКОВ О.К.
      1 ГАЛУШКО М.Л.
      1 ВОЛКОВИЦЬКА Н.О.
      1 ВІТРЕНКО А.О.
      1 ВІРАСТЮК В.Я.
      1 ВИНОКУРОВ С.М.
      1 ВЕРСТЮК В.Ф.
      1 ВЕРЕМІЙ І.Г.
      1 ВЕРБЕНСЬКИЙ М.Г.
      1 ВЕНІСЛАВСКИЙ Ф.В.
      1 ВАЩУК К.С.
      1 ВАСЮК О.О.
      1 ВАЛЕНТИРОВ С.В.
      1 БУЦА Б.Е.
      1 БРУСИЛО І.М.
      1 БРОДСЬКИЙ М.Ю.
      1 БРАЦЮНЬ І.О.
      1 БРАЙКО С.Б.
      1 БОЯРЧУК О.Б.
      1 БОРУХОВСЬКИЙ Б.В.
      1 БОРТ В.П.
      1 БОРИС ДЖОНСОН
      1 БОНДАР С.В.
      1 БОНДАР О.М.
      1 БОЙКО Ю.М.
      1 БОЙКО В.Б.
      1 БОЙКО В.
      1 БОЙКО А.М.
      1 БОБОВ Г.Б.
      1 БОБАР І.М.
      1 БЄЛКОВА О.В.
      1 БЕРЕЗЮК Р.
      1 БЕРЕЗЮК К.Г.
      1 БЕРЕЖНА Т.В.
      1 БЕРЕЖНА И.Г.
      1 БАСАЛАЄВА А.В.
      1 БАЛАЦ С.В.
      1 БАКУЛІН Є.М.
      1 БАДАЄВ Р.Г.
      1 БАГАНЕЦЬ О.В.
      1 БАБЕНКО В.Б.
      1 АРТЕМЕНКО Ю.А.
      1 АР’ЄВ В.Г.
      1 АНДРУЩЕНКО С.А.
      1 АНДРІЄВСЬКИЙ Д.Є.
      1 АНДРЕАС ЕБІ
      1 АНДЖЕЙ ДУДА
      1 АНАНЧЕНКО М.О.
      1 АЛЮШИНА Н.О.
      1 АКСЬОНОВ А.А.
      1 АЙДЕР РУСТЕМОВ
      1 АБРОМАВИЧУС А.Я.
      1 АБРОМАВИЧУС А.К.
      1 АБРОМАВИЧУС А.И.
      1 АБРАМОВИЧУС А.
     19 ШТЕПА С.С.
     19 ШПАК Л.О.
     19 ТІГІПКО С.Л.
     19 ПРИСЯЖНЮК О.А.
     19 МЕДЯНИК В.А.
     19 МАКАРЕНКО М.В.
     19 КОРЗУН А.В.
     19 КАЛЬЦЕВ С.Ф.
     19 ДМИТРІЄВА О.О.
     19 ДЗАРДАНОВ М.С.
     19 ДЕМЧЕНКО С.О.
     19 ГРИЩУК Р.П.
    198 ЖУРАВСЬКИЙ В.С.
   1978 ЛЯШКО О.В.
    196 ПОЛЯКОВ А.Е.
    196 ПАШИНСЬКИЙ С.В.
    196 ЛЕЩЕНКО С.А.
    195 КИРИЛЕНКО В.А.
    194 КАЛЬЧЕНКО С.В.
    194 ДАНЧЕНКО О.І.
    193 ЮРЧИШИН Я.Р.
    193 ХОМУТИННІК В.Ю.
    193 КРИВОШЕЯ Г.Г.
    193 ВЕНІСЛАВСЬКИЙ Ф.В.
    192 БОБРОВСЬКА С.А.
     18 ЮРИК Т.З.
     18 ШКАРЛЕТ С.М.
     18 ФУДАШКІН Д.О.
     18 ТАРАСЕНКО Т.П.
     18 СКІЧКО О.О.
     18 СВЕТЕЛІК О.Д.
     18 ПРОЩУК Е.П.
     18 ПОНОМАРЬОВ А.В.
     18 ПОБЕР І.М.
     18 ПАЛИЦЯ І.П.
     18 МАРТИНЯК С.В.
     18 ЛЮБЧЕНКО О.М.
     18 ЛУК’ЯНЧУК Р.В.
     18 КУДЛАЄНКО С.В.
     18 ЗАГОРОДНЮК А.П.
     18 ГАВРИЛЮК М.В.
     18 БУЛАХ Л.В.
     18 БАРНА С.С.
     18 АРТЕМЕНКО А.В.
    186 ДЕНІСОВА Л.Л.
    183 ПІДЛІСЕЦЬКИЙ Л.Т.
    183 ПЕТРЕНКО П.Д.
    182 МІЩЕНКО С.Г.
    182 МЕЛЬНИЧУК С.П.
    181 ФЕДОРУК М.Т.
     17 ФІРСОВ Є.П.
     17 УРБАНСЬКИЙ О.І.
     17 ТРЕБУШКІН Р.В.
     17 ТКАЧУК Г.В.
     17 САВЧУК Ю.П.
     17 ОСТАПЕНКО А.Д.
     17 КУДРЯ В.І.
     17 КІСТІОН В.Є.
     17 КИВА І.В.
     17 ДОНЕЦЬ Т.А.
     17 БРИЧЕНКО І.В.
     17 БОДНАР В.М.
    179 КУЧЕРЕНКО О.Ю.
    178 ГЕРМАН Г.М.
    178 БОГОМОЛЕЦЬ О.В.
    177 ВІЛКУЛ О.Ю.
    173 ПАСТУХ Т.Т.
    172 В’ЯТРОВИЧ В.М.
    171 БОЙКО О.П.
    170 РУДЬКОВСЬКИЙ М.М.
     16 ЯНЧУК А.В.
     16 ЯНІЦЬКИЙ В.П.
     16 ШУЛЬГА В.П.
     16 ЧОРНИЙ В.І.
     16 ТАБАЧНИК Д.В.
     16 СУХАЧОВ О.О.
     16 РЕВЕГА О.В.
     16 ПРИСЯЖНЮК М.В.
     16 ПЕТРАШКО І.Р.
     16 ОРЖЕЛЬ О.А.
     16 МИКОЛЬСЬКА Н.Я.
     16 МАРЧУК І.П.
     16 МАЛЮСЬКА Д.Л.
     16 МАКЕЄВА О.Л.
     16 КУНІЦИН С.В.
     16 КОПАНЧУК О.Є.
     16 КВІТАШВІЛІ О.
     16 КАЧУР Р.П.
     16 ЖОЛОБЕЦЬКИЙ О.О.
     16 ЖМЕРЕНЕЦЬКИЙ О.С.
     16 ГРИНЧУК О.А.
     16 БОРИТА О.В.
     16 БАБІЙ Р.В.
    169 ФЕДИНА С.Р.
    169 КАБАЧЕНКО В.В.
    168 НЕМИРЯ Г.М.
    168 БІЛОЗІР Л.М.
    167 ВЕЛИЧКОВИЧ М.Р.
    165 БОЙКО Ю.А.
    164 ГУЗЬ І.В.
    163 НАЛИВАЙЧЕНКО В.О.
    163 КОНСТАНКЕВИЧ І.М.
    163 ІОНОВА М.М.
    163 ЗАГОРОДНІЙ Ю.І.
    161 МОРОЗ В.В.
     15 ШКВАРИЛЮК В.В.
     15 ШЕВЧЕНКО Є.В.
     15 СЕНЧЕНКО А.В.
     15 СЕВОСТЬЯНОВА Н.І.
     15 ПИВОВАРСЬКИЙ А.М.
     15 ОРОБЕЦЬ Л.Ю.
     15 МОШЕНЕЦЬ О.В.
     15 МЕХЕД П.М.
     15 МАТВЄЄВ В.Г.
     15 МАГУТА Р.М.
     15 ЛУТКОВСЬКА В.В.
     15 ЛЕЩЕНКО Р.М.
     15 КУПРЕЙЧИК І.В.
     15 КОТЕЛЯК Л.Л.
     15 КАНІВЕЦЬ О.Л.
     15 ЄВЛАХОВ А.С.
     15 ДАВИДЕНКО В.М.
     15 ГРУШЕВСЬКИЙ В.А.
     15 ВЕЧЕРКО В.М.
     15 БУТКІВСЬКИЙ В.В.
     15 АНДРІЙОВИЧ З.М.
    159 РІЗАНЕНКО П.О.
    159 ПАЦКАН В.В.
    158 СКОРОХОД А.К.
    158 НАСАЛИК І.С.
    158 КУРЯЧИЙ М.П.
    156 СОВСУН І.Р.
    155 ЗАРУБІНСЬКИЙ О.О.
    155 БУРМІЧ А.П.
    154 БЕРЕЗА Б.Ю.
    153 КОРЧИНСЬКА О.А.
    151 ГУСАК В.Г.
     14 ШЛЕМКО Д.В.
     14 ЦАРЬОВ О.А.
     14 ХОЛОДОВ А.І.
     14 ХОЛОДНИЦЬКИЙ Н.І.
     14 ХАНЕНКО С.М.
     14 ФЕЩУК У.Ю.
     14 ТУРМАНОВ В.І.
     14 ТАРАН А.В.
     14 СОВА О.Г.
     14 СКАЛЕЦЬКА З.С.
     14 СИРОТЮК О.М.
     14 ПИРОЖЕНКО О.В.
     14 МОШЕНСЬКИЙ В.З.
     14 МЕЛЬНИК П.В.
     14 МАТВІЙЧУК В.М.
     14 МАГЕРА С.В.
     14 КОЛЕБОШИН С.В.
     14 КОБЦЕВ М.В.
     14 ІВАНКЕВИЧ В.В.
     14 ДОВГАНЬ В.М.
     14 ГЕЛЕВЕЙ О.І.
     14 ВОЩЕВСЬКИЙ В.М.
     14 БУЙМІСТЕР Л.А.
     14 БОНДАР Б.В.
     14 АРБУЗОВ С.Г.
    148 КАЙДА О.П.
    148 ВАСИЛЬЧЕНКО Г.І.
    147 МАТВІЄНКОВ С.А.
    146 СУХИЙ Я.М.
    146 ГОЛУБ В.В.
   1462 КНЯЗЕВИЧ Р.П.
    145 ГРИБ В.О.
    144 ГЕРАЩЕНКО А.Ю.
   1431 ШУФРИЧ Н.І.
    142 ВОЙЦІЦЬКА В.М.
    141 МАКАРОВ О.А.
    141 ЛУЦЕНКО І.В.
   1411 КНЯЖИЦЬКИЙ М.Л.
    140 УСТІНОВА О.Ю.
     13 ШЕРЕМЕТА П.М.
     13 УСОВ К.Г.
     13 ТЯГНИБОК А.Я.
     13 СУПРУНЕНКО О.І.
     13 САМОЙЛЕНКО В.П.
     13 МЕПАРІШВІЛІ Х.Н.
     13 МАРТИНЮК Л.С.
     13 ЛЕВЧЕНКО О.В.
     13 КОПИТІН І.В.
     13 КИСЛИЦЯ С.О.
     13 КАПІНУС Є.В.
     13 ЖУК М.В.
     13 ЄФРЕМОВА І.О.
     13 ГУРІН Д.О.
     13 ВІТІВ А.М.
     13 БАНДУРОВ В.В.
    139 ПОМАЗАНОВ А.В.
    139 ВЕНЕДІКТОВА І.В.
    137 ЛАПІН І.О.
    137 КАЧУРА О.А.
    135 РАХМАНІН С.І.
    135 ПОРОШЕНКО П.О.
    135 ЄДНАК О.В.
    134 РОМАНОВА А.А.
   1345 ЮЖАНІНА Н.П.
    132 ЦАБАЛЬ В.В.
    132 ТРЕТЬЯКОВ О.Ю.
    132 ГЕРУС А.М.
    132 ВЕЛЬМОЖНИЙ С.А.
    130 ТРЕТЬЯКОВА Г.М.
   1309 ГЕРАЩЕНКО І.В.
     12 ШУБІН В.М.
     12 ШОКІН В.М.
     12 ФРОЛОВ М.О.
     12 ТКАЧЕНКО М.М.
     12 ТІСТИК Р.Я.
     12 СИТНИК А.С.
     12 СВЯТАШ Д.В.
     12 ПШОНКА В.П.
     12 НАГОРНЯК С.В.
     12 МАНЖОСОВ В.А.
     12 ЛАВРИК М.І.
     12 ЛАВРЕНЮК Ю.Ф.
     12 КОЛЕСНИЧЕНКО В.М.
     12 КОЗИР Б.Ю.
     12 КОВТУНЕЦЬ В.В.
     12 ІОФФЕ Ю.Я.
     12 ГОРБЕНКО Р.О.
     12 ВОЛОДІНА Д.А.
     12 БОНДАРЧУК О.В.
     12 БОНДАР Г.В.
     12 БЕЛЕНЮК Ж.В.
     12 БАНЧУК О.А.
    129 СТЕФАНИШИНА О.А.
    129 МАРТОВИЦЬКИЙ А.В.
    128 ГНАТЕНКО В.С.
    126 СИРОЇД О.І.
    125 ПОДОЛЯК І.І.
    125 КОНДРАТЮК О.К.
    124 ШИНЬКОВИЧ А.В.
    124 АЛЄКСЄЄВ С.О.
   1243 ЄМЕЦЬ Л.О.
    123 ГОЛОВУЮЧИЙ
    122 РУЩИШИН Я.І.
     11 ШЕВЧЕНКО О.Л.
     11 ШЕВАЛЬОВ А.В.
     11 ТИМЧУК Д.Б.
     11 СТЕФАНІШИНА О.В.
     11 СОКОЛЮК М.Ю.
     11 РИЖЕНКОВ О.М.
     11 ПОЛЯК В.М.
     11 ПАСІЧНИЙ О.С.
     11 ПАРАСКІВ О.Д.
     11 ПАВЛОВСЬКИЙ П.І.
     11 МОСКАЛЬ Г.Г.
     11 МОКАН В.І.
     11 МАКСЮТА А.А.
     11 КІНЗБУРСЬКА В.О.
     11 КАРТАШОВ Є.Г.
     11 КАЛЕТНИК О.М.
     11 ЗВЯГІЛЬСЬКИЙ Ю.Л.
     11 ЗАЦ О.В.
     11 ЗАБЗАЛЮК Р.О.
     11 ДІДЕНКО І.А.
     11 ДЗОЗ В.О.
     11 ДЕНИСЕНКО А.С.
     11 ГУДЗЕНКО В.І.
     11 БОРЗОВА І.Н.
     11 БОГДАН Р.Д.
     11 БІЛОЦЕРКОВЕЦЬ Д.О.
     11 БІЛОУС І.О.
     11 АЛІКСІЙЧУК О.В.
    119 НАЙЄМ М.
    117 КУТОВИЙ Т.В.
    116 НАТАЛУХА Д.А.
    115 МЕДУНИЦЯ О.В.
    115 ЛАБАЗЮК С.П.
    114 КАЛЕТНІК Г.М.
    113 ЧУБАРОВ Р.А.
    112 ЖВАНІЯ Д.В.
    111 НІКОЛАЄНКО А.І.
   1117 НІМЧЕНКО В.І.
    110 МУШАК О.П.
    110 МАРТИНЮК А.І.
   1106 ВЛАСЕНКО С.В.
     10 ШЕВЧУК О.М.
     10 ШВЕЦЬ В.Д.
     10 ШАМБІР М.І.
     10 ХРИСТЕНКО Ф.В.
     10 СТАВИЦЬКИЙ Е.А.
     10 РОМАНОВСЬКИЙ О.В.
     10 ПИВОВАРОВ Є.П.
     10 МИСЯГІН Ю.М.
     10 ЛЕОНОВ О.О.
     10 ЛАЗОРИШИНЕЦЬ В.В.
     10 КУРПІЛЬ С.В.
     10 КРИВОШЕЄВ І.С.
     10 КОЛОМІЄЦЬ В.М.
     10 КОВТОНЮК П.А.
     10 КАРМАЗІН Ю.А.
     10 КАЛЄТНІК І.Г.
     10 ЗГУЛАДЗЕ-ГЛУКСМАНН Е.
     10 ДАНІЛОВ О.М.
     10 ГРАДІЛЬ А.І.
     10 ВАНАТ П.М.
     10 БОНДАРЕНКО О.А.
     10 БОГДАНЕЦЬ А.В.
    109 ЮРИНЕЦЬ О.В.
    109 ПІДЛАСА Р.А.
   1098 СОБОЛЄВ С.В.
    108 ЧЕЧЕТОВ М.В.
    108 СУШКЕВИЧ В.М.
    108 МІРОШНИЧЕНКО І.М.
    108 ЗАБОЛОТНИЙ Г.М.
    108 ДУБНЕВИЧ Я.В.
    107 ШИПКО А.Ф.
    107 ПОНОМАРЬОВ О.С.
    107 ОСАДЧУК А.П.
    107 ГЄЛЛЄР Є.Б.
    106 ЗІНКЕВИЧ Я.В.
    106 ДОВБЕНКО М.В.
   1068 ЛЕВЧЕНКО Ю.В.
    105 БАКУМОВ О.С.
    104 ФРІЗ І.В.
    104 РАЗУМКОВ Д.О.
    104 АНДРІЄВСЬКИЙ Д.Й.
    103 СТЕПАНОВ М.В.
    102 ПЛАЧКОВА Т.М.
    102 МАРЧЕНКО С.М.
    102 МАРЦІНКІВ Р.Р.
    101 РИБАЛКА С.В.
    101 МАРКАРОВА О.С.
    101 ЄРЕМЕЄВ І.М.
    101 ДЕМЧИШИН В.В.
    100 ШУХЕВИЧ Ю.Р.
