  24503 #АндрійВолодимировичПарубій.1971	#chair
  16605 #ДмитроОлександровичРазумков.1983	#chair
  11834 #РусланОлексійовичСтефанчук.1975	#chair
  11470 #ІринаВолодимирівнаГеращенко.1971	#chair
   8700 #ВолодимирБорисовичГройсман.1978	#chair
   7537 #ОксанаІванівнаСироїд.1976	#chair
   6355 #ВолодимирВасильовичРибак.1946	#chair
   5073 #ОлександрВалентиновичТурчинов.1964	#chair
   3273 #ОлександрМиколайовичЧерненко.1976	#regular
   1978 #ОлегВалерійовичЛяшко.1972	#regular
   1462 #РусланПетровичКнязевич.1974	#regular
   1431 #НесторІвановичШуфрич.1966	#regular
   1411 #МиколаЛеонідовичКняжицький.1968	#regular
   1345 #НінаПетрівнаЮжаніна.1965	#regular
   1309 #ІринаВолодимирівнаГеращенко.1971	#regular
   1243 #ЛеонідОлександровичЄмець.1979	#regular
   1178 #РусланВолодимировичКошулинський.1969	#chair
   1117 #ВасильІвановичНімченко.1950	#regular
   1106 #СергійВолодимировичВласенко.1967	#regular
   1098 #СергійВладиславовичСоболєв.1961	#regular
   1068 #ЮрійВолодимировичЛевченко.1984	#regular
    977 #ВадимЄвгеновичІвченко.1980	#regular
    903 #РусланМихайловичСидорович.1974	#regular
    827 #ВолодимирБорисовичГройсман.1978	#regular
    796 #ІванІвановичКрулько.1981	#regular
    785 #ОлександрСергійовичКолтунович.1987	#regular
    734 #ОлександраВолодимирівнаКужель.1953	#regular
    729 #ІгорГригоровичКалєтнік.1972	#chair
    681 #ВікторВалерійовичГаласюк.1981	#regular
    656 #ОленаКостянтинівнаКондратюк.1970	#chair
    654 #СергійМиколайовичКаплін.1979	#regular
    646 #НаталіяЮріївнаКоролевська.1975	#regular
    641 #ОлександрВалерійовичДолженков.1983	#regular
    640 #МаксимЮрійовичБурбак.1976	#regular
    636 #АртурВолодимировичГерасимов.1972	#regular
    635 #АрсенійПетровичЯценюк.1974	#regular
    612 #МихайлоМиколайовичПапієв.1960	#regular
    608 #ЮрійВіталійовичЛуценко.1964	#regular
    586 #ОленаСергіївнаСотник.1982	#regular
    575 #ЮрійВіталійовичОдарченко.1960	#regular
    559 #СергійВолодимировичШахов.1975	#regular
    556 #ОлексійОлексійовичГончаренко.1980	#regular
    544 #АндрійАнатолійовичКожем’якін.1965	#regular
    540 #ТарасІвановичБатенко.1974	#regular
    539 #ІванЮлійовичВінник.1979	#regular
    525 #РоманСергійовичСеменуха.1977	#regular
    523 #ОлександрСергійовичКорнієнко.1984	#chair
    519 #АндрійВолодимировичІванчук.1973	#regular
    516 #ІгорМихайловичШурма.1958	#regular
    510 #АндрійВолодимировичПарубій.1971	#regular
    495 #МихайлоМихайловичЦимбалюк.1964	#regular
    489 #ЄгорВікторовичСоболєв.1977	#regular
    487 #СергійМиколайовичЄвтушок.1973	#regular
    481 #ВікторМихайловичПинзеник.1954	#regular
    481 #АльонаІванівнаШкрум.1988	#regular
    477 #ЮрійОлексійовичПавленко.1975	#regular
    477 #ТетянаГеоргіївнаОстрікова.1979	#regular
    476 #ОлегРомановичБерезюк.1969	#regular
    458 #ПавлоВалерійовичРозенко.1970	#regular
    436 #ВікторіяПетрівнаСюмар.1977	#regular
    430 #ДанилоОлександровичГетманцев.1978	#regular
    426 #ЯрославІвановичЖелезняк.1989	#regular
    410 #МиколаТарасовичСольський.1979	#regular
    410 #ГригорійМиколайовичМамка.1974	#regular
    400 #ОлегВасильовичКупрієнко.1964	#regular
    399 #СтепанІвановичКубів.1962	#regular
    394 #ЮліяВолодимирівнаТимошенко.1960	#regular
    381 #ОлегІвановичКулініч.1966	#regular
    376 #МиколаВолодимировичТоменко.1964	#regular
    373 ШМИГАЛЬ Д.А.	#regular
    359 #ВолодимирМихайловичЛитвин.1956	#regular
    348 #ВікторіяЮріївнаПташник.1983	#regular
    347 #АндрійВікторовичПузійчук.1978	#regular
    344 #ІгорВолодимировичМосійчук.1972	#regular
    343 #АндрійЮрійовичІллєнко.1987	#regular
    342 #МихайлоЛеонтійовичБондар.1973	#regular
    341 #ПавлоМиколайовичКишкар.1980	#regular
    338 #ІванДмитровичСпориш.1959	#regular
    336 #АльонаВалеріївнаБабак.1969	#regular
    319 #ВікторВасильовичБондар.1975	#regular
    318 #ОлексійМихайловичРябчин.1983	#regular
    318 #ВікторМиколайовичКривенко.1982	#regular
    317 #ОлегСтепановичМусій.1965	#regular
    313 #ЮрійІгоровичСоловей.1978	#regular
    308 #РусланОлексійовичСтефанчук.1975	#regular
    299 #СергійЯрославовичРудик.1970	#regular
    294 #ОксанаПетрівнаПродан.1974	#regular
    291 #ДмитроВалерійовичЛубінець.1981	#regular
    290 #ІваннаОрестівнаКлимпуш-Цинцадзе.1972	#regular
    287 #ВалерійВолодимировичПисаренко.1980	#regular
    275 #ГаннаМиколаївнаГопко.1982	#regular
    271 #ОлегСтепановичБарна.1967	#regular
    269 #ІринаСтепанівнаЛуценко.1966	#regular
    265 #ПетроМиколайовичСимоненко.1952	#regular
    259 #ОлександрВолодимировичСпіваковський.1957	#regular
    258 #ІванПетровичРибак.1978	#regular
    258 #ІванГригоровичКириленко.1956	#regular
    257 #ВікторВасильовичЧумак.1958	#regular
    255 #ОльгаВалентинівнаБєлькова.1975	#regular
    253 #ВолодимирІгоровичАр’єв.1975	#regular
    246 ЗУБКО Г.Г.	#regular
    241 #ІринаВолодимирівнаСисоєнко.1982	#regular
    240 #ЮрійРомановичМірошниченко.1970	#regular
    238 #ВолодимирОлександровичЯворівський.1942	#regular
    236 #ВолодимирЮрійовичАрешонков.1957	#regular
    233 #МиколаПетровичПаламарчук.1954	#regular
    231 #ПавлоВасильовичПинзеник.1976	#regular
    228 #ДенисАнатолійовичМонастирський.1980	#regular
    224 #ОлегАнатолійовичВолошин.1981	#regular
    223 #ОлександрСергійовичКорнієнко.1984	#regular
    222 #АндрійАнатолійовичТетерук.1973	#regular
    221 #МихайлоЙосифовичГоловко.1983	#regular
    220 #ЮрійБогдановичДерев’янко.1973	#regular
    216 #ОлександрГеоргійовичДомбровський.1962	#regular
    215 #АнтонВолодимировичЯценко.1977	#regular
    210 #ЮліяЛеонідівнаКлименко.1976	#regular
    210 #АндрійСергійовичЛозовой.1989	#regular
    209 #ЛіліяМихайлівнаГриневич.1965	#regular
    208 #ОлександрБорисовичМирний.1961	#regular
    207 #РусланЄвгенійовичДемчак.1974	#regular
    204 #ОлегЯрославовичТягнибок.1968	#regular
    203 #МиколаЛеонідовичСкорик.1972	#regular
    202 #ПавлоАндрійовичБакунець.1987	#regular
    200 #РоманМихайловичЛозинський.1994	#regular
    198 #ВіталійСтаніславовичЖуравський.1955	#regular
    196 #СергійВолодимировичПашинський.1966	#regular
    196 #СергійАнатолійовичЛещенко.1980	#regular
    196 #АнтонЕдуардовичПоляков.1987	#regular
    195 #В’ячеславАнатолійовичКириленко.1968	#regular
    194 #СергійВіталійовичКальченко.1964	#regular
    194 #ОлександрІвановичДанченко.1974	#regular
    193 #ЯрославРомановичЮрчишин.1980	#regular
    193 #ФедірВолодимировичВеніславський.1969	#regular
    193 #ГеннадійГригоровичКривошея.1977	#regular
    193 #ВіталійЮрійовичХомутиннік.1976	#regular
    192 #СоломіяАнатоліївнаБобровська.1989	#regular
    184 #ЛюдмилаЛеонтіївнаДенісова.1960	#regular
    183 #ПавлоДмитровичПетренко.1979	#regular
    183 #ЛевТеофіловичПідлісецький.1977	#regular
    182 #СергійПетровичМельничук.1972	#regular
    182 #СергійГригоровичМіщенко.1971	#regular
    181 #МиколаТрохимовичФедорук.1954	#regular
    179 #ОлексійЮрійовичКучеренко.1961	#regular
    178 #ОльгаВадимівнаБогомолець.1966	#regular
    178 #ГаннаМиколаївнаГерман.1959	#regular
    176 #ОлександрЮрійовичВілкул.1974	#regular
    173 #ТарасТимофійовичПастух.1978	#regular
    171 #ОленаПетрівнаБойко.1972	#regular
    170 #МиколаМиколайовичРудьковський.1967	#regular
    169 #СофіяРоманівнаФедина.1984	#regular
    169 #ВолодимирВікторовичКабаченко.1987	#regular
    168 #ЛарисаМиколаївнаБілозір.1981	#regular
    168 #ГригорійМихайловичНемиря.1960	#regular
    167 #МиколаРомановичВеличкович.1972	#regular
    164 #ІгорВолодимировичГузь.1982	#regular
    164 #ВолодимирМихайловичВ’ятрович.1977	#regular
    163 #ЮрійІвановичЗагородній.1959	#regular
    163 #МаріяМиколаївнаІонова.1978	#regular
    163 #ІринаМирославівнаКонстанкевич.1965	#regular
    163 #ВалентинОлександровичНаливайченко.1966	#regular
    161 #ЮрійАнатолійовичБойко.1958	#regular
    161 #ВолодимирВікторовичМороз.1967	#regular
    159 #ПавлоОлександровичРізаненко.1975	#regular
    158 #МаксимПавловичКурячий.1979	#regular
    158 #ІгорСтепановичНасалик.1962	#regular
    158 #АннаКостянтинівнаСкороход.1990	#regular
    155 #ОлегОлександровичЗарубінський.1963	#regular
    155 #АнатолійПетровичБурміч.1962	#regular
    154 #БориславЮхимовичБереза.1974	#regular
    153 #ОксанаАнатоліївнаКорчинська.1970	#regular
    151 #ВолодимирГеоргійовичГусак.1974	#regular
    148 #ОлексійПетровичКайда.1971	#regular
    148 #ГалинаІванівнаВасильченко.1983	#regular
    147 #СергійАнатолійовичМатвієнков.1957	#regular
    147 #ВалерійВасильовичПацкан.1975	#regular
    146 #ЯрославМихайловичСухий.1951	#regular
    146 #ІннаРоманівнаСовсун.1984	#regular
    146 #ВладиславВолодимировичГолуб.1983	#regular
    145 #ВікторіяОлександрівнаГриб.1968	#regular
    142 #ВікторіяМихайлівнаВойціцька.1974	#regular
    141 #ОлегАнатолійовичМакаров.1965	#regular
    141 #ІгорВікторовичЛуценко.1978	#regular
    140 #ОлександраЮріївнаУстінова.1985	#regular
    139 #ІринаВалентинівнаВенедіктова.1978	#regular
    139 #АндрійВіталійовичПомазанов.1983	#regular
    137 #ОлександрАнатолійовичКачура.1990	#regular
    137 #ІгорОлександровичЛапін.1969	#regular
    135 #СергійІвановичРахманін.1969	#regular
    135 #ОстапВолодимировичЄднак.1980	#regular
    134 #АннаАнатоліївнаРоманова.1985	#regular
    132 #СергійАнатолійовичВельможний.1976	#regular
    132 #ОлександрЮрійовичТретьяков.1970	#regular
    132 #ВолодимирВолодимировичЦабаль.1985	#regular
    132 #АндрійМихайловичГерус.1982	#regular
    130 #ГалинаМиколаївнаТретьякова.1963	#regular
    130 #АнтонЮрійовичГеращенко.1979	#regular
    129 #ОльгаАнатоліївнаСтефанишина.1983	#regular
    129 #АртурВолодимировичМартовицький.1964	#regular
    128 #ВалерійСергійовичГнатенко.1967	#regular
    126 #ОксанаІванівнаСироїд.1976	#regular
    125 #ОленаКостянтинівнаКондратюк.1970	#regular
    125 #ІринаІгорівнаПодоляк.1967	#regular
    124 #СергійОлеговичАлєксєєв.1977	#regular
    124 #АндрійВасильовичШинькович.1976	#regular
    122 #ЯрославІвановичРущишин.1967	#regular
    119 НАЙЄМ М.	#regular
    117 #ТарасВікторовичКутовий.1976	#regular
    116 #ДмитроАндрійовичНаталуха.1987	#regular
    115 #СергійПетровичЛабазюк.1980	#regular
    115 #ОлегВячеславовичМедуниця.1971	#regular
    114 #ГригорійМиколайовичКалетнік.1949	#regular
    113 #РефатАбдурахмановичЧубаров.1957	#regular
    112 #ДавидВажаєвичЖванія.1967	#regular
    111 #АндрійІвановичНіколаєнко.1979	#regular
    110 #ОлексійПетровичМушак.1982	#regular
    110 #АдамІвановичМартинюк.1950	#regular
    109 #РоксоланаАндріївнаПідласа.1994	#regular
    109 #ОксанаВасилівнаЮринець.1978	#regular
    108 #ЯрославВасильовичДубневич.1969	#regular
    108 #МихайлоВасильовичЧечетов.1953	#regular
    108 #ІгорМихайловичМірошниченко.1976	#regular
    108 #ГригорійМихайловичЗаболотний.1952	#regular
    107 #ОлександрСергійовичПономарьов.1962	#regular
    107 #ЄвгенійБорисовичГєллєр.1974	#regular
    107 #ВалерійМихайловичСушкевич.1954	#regular
    107 #АндрійФедоровичШипко.1970	#regular
    107 #АндрійПетровичОсадчук.1971	#regular
    106 #ЯнаВадимівнаЗінкевич.1995	#regular
    106 #МихайлоВолодимировичДовбенко.1954	#regular
    105 #ОлександрСергійовичБакумов.1989	#regular
    104 #ОлександрСергійовичЄфремов.1954	#chair
    104 #ІринаВасилівнаФріз.1974	#regular
    104 #ДмитроОлександровичРазумков.1983	#regular
    104 #ДмитроЙосиповичАндрієвський.1967	#regular
    103 СТЕПАНОВ М.В.	#regular
    102 #ТетянаМихайлівнаПлачкова.1983	#regular
    102 #РусланРомановичМарцінків.1979	#regular
    102 МАРЧЕНКО С.М.	#regular
    101 #СергійВікторовичРибалка.1978	#regular
    101 #ПетроОлексійовичПорошенко.1965	#regular
    101 МАРКАРОВА О.С.	#regular
    101 #ІгорМироновичЄремеєв.1968	#regular
    101 ДЕМЧИШИН В.В.	#regular
    100 #Юрій-БогданРомановичШухевич.1933	#regular
     99 #ВолодимирМихайловичЛитвин.1956	#chair
     99 #ВіталійВолодимировичКличко.1971	#regular
     98 #ЮрійМиколайовичБереза.1970	#regular
     98 #РостиславМиколайовичПавленко.1976	#regular
     98 #ОлександрМихайловичКодола.1982	#regular
     98 #ОлегІгоровичМахніцький.1970	#regular
     98 #ДавидГеоргійовичАрахамія.1979	#regular
     97 #БориславСоломоновичРозенблат.1969	#regular
     96 РЕВА А.О.	#regular
     96 #ПавлоЯкимовичУнгурян.1979	#regular
     96 #ІванІвановичМельничук.1969	#regular
     95 #ЮрійВасильовичЧижмарь.1974	#regular
     95 #СергійІвановичМельник.1965	#regular
     95 #ОстапМихайловичСемерак.1972	#regular
     95 #КсеніяМихайлівнаЛяпіна.1964	#regular
     94 #ОлександрБорисовичБакуменко.1959	#regular
     94 #ІгорСергійовичАлексєєв.1986	#regular
     91 #ЄвгенЮрійовичРибчинський.1969	#regular
     91 #ДенисОлеговичСилантьєв.1976	#regular
     90 #ТарасДмитровичКремінь.1978	#regular
     88 #КостянтинЄвгеновичІщейкін.1975	#regular
     87 #РоманВасильовичКостенко.1983	#regular
     87 #ВалерійВіталійовичКарпунцов.1978	#regular
     84 #ОлександрВалентиновичТурчинов.1964	#regular
     84 ГОНЧАРУК О.В.	#regular
     84 #АндрійВалерійовичЖуржій.1978	#regular
     83 #СвітланаПетрівнаЗаліщук.1982	#regular
     83 #ІгорПавловичФріс.1973	#regular
     82 #ПетроСтепановичЦибенко.1949	#regular
     82 #ОльгаМихайлівнаВасилевська-Смаглюк.1985	#regular
     82 #ГалинаІгорівнаЯнченко.1988	#regular
     81 #ОлександрАнатолійовичЛукашев.1976	#regular
     81 #НаталіяРоманівнаПіпа.1983	#regular
     81 #ЕдуардВолодимировичЛеонов.1974	#regular
     80 #КостянтинАнатолійовичБондарєв.1972	#regular
     79 #ЮрійМиколайовичВоропаєв.1955	#regular
     79 #СергійІвановичКіраль.1975	#regular
     79 #ОлександрСталіноленовичКачний.1968	#regular
     79 #БорисІвановичТарасюк.1949	#regular
     78 #ТетянаЛеонідівнаЮзькова.1963	#regular
     78 #МихайлоБорисовичРадуцький.1968	#regular
     78 #МаксимАркадійовичБужанський.1974	#regular
     77 ЯРЕСЬКО Н.	#regular
     77 #ОлександрСергійовичЄфремов.1954	#regular
     77 #ОлександрВолодимировичКовальчук.1974	#regular
     77 #МихайлоВіталійовичЗабродський.1973	#regular
     77 #ДмитроВолодимировичЛінько.1987	#regular
     77 ДАНИЛЮК О.О.	#regular
     77 #ВіталійСеменовичКурило.1957	#regular
     76 #НаталіяВолодимирівнаКовальчук.1977	#regular
     76 #ІннаГерманівнаБогословська.1960	#regular
     75 #ОльгаВалеріївнаЧервакова.1975	#regular
     75 #МаксимВіталійовичСаврасов.1980	#regular
     75 #ІгорОлександровичШвайка.1976	#regular
     74 #ВолодимирПилиповичПилипенко.1977	#regular
     74 #АнжелікаВікторівнаЛабунська.1967	#regular
     73 #МихайлоЯковичВолинець.1956	#regular
     73 #МиколаДмитровичКатеринчук.1967	#regular
     72 #ЮрійОлександровичБуглак.1965	#regular
     72 #ДмитроЮрійовичШпенов.1978	#regular
     72 #ВалерійОлександровичДубіль.1973	#regular
     72 #АнтонІвановичКіссе.1958	#regular
     70 #СергійВолодимировичГордієнко.1957	#regular
     70 #ПавлоВасильовичПавліш.1979	#regular
     70 ГОНТАРЕВА В.О.	#regular
     70 #АндрійВолодимировичМохник.1972	#regular
     69 #ОлександрІвановичМомот.1956	#regular
     69 #ВолодимирЗіновійовичПарасюк.1987	#regular
     69 #АндрійМихайловичПавловський.1965	#regular
     68 #ОлегІвановичОсуховський.1978	#regular
     67 #МикитаРуслановичПотураєв.1970	#regular
     67 #ІгорМихайловичСабій.1976	#regular
     67 #ІгорВасильовичВасюник.1969	#regular
     67 #ВолодимирДмитровичБондаренко.1952	#regular
     66 #ЯрославМиколайовичМоскаленко.1975	#regular
     66 #ОлесьСтаніславовичДовгий.1980	#regular
     66 #ОлександрІвановичКузьмук.1954	#regular
     66 #ОлегРомановичМарусяк.1968	#regular
     66 #ОлегМихайловичСинютка.1970	#regular
     66 #ВалеріяЛеонідівнаЗаружко.1978	#regular
     65 #ОлександрСергійовичДоній.1969	#regular
     65 #АндрійЄвгеновичКостін.1973	#regular
     65 #АнатолійСергійовичМатвієнко.1953	#regular
     64 #СергійВолодимировичСас.1957	#regular
     64 ПІНЧУК М.Г.	#regular
     64 #ОлексійВасильовичМовчан.1994	#regular
     64 #ОлегЮрійовичКришин.1967	#regular
     63 #ОлександрВолодимировичДехтярчук.1971	#regular
     63 #ВіталійЮрійовичБезгін.1990	#regular
     62 #ЮрійАдріяновичМихальчишин.1982	#regular
     62 #ОлександрМиколайовичТрухін.1986	#regular
     62 #ВолодимирФедоровичКальцев.1966	#regular
     61 #ОксанаВолодимирівнаБілозір.1957	#regular
     61 #НаталіяВасилівнаВеселова.1975	#regular
     61 #Мар’янаВолодимирівнаБезугла.1988	#regular
     60 #ЮрійМиколайовичСиротюк.1976	#regular
     60 ШЛАПАК О.В.	#regular
     60 #ТетянаМиколаївнаЧорновол.1979	#regular
     60 #СергійАнатолійовичТерьохін.1963	#regular
     60 #ІринаДмитрівнаФаріон.1964	#regular
     60 #ГеоБагратовичЛерос.1989	#regular
     60 ГАЛУЩЕНКО Г.В.	#regular
     58 #ПавлоВолодимировичДзюблик.1979	#regular
     58 #НаталіяВасилівнаНовак.1955	#regular
     58 #АнтонінаКеримівнаСлавицька.1988	#regular
     58 #АлінаЛеонідівнаЗагоруйко.1984	#regular
     57 САМСІН І.Л.	#regular
     57 КЛІМКІН П.А.	#regular
     57 #ІринаДмитрівнаФаріон.1964	#chair
     57 #ГеоргійВолодимировичЛогвинський.1978	#regular
     57 #АндрійФедоровичАнтонищак.1969	#regular
     56 #ВолодимирМиколайовичОлійник.1957	#regular
     55 #МихайлоМихайловичЛаба.1975	#regular
     55 #МихайлоВолодимировичОпанащенко.1977	#regular
     55 #АнатолійКириловичКінах.1954	#regular
     54 ОМЕЛЯН В.В.	#regular
     54 #ОльгаВолодимирівнаСовгиря.1980	#regular
     54 #МаріяСергіївнаМезенцева.1989	#regular
     53 #ОлександрВладиславовичТкаченко.1966	#regular
     53 #ЛюбомирЛьвовичЗубач.1978	#regular
     52 #ЯрославВасильовичЛесюк.1952	#regular
     52 #ЮрійЮрійовичАрістов.1975	#regular
     52 #ОлександрПавловичФедієнко.1972	#regular
     52 #ЛесяВалентинівнаЗабуранна.1981	#regular
     52 #ІванІвановичСавка.1972	#regular
     52 #ГригорійАроновичШверк.1957	#regular
     52 #ВіталійАндрійовичКорчик.1984	#regular
     51 #СергійВіталійовичБабак.1978	#regular
     51 #ОлександрВалерійовичОпанасенко.1977	#regular
     51 #НаталіяВолодимирівнаКацер-Бучковська.1983	#regular
     51 #ВіталійФилимоновичСташук.1972	#regular
     51 #ВасильВасильовичАмельченко.1962	#regular
     51 #АндрійВікторовичМотовиловець.1982	#regular
     50 #ОлександрОксеньтійовичШевченко.1937	#regular
     49 #ЮрійМихайловичКузбит.1977	#regular
     49 #ІгорОлексійовичГринів.1961	#regular
     47 #ЮрійВасильовичБублик.1973	#regular
     47 #ПетроВасильовичЮрчишин.1958	#regular
     47 #ОлександрОлександровичМарченко.1965	#regular
     47 #ОлегВасильовичЛаврик.1973	#regular
     47 #ОксанаВасилівнаСавчук.1983	#regular
     47 #МиколаВолодимировичЛюшняк.1974	#regular
     47 #ІринаМиколаївнаСуслова.1988	#regular
     47 #ВікторІвановичВовк.1962	#regular
     46 #СергійМиколайовичСажко.1969	#regular
     46 #ОлегІгоровичПанькевич.1972	#regular
     46 #КостянтинЮрійовичПавлов.1973	#regular
     45 #ЮліяГригорівнаЯцик.1979	#regular
     45 #ТетянаДмитрівнаБахтеєва.1953	#regular
     45 РЕЗНІКОВ О.Ю.	#regular
     45 #ДмитроСергійовичЧорний.1989	#regular
     45 #ДмитроДавидовичКисилевський.1983	#regular
     45 #ВікторЄвгеновичЄленський.1957	#regular
     45 #ВадимВасильовичКолесніченко.1958	#regular
     45 #АртурЛеонідовичПалатний.1973	#regular
     45 АБРОМАВИЧУС А.	#regular
     44 #ЯрославВолодимировичМаркевич.1973	#regular
     44 #СергійОлексійовичТарута.1955	#regular
     44 #ЛесяВолодимирівнаВасиленко.1987	#regular
     44 #ІванІвановичКуліченко.1955	#regular
     43 #ПетроПавловичСабашук.1957	#regular
     43 #ПавлоВалерійовичФролов.1976	#regular
     43 #МиколаІвановичКучер.1959	#regular
     43 #МиколаВікторовичБабенко.1980	#regular
     43 #КіраОлександрівнаРудик.1985	#regular
     43 #ІванВасильовичПопеску.1964	#regular
     43 #ГеоргійГеоргійовичМазурашу.1971	#regular
     43 #АнатолійМусійовичГіршфельд.1957	#regular
     42 #СпірідонПавловичКілінкаров.1968	#regular
     42 РОМАНЮК Я.М.	#regular
     42 #ОленаОлексіївнаШуляк.1976	#regular
     42 #ОлександрАнатолійовичДубінський.1981	#regular
     42 #МаксимВікторовичЄфімов.1974	#regular
     42 #КатеринаТимофіївнаВащук.1947	#regular
     42 #ВолодимирКостянтиновичКуренной.1967	#regular
     41 #ЯківЯковичБезбах.1957	#regular
     41 #ЮрійВолодимировичВознюк.1980	#regular
     41 #РусланБогдановичЗелик.1965	#regular
     41 #ОлександрМиколайовичСтоян.1943	#regular
     41 #ОлександрВіленовичЧорноволенко.1955	#regular
     41 #МаксимЄвгеновичДирдін.1982	#regular
     41 ЛЯШКО В.К.	#regular
     41 #ІринаІгорівнаСех.1970	#regular
     41 #ВіталійМиколайовичКупрій.1973	#regular
     41 #АртемОлеговичЧорноморов.1988	#regular
     41 #АрсенБорисовичАваков.1964	#regular
     40 #РоманРомановичІлик.1963	#regular
     40 #ОлександрОлександровичМережко.1971	#regular
     40 МЯРКОВСЬКИЙ А.І.	#regular
     39 #СергійВолодимировичХлань.1972	#regular
     39 #ОлександрМихайловичЗавітневич.1973	#regular
     39 #МиколаМиколайовичЗадорожній.1984	#regular
     39 ЗЕЛЕНСЬКИЙ В.О.	#regular
     39 #ЄвгенІвановичМельник.1956	#regular
     39 #ГригорійЄвдокимовичСмітюх.1961	#regular
     39 #ВасильОлександровичГуляєв.1963	#regular
     39 #АнастасіяОлегівнаРадіна.1984	#regular
     38 #ТетянаБорисівнаРичкова.1978	#regular
     38 #СвятославІвановичВакарчук.1975	#regular
     38 #ОлегАнатолійовичНедава.1969	#regular
     38 #ЄвгенійВадимовичБрагар.1994	#regular
     38 #ВладленМихайловичНеклюдов.1973	#regular
     38 #ВіталійАнатолійовичКовальчук.1969	#regular
     38 #АндрійВіталійовичШевченко.1976	#regular
     38 #АндрійБогдановичКіт.1971	#regular
     38 #АндрійАнатолійовичГордєєв.1983	#regular
     37 УМАНСЬКИЙ І.І.	#regular
     37 #РоманСергійовичРоманюк.1961	#regular
     37 #ОлегВолодимировичБондаренко.1975	#regular
     37 #ІгорВолодимировичПопов.1972	#regular
     37 #ГалинаОлегівнаМихайлюк.1987	#regular
     36 #ЮрійОлександровичКамельчук.1980	#regular
     36 #ОлександрВалерійовичМаріковський.1982	#regular
     36 #МаксимВасильовичПавлюк.1992	#regular
     36 #ІванМихайловичСтойко.1961	#regular
     36 #ГригорійІвановичТіміш.1970	#regular
     36 #АнатолійІгоровичУрбанський.1975	#regular
     35 #ЮліяМиколаївнаГришина.1978	#regular
     35 #СергійКостянтиновичІонушас.1979	#regular
     35 #РоманТарасовичЧернега.1979	#regular
     35 ПРИСТАЙКО В.В.	#regular
     35 НЕФЬОДОВ М.Є.	#regular
     35 #АндрійОлексійовичВадатурський.1973	#regular
     35 #АндрійВікторовичЖупанин.1989	#regular
     35 #АндрійАндрійовичКлочко.1981	#regular
     34 ПОРОШЕНКО П.О.	#regular
     34 #ОлександрМаксимовичСич.1964	#regular
     34 #ОлександрІгоревичНечаєв.1963	#regular
     34 #НадіяВікторівнаСавченко.1981	#regular
     34 #МихайлоМихайловичХміль.1973	#regular
     34 #МиколаВолодимировичМартиненко.1961	#regular
     34 #ДмитроЄвгеновичДобродомов.1977	#regular
     34 #ВасильІвановичБрензович.1964	#regular
     34 #БогданМироновичМатківський.1980	#regular
     34 #АрсенійМихайловичПушкаренко.1992	#regular
     33 ФЕДОРОВИЧ Н.В.	#regular
     33 ТІТАРЧУК М.І.	#regular
     33 #ТетянаЯрославівнаСлюз.1965	#regular
     33 СМОЛІЙ Я.В.	#regular
     33 #СергійІвановичБерезенко.1984	#regular
     33 #РоманМихайловичНасіров.1979	#regular
     33 #ОлександрСергійовичСухов.1984	#regular
     33 #ОлександрМихайловичБригинець.1962	#regular
     33 #ОлександрВолодимировичГорбунов.1969	#regular
     33 #НаталіяІгорівнаПриходько.1981	#regular
     33 #ВалерійІвановичБожик.1971	#regular
     33 #ВадимЗіновійовичРабінович.1953	#regular
     33 #БорисВікторовичПриходько.1973	#regular
     33 #АхтемЗейтуллайовичЧийгоз.1964	#regular
     32 УДОВИЧЕНКО О.С.	#regular
     32 #СергійРафаїловичГриневецький.1957	#regular
     32 #СеменІгоровичСеменченко.1974	#regular
     32 #КириллОлександровичНестеренко.1993	#regular
     32 ЄМЕЛЬЯНОВА І.І.	#regular
     32 #ВладиславВолодимировичСеврюков.1975	#regular
     32 БЕНЕДИСЮК І.М.	#regular
     32 #АндрійОлександровичРека.1953	#regular
     32 #АндрійМиколайовичМіщенко.1973	#regular
     31 #СергійВіталійовичВисоцький.1985	#regular
     31 #ПавлоМиколайовичСушко.1979	#regular
     31 #ОлександрВалерійовичДроздик.1983	#regular
     31 #ЄгорВолодимировичЧернєв.1985	#regular
     31 #ДенисВячеславовичМаслов.1983	#regular
     31 #ВіталійОлександровичНемілостівий.1968	#regular
     31 #ВалентинМиколайовичНичипоренко.1961	#regular
     30 РУСНАК І.С.	#regular
     30 ПЕТУХОВ С.І.	#regular
     30 #ОленаСергіївнаМасоріна.1986	#regular
     30 #ОлександрАнатолійовичДануца.1980	#regular
     30 НИЩУК Є.М.	#regular
     30 #КостянтинВолодимировичЯриніч.1970	#regular
     30 ГУЗИР В.П.	#regular
     30 #АндрійВалентиновичНемировський.1983	#regular
     29 ФІЛАТОВ О.В.	#regular
     29 СУПРУН У.Н.	#regular
     29 #СергійВолодимировичДунаєв.1973	#regular
     29 #МиколаОлександровичЛевченко.1979	#regular
     29 КРАСНОСІЛЬСЬКА А.О.	#regular
     29 #ЄвгеніяМихайлівнаКравчук.1985	#regular
     29 ДЖЕМІЛЄВ М.	#regular
     29 #ВалерійВікторовичЧерняков.1966	#regular
     29 #АндрійЯрославовичЛопушанський.1962	#regular
     29 #АндрійВасильовичПавелко.1975	#regular
     28 #РоманМиколайовичМацола.1974	#regular
     28 #ОльгаДмитрівнаМихайленко.1956	#regular
     28 #ОлексійЮрійовичФурман.1969	#regular
     28 #ОлександрРафкатовичАбдуллін.1962	#regular
     28 #ОлександрЛеонідовичСугоняко.1958	#regular
     28 #ОлександрВолодимировичЛавринович.1956	#regular
     28 #ВалерійВалерійовичЛунченко.1982	#regular
     28 #БогданМихайловичБенюк.1957	#regular
     28 #АнтонОлексійовичШвачко.1992	#regular
     27 #РобертІвановичГорват.1969	#regular
     27 #МихайлоВасильовичБлавацький.1958	#regular
     27 #Мар’янБогдановичЗаблоцький.1985	#regular
     27 #ІгорОлександровичЖданов.1967	#regular
     27 #ІванВолодимировичМірошніченко.1972	#regular
     27 ЗАХАРЧЕНКО В.Ю.	#regular
     27 #ДмитроСергійовичКостюк.1993	#regular
     27 #ВолодимирВолодимировичМакеєнко.1965	#regular
     27 #ВадимВладиславовичНовинський.1963	#regular
     27 #ВадимВікторовичКривохатько.1962	#regular
     27 #АндрійВолодимировичГальченко.1971	#regular
     27 #АндрійАндрійовичШараськін.1977	#regular
     26 #ЮрійМиколайовичМороко.1953	#regular
     26 #ОлексійОлексійовичСкрипник.1964	#regular
     26 НЕГОДА В.А.	#regular
     26 #МиколаЯновичАзаров.1947	#regular
     26 #МаксимАнатолійовичПоляков.1982	#regular
     26 #КостянтинОлександровичГузенко.1966	#regular
     26 КОЛОМІЄЦЬ В.Р.	#regular
     26 КОВАЛЬ М.В.	#regular
     26 #ІгорТарасовичЯнків.1971	#regular
     26 #ЄвгенВіталійовичБалицький.1969	#regular
     26 #АндрійМар’яновичЛевус.1979	#regular
     25 #ЮрійАнатолійовичШаповалов.1972	#regular
     25 #СергійЄвсейовичДраюк.1953	#regular
     25 #ОлексійОлеговичУстенко.1994	#regular
     25 #ОлександрМиколайовичКубраков.1982	#regular
     25 #ОлександрВікторовичКірш.1961	#regular
     25 ЛАЗЕБНА М.В.	#regular
     25 #ІштванФеренцовичГайдош.1971	#regular
     25 #ІринаАндріївнаВерещук.1979	#regular
     25 #ДмитроВалерійовичЛюбота.1981	#regular
     25 #ГалинаМихайлівнаЧорна.1967	#regular
     25 #ВолодимирЛеонідовичГевко.1975	#regular
     25 #ВладиславВалентиновичЛук’янов.1964	#regular
     24 ПРОДАН Ю.В.	#regular
     24 #ОлексійОлексійовичЛенський.1975	#regular
     24 #ОлексійМиколайовичКириченко.1975	#regular
     24 #МаріяВасилівнаМатіос.1959	#regular
     24 КОРЧАК Н.М.	#regular
     24 ВОВК Д.В.	#regular
     24 #ВікторМиколайовичКороль.1948	#regular
     24 #АнатолійДмитровичГончаров.1949	#regular
     23 #ЮліяЮріївнаОвчинникова.1985	#regular
     23 ТРОЯН В.А.	#regular
     23 #СергійМиколайовичГлазунов.1958	#regular
     23 РЯБОШАПКА Р.Г.	#regular
     23 #РустемЕнверовичУмєров.1982	#regular
     23 #ПавлоПетровичКостенко.1976	#regular
     23 #ОлексійПетровичПорошенко.1985	#regular
     23 #ІринаДмитрівнаСпіріна.1959	#regular
     23 #ВолодимирВолодимировичМельниченко.1965	#regular
     23 #ВадимІгоровичДенисенко.1974	#regular
     22 #РусланВолодимировичКошулинський.1969	#regular
     22 ПОЛТОРАК С.Т.	#regular
     22 ПАВЛЕНКО О.М.	#regular
     22 #ОлександрГеннадійовичПузанов.1977	#regular
     22 #МаринаОлегівнаБардіна.1992	#regular
     22 #ІгорФедоровичМолоток.1967	#regular
     22 #ДмитроСергійовичМикиша.1985	#regular
     22 #БогданВасильовичЯременко.1971	#regular
     22 #АртемГеннадійовичДмитрук.1993	#regular
     22 #АндрійЛеонідовичДеркач.1967	#regular
     22 #АльонаВолодимирівнаКошелєва.1990	#regular
     21 #ЮрійЯрославовичСтець.1975	#regular
     21 #ЮлійВалерійовичМамчур.1971	#regular
     21 #СергійМироновичКвіт.1965	#regular
     21 #СвітланаМихайлівнаВойцеховська.1959	#regular
     21 #ОлександрПетровичЗубчевський.1979	#regular
     21 #ОлександрБорисовичМочков.1981	#regular
     21 #МаксимВалентиновичЗаремський.1991	#regular
     21 #ІванАдамовичЧайківський.1972	#regular
     21 #ДмитроВалерійовичКолєсніков.1972	#regular
     21 #ВолодимирВасильовичСальдо.1956	#regular
     21 #БогданВікторовичКицак.1992	#regular
     20 ЯРЕМА В.Г.	#regular
     20 #СутоЧолоєвичМамоян.1981	#regular
     20 #СергійВасильовичГончаров.1958	#regular
     20 #ІгорАндрійовичАртюшенко.1984	#regular
     20 #ВолодимирВасильовичРибак.1946	#regular
     20 #ВолодимирАнатолійовичБідьовка.1981	#regular
     20 #ВікторНичипоровичМ’ялик.1979	#regular
     20 #ВікторЙосиповичРазвадовський.1959	#regular
     20 БАКАНОВ І.Г.	#regular
     20 #АндрійГригоровичПишний.1974	#regular
     20 #АнатолійСтепановичГриценко.1957	#regular
     20 АБРАМОВСЬКИЙ Р.Р.	#regular
     19 #СергійФедоровичКальцев.1960	#regular
     19 #СергійСергійовичШтепа.1990	#regular
     19 #СергійОлексійовичДемченко.1976	#regular
     19 #СергійЛеонідовичТігіпко.1960	#regular
     19 #РоманПавловичГрищук.1989	#regular
     19 #ОксанаОлександрівнаДмитрієва.1980	#regular
     19 #МихайлоВасильовичМакаренко.1950	#regular
     19 #МиколаСергійовичДзарданов.1953	#regular
     19 #ЛюбовОлександрівнаШпак.1980	#regular
     19 КОРЗУН А.В.	#regular
     19 #ГеннадійГригоровичЗубко.1967	#regular
     19 #В’ячеславАнатолійовичМедяник.1987	#regular
     19 АВАКОВ А.Б.	#regular
     18 ШКАРЛЕТ С.М.	#regular
     18 ФУДАШКІН Д.О.	#regular
     18 #ТарасПетровичТарасенко.1980	#regular
     18 #ТарасЗіновійовичЮрик.1980	#regular
     18 #СтепанСтепановичБарна.1979	#regular
     18 #СергійВолодимировичКудлаєнко.1975	#regular
     18 #СергійВасильовичМартиняк.1971	#regular
     18 СВЕТЕЛІК О.Д.	#regular
     18 #РусланВалерійовичЛук’янчук.1972	#regular
     18 #ОлександрОлександровичСкічко.1991	#regular
     18 #ОлександрАндрійовичПрисяжнюк.1986	#regular
     18 #МихайлоВіталійовичГаврилюк.1979	#regular
     18 ЛЮБЧЕНКО О.М.	#regular
     18 #ЛадаВалентинівнаБулах.1976	#regular
     18 #ІгорПетровичПалиця.1972	#regular
     18 #ІгорМиколайовичПобер.1968	#regular
     18 ЗАГОРОДНЮК А.П.	#regular
     18 #ЕдуардПетровичПрощук.1982	#regular
     18 БАБАК А.В.	#regular
     18 #АндрійВікторовичПономарьов.1961	#regular
     18 #АндрійВікторовичАртеменко.1969	#regular
     17 #ЮрійПетровичСавчук.1967	#regular
     17 #ТетянаАнатоліївнаДонець.1980	#regular
     17 #РусланВалерійовичТребушкін.1975	#regular
     17 #ОлександрІгоровичУрбанський.1982	#regular
     17 КІСТІОН В.Є.	#regular
     17 #ІлляВолодимировичКива.1977	#regular
     17 #ІгорВіталійовичБриченко.1970	#regular
     17 #ЄгорПавловичФірсов.1988	#regular
     17 #ГеннадійВіталійовичТкачук.1968	#regular
     17 #ВолодимирІларіоновичКудря.1948	#regular
     17 БОДНАР В.М.	#regular
     17 #АнатолійДмитровичОстапенко.1968	#regular
     16 ЯНЧУК А.В.	#regular
     16 СУХАЧОВ О.О.	#regular
     16 СТЕФАНЧУК Р.О.	#regular
     16 #СергійВолодимировичКуніцин.1960	#regular
     16 #РоманВячеславовичБабій.1977	#regular
     16 ПРИСЯЖНЮК М.В.	#regular
     16 ПЕТРАШКО І.Р.	#regular
     16 #ОльгаВасилівнаБорита.1956	#regular
     16 #ОленаЄвгенівнаКопанчук.1978	#regular
     16 #ОлексійСергійовичЖмеренецький.1986	#regular
     16 #ОлексійАнатолійовичОржель.1984	#regular
     16 #ОлександрОлександровичЖолобецький.1966	#regular
     16 #ОлександрВасильовичРевега.1966	#regular
     16 #ОксанаАнатоліївнаГринчук.1979	#regular
     16 МИКОЛЬСЬКА Н.Я.	#regular
     16 МАКЕЄВА О.Л.	#regular
     16 КВІТАШВІЛІ О.	#regular
     16 КАЧУР Р.П.	#regular
     16 #ІгорПетровичМарчук.1969	#regular
     16 #ДмитроВолодимировичТабачник.1963	#regular
     16 #ДенисЛеонтійовичМалюська.1981	#regular
     16 #ВолодимирПетровичШульга.1973	#regular
     16 #ВікторІвановичЧорний.1968	#regular
     16 #ВасильПетровичЯніцький.1973	#regular
     15 СЕВОСТЬЯНОВА Н.І.	#regular
     15 ПИВОВАРСЬКИЙ А.М.	#regular
     15 #ОленаВолодимирівнаМошенець.1983	#regular
     15 #ОлегЛеонідовичКанівець.1963	#regular
     15 МЕХЕД П.М.	#regular
     15 МАГУТА Р.М.	#regular
     15 ЛУТКОВСЬКА В.В.	#regular
     15 #ЛідіяЛеонідівнаКотеляк.1963	#regular
     15 ЛЕЩЕНКО Р.М.	#regular
     15 #ЛесяЮріївнаОробець.1982	#regular
     15 #ІринаВалеріївнаКупрейчик.1971	#regular
     15 #ЗіновійМирославовичАндрійович.1972	#regular
     15 #ЄвгенійВолодимировичШевченко.1972	#regular
     15 #ВолодимирМиколайовичВечерко.1953	#regular
     15 #ВолодимирВасильовичШкварилюк.1974	#regular
     15 #ВіталійАнатолійовичГрушевський.1971	#regular
     15 #ВікторВолодимировичБутківський.1959	#regular
     15 #ВалерійМиколайовичДавиденко.1973	#regular
     15 #ВалентинГригоровичМатвєєв.1943	#regular
     15 #АндрійВіленовичСенченко.1959	#regular
     15 #АнатолійСергійовичЄвлахов.1981	#regular
     14 ХОЛОДНИЦЬКИЙ Н.І.	#regular
     14 ФЕЩУК У.Ю.	#regular
     14 ТАРАН А.В.	#regular
     14 СКАЛЕЦЬКА З.С.	#regular
     14 #СергійВасильовичМагера.1956	#regular
     14 #СергійВалерійовичКолебошин.1977	#regular
     14 #СвятославМихайловичХаненко.1953	#regular
     14 ПИРОЖЕНКО О.В.	#regular
     14 #ПавлоВікторовичМельник.1984	#regular
     14 #ОлександрГеоргійовичСова.1972	#regular
     14 #ОлегМирославовичСиротюк.1978	#regular
     14 #ОлегІвановичГелевей.1965	#regular
     14 #ОлегАнатолійовичЦарьов.1970	#regular
     14 #МихайлоВалентиновичКобцев.1969	#regular
     14 МАТВІЙЧУК В.М.	#regular
     14 #ЛюдмилаАнатоліївнаБуймістер.1985	#regular
     14 ІВАНКЕВИЧ В.В.	#regular
     14 ДОВГАНЬ В.М.	#regular
     14 #ДмитроВасильовичШлемко.1950	#regular
     14 ГЕРАЩЕНКО А.Ю.	#regular
     14 #ВікторІвановичТурманов.1945	#regular
     14 #ВалерійМиколайовичВощевський.1956	#regular
     14 #ВалерійЗахаровичМошенський.1957	#regular
     14 БОНДАР Б.В.	#regular
     14 АРБУЗОВ С.Г.	#regular
     14 #АндрійІвановичХолодов.1972	#regular
     13 ШЕРЕМЕТА П.М.	#regular
     13 #ХвичаНодаровичМепарішвілі.1972	#regular
     13 #ОлександрІвановичСупруненко.1971	#regular
     13 #МиколаВасильовичЖук.1979	#regular
     13 #ЛеонтійСвятославовичМартинюк.1971	#regular
     13 #КостянтинГлібовичУсов.1988	#regular
     13 КИСЛИЦЯ С.О.	#regular
     13 КАПІНУС Є.В.	#regular
     13 #ІгорВолодимировичКопитін.1981	#regular
     13 #ДмитроОлександровичГурін.1982	#regular
     13 #ВолодимирВолодимировичБандуров.1973	#regular
     13 #ВасильПетровичСамойленко.1946	#regular
     13 #АндрійЯрославовичТягнибок.1973	#regular
     13 #АнатолійМиколайовичВітів.1960	#regular
     13 #АдамІвановичМартинюк.1950	#chair
     13 АГАФОНОВА Н.В.	#regular
     12 #ЮлійЯковичІоффе.1940	#regular
     12 ШУБІН В.М.	#regular
     12 ШОКІН В.М.	#regular
     12 СИТНИК А.С.	#regular
     12 #СергійВолодимировичНагорняк.1982	#regular
     12 #РусланОлександровичГорбенко.1979	#regular
     12 #РостиславЯрославовичТістик.1993	#regular
     12 ПШОНКА В.П.	#regular
     12 ПАЦКАН В.В.	#regular
     12 #ОльгаВолодимирівнаЛевченко.1959	#regular
     12 #ОлегВолодимировичБондарчук.1975	#regular
     12 #МиколаОлександровичФролов.1959	#regular
     12 #МиколаІвановичЛаврик.1952	#regular
     12 МАНЖОСОВ В.А.	#regular
     12 #МаксимМиколайовичТкаченко.1983	#regular
     12 ЛАВРЕНЮК Ю.Ф.	#regular
     12 КОЛЕСНИЧЕНКО В.М.	#regular
     12 КОВТУНЕЦЬ В.В.	#regular
     12 #ІринаОлексіївнаЄфремова.1959	#regular
     12 #ЖанВенсановичБеленюк.1991	#regular
     12 #ДмитроВолодимировичСвяташ.1971	#regular
     12 #Дар’яАртемівнаВолодіна.1991	#regular
     12 #ГаннаВячеславівнаБондар.1975	#regular
     12 #БорисЮрійовичКозир.1975	#regular
     12 БАНЧУК О.А.	#regular
     11 #ЮхимЛеонідовичЗвягільський.1933	#regular
     11 ШЕВАЛЬОВ А.В.	#regular
     11 СТЕФАНІШИНА О.В.	#regular
     11 СОКОЛЮК М.Ю.	#regular
     11 #РусланДмитровичБогдан.1972	#regular
     11 #РоманОмеляновичЗабзалюк.1960	#regular
     11 #ПетроІвановичПавловський.1981	#regular
     11 #ОлександрСтаніславовичПасічний.1972	#regular
     11 #ОлександрМиколайовичРиженков.1950	#regular
     11 #ОлександрЛеонідовичШевченко.1971	#regular
     11 #ОлександрВікторовичЗац.1976	#regular
     11 #ОлександрВасильовичАліксійчук.1981	#regular
     11 #ОлегДмитровичПарасків.1966	#regular
     11 #ОксанаМиколаївнаКалетник.1972	#regular
     11 МАКСЮТА А.А.	#regular
     11 #ІринаНаумівнаБорзова.1982	#regular
     11 #ІгорАнатолійовичДіденко.1967	#regular
     11 #ЄвгенГригоровичКарташов.1942	#regular
     11 #ДмитроОлександровичБілоцерковець.1986	#regular
     11 #ДмитроБорисовичТимчук.1972	#regular
     11 ГРОЙСМАН В.Б.	#regular
     11 #ГеннадійГеннадійовичМоскаль.1950	#regular
     11 #ВладіславМиколайовичПоляк.1975	#regular
     11 #ВіталінаОлексіївнаДзоз.1955	#regular
     11 #ВіталійІвановичГудзенко.1971	#regular
     11 #ВікторіяОлександрівнаКінзбурська.1980	#regular
     11 #ВасильІвановичМокан.1985	#regular
     11 БІЛОУС І.О.	#regular
     11 #АндрійСергійовичДенисенко.1973	#regular
     10 #ЮрійМихайловичМисягін.1974	#regular
     10 ШЕВЧУК О.М.	#regular
     10 ШАМБІР М.І.	#regular
     10 #ФедірВолодимировичХристенко.1983	#regular
     10 #СтепанВолодимировичКурпіль.1959	#regular
     10 СТАВИЦЬКИЙ Е.А.	#regular
     10 СОВСУН І.Р.	#regular
     10 #ПетроМихайловичВанат.1938	#regular
     10 #ОленаАнатоліївнаБондаренко.1974	#regular
     10 #ОлексійОлександровичЛеонов.1983	#regular
     10 #ОлександрВолодимировичРомановський.1952	#regular
     10 ЛАЗОРИШИНЕЦЬ В.В.	#regular
     10 КОЛОМІЄЦЬ В.М.	#regular
     10 КОВТОНЮК П.А.	#regular
     10 КАРМАЗІН Ю.А.	#regular
     10 #ІгорСергійовичКривошеєв.1985	#regular
     10 #ІгорГригоровичКалєтнік.1972	#regular
     10 ЗГУЛАДЗЕ-ГЛУКСМАНН Е.	#regular
     10 #ЄвгенПавловичПивоваров.1978	#regular
     10 ДАНІЛОВ О.М.	#regular
     10 ГРАДІЛЬ А.І.	#regular
     10 #ВікторДмитровичШвець.1954	#regular
     10 #АндрійВолодимировичБогданець.1983	#regular
      9 #ЮрійВікторовичЗдебський.1972	#regular
      9 #ЮрійАнатолійовичБлагодир.1974	#regular
      9 #ЮліяВолодимирівнаЛьовочкіна.1977	#regular
      9 ШКУРАКОВ В.О.	#regular
      9 ХОДАКОВСЬКИЙ П.В.	#regular
      9 СТРІХА М.В.	#regular
      9 #СвітланаСамуілівнаФабрикант.1967	#regular
      9 СВИРИДЕНКО Ю.А.	#regular
      9 #РоманВолодимировичКаптєлов.1980	#regular
      9 #ПавлоВіталійовичЯкименко.1989	#regular
      9 #ПавлоВеніаміновичКириленко.1976	#regular
      9 #ОльгаМирославівнаСікора.1961	#regular
      9 #ОльгаВолодимирівнаКоваль.1991	#regular
      9 #ОлександрМиколайовичБіловол.1962	#regular
      9 #ОлександрІвановичДубінін.1959	#regular
      9 #ОлегСергійовичТарасов.1984	#regular
      9 #ОлегМиколайовичПетренко.1973	#regular
      9 #ОлегГригоровичЛукашук.1951	#regular
      9 #МиколаОлексійовичСтефанчук.1981	#regular
      9 #МиколаМиколайовичТищенко.1972	#regular
      9 #ЛарисаМакарівнаБайдюк.1951	#regular
      9 ЛАПУТІНА Ю.А.	#regular
      9 #ІгорПетровичНегулевський.1983	#regular
      9 #ДмитроОлександровичНальотов.1985	#regular
      9 ДІДЕНКО І.М.	#regular
      9 ДЖИГИР Ю.А.	#regular
      9 ГАНУЩАК Ю.І.	#regular
      9 #ВячеславВолодимировичРубльов.1979	#regular
      9 ВРОНСЬКА Г.О.	#regular
      9 #ВолодимирВолодимировичДудка.1972	#regular
      9 #ВладиславЮрійовичДанілін.1983	#regular
      9 #ВладиславАртуровичКриклій.1986	#regular
      9 ВІТРЕНКО Ю.Ю.	#regular
      9 #ВікторІвановичГубар.1971	#regular
      9 #ВадимВалерійовичКривенко.1968	#regular
      9 #АртемСергійовичНагаєвський.1983	#regular
      8 #ЯрославЯрославовичГінка.1980	#regular
      8 ЯРЕСЬКО Н.Я.	#regular
      8 #ЮрійЮрійовичБабій.1977	#regular
      8 ЧУРКІНА О.І.	#regular
      8 ТАРАСЮК В.В.	#regular
      8 СУКМАНОВА О.В.	#regular
      8 СТАВНІЙЧУК М.І.	#regular
      8 #СергійВолодимировичКузьміних.1983	#regular
      8 РЯБЧИН О.М.	#regular
      8 РЯБУХА Т.В.	#regular
      8 ПОРТНОВ А.В.	#regular
      8 #ПавлоВіталійовичХалімон.1983	#regular
      8 #ОленаВасилівнаВінтоняк.1979	#regular
      8 #ОлексійВолодимировичКучер.1985	#regular
      8 #ОлександрВолодимировичСанченко.1988	#regular
      8 #ОлегВалерійовичСемінський.1973	#regular
      8 МУЗИЧЕНКО В.В.	#regular
      8 МУЖЕНКО В.М.	#regular
      8 #МаркіянРомановичЛопачак.1980	#regular
      8 КУЛЕБА Д.І.	#regular
      8 КОВАЛЬ Д.М.	#regular
      8 #ІгорВолодимировичВасилів.1979	#regular
      8 #ЄлизаветаОлексіївнаЯсько.1990	#regular
      8 #ДмитроАнатолійовичСторожук.1985	#regular
      8 #ДавидБорисовичМакар’ян.1984	#regular
      8 ГРОЙСАН В.Б.	#chair
      8 ГРИЦАК В.С.	#regular
      8 #ГеннадійАнатолійовичВацак.1972	#regular
      8 В’ЯТРОВИЧ В.М.	#regular
      8 #ВіталійГригоровичЯрема.1963	#regular
      8 #ВікторМиколайовичОстапчук.1955	#regular
      8 ВИСОЦЬКИЙ Т.М.	#regular
      8 #ВасильІвановичГладій.1972	#regular
      8 #ВалерійПавловичОмельченко.1980	#regular
      8 #ВалерійВікторовичКолюх.1973	#regular
      8 #ВалентинВолодимировичДідич.1957	#regular
      8 #АртемОлександровичІльюк.1979	#regular
      8 #АртемВасильовичДубнов.1988	#regular
      8 #АнатолійМихайловичБлизнюк.1948	#regular
      8 #АнатолійВячеславовичКостюх.1988	#regular
      7 #ЮліяОлександрівнаДіденко.1978	#regular
      7 #СергійФедоровичШвець.1976	#regular
      7 #СергійМиколайовичАверченко.1965	#regular
      7 #СергійАнатолійовичЛитвиненко.1968	#regular
      7 РЯБІКІН П.Б.	#regular
      7 РОМАНОВ М.І.	#regular
      7 #РоманВасильовичШугало.1986	#regular
      7 #РоманВасильовичСоха.1975	#regular
      7 ПИШНИЙ А.Г.	#regular
      7 ПАВЛЕНКО О.С.	#regular
      7 #ОленаВолодимирівнаЛедовських.1960	#regular
      7 #ОленаВолодимирівнаКриворучкіна.1971	#regular
      7 #ОлексійОлександровичКузнєцов.1979	#regular
      7 #ОлександрОлександровичГоренюк.1991	#regular
      7 #ОлександрМиколайовичЛітвінов.1972	#regular
      7 #ОлегАндрійовичДунда.1980	#regular
      7 НОВОХАТЬКО Л.М.	#regular
      7 #МиколаГерасимовичКучерук.1960	#regular
      7 ЛІСОВЕНКО В.В.	#regular
      7 #ЛеонідОлександровичКожара.1963	#regular
      7 КОЛОБОВ Ю.В.	#regular
      7 КОВАЛІВ Ю.І.	#regular
      7 КОБОЛЄВ А.В.	#regular
      7 КВІТ С.М.	#regular
      7 ІЛИК Р.Р.	#regular
      7 #ІгорВіталійовичКононенко.1965	#regular
      7 #ІгорВікторовичАлексєєв.1960	#regular
      7 #ЗлатаЛеонідівнаОгнєвіч.1986	#regular
      7 ЗЕРКАЛЬ О.В.	#regular
      7 #ЄвгенійВадимовичМорозенко.1958	#regular
      7 #ЕллаАнатоліївнаРєпіна.1973	#regular
      7 #ДмитроІвановичГолубов.1983	#regular
      7 ГУСЄВ Ю.В.	#regular
      7 ГРЕБА Р.В.	#regular
      7 #ВікторАнатолійовичТимошенко.1969	#regular
      7 #ВасильХаритоновичДемедюк.1957	#regular
      7 #ВадимІвановичПідберезняк.1972	#regular
      7 БОНДАРЧУК І.В.	#regular
      7 #БогданСеменовичОнуфрик.1958	#regular
      7 #АртемЛеонідовичВітко.1983	#regular
      7 #АндрійПетровичСтріхарський.1981	#regular
      7 #АндрійПавловичПінчук.1980	#regular
      7 #АнатолійГригоровичДрабовський.1958	#regular
      6 #ЮрійМиколайовичМакедон.1980	#regular
      6 #СтепанПетровичІвахів.1968	#regular
      6 #СергійОлександровичГорохов.1974	#regular
      6 #СергійВолодимировичМандзій.1974	#regular
      6 #СергійВасильовичКівалов.1954	#regular
      6 #СергійВалерійовичБунін.1971	#regular
      6 РОМЕНСЬКИЙ Д.В.	#regular
      6 ПРОХОРЕНКО О.В.	#regular
      6 ПОЛІЩУК О.М.	#regular
      6 ПІСЛЯ ПЕРЕРВИ	#regular
      6 #ОрестІгоровичСаламаха.1991	#regular
      6 #ОльгаСтаніславівнаСавченко.1989	#regular
      6 #ОленаВалеріївнаКолганова.1969	#regular
      6 #ОлексійІгоровичКрасов.1987	#regular
      6 #ОлександрБорисовичМатусевич.1974	#regular
      6 #ОлександрАндрійовичКозуб.1956	#regular
      6 МАСЕЛКО Р.А.	#regular
      6 МАЙКО В.А.	#regular
      6 #ЛюдмилаІванівнаМарченко.1983	#regular
      6 ЛАПА В.І.	#regular
      6 КУЛЕБА М.М.	#regular
      6 КОРОЛЕВСЬКА Н.Ю.	#regular
      6 КОЗАК В.В.	#regular
      6 КАРАНДЄЄВ Р.В.	#regular
      6 #ІринаВалеріївнаАллахвердієва.1978	#regular
      6 #ІванАнатолійовичШинкаренко.1986	#regular
      6 ЖУРАВЛЬОВ Д.В.	#regular
      6 ДРАП’ЯТИЙ Б.Є.	#regular
      6 #ДмитроВікторовичСоломчук.1980	#regular
      6 ГЕВКО А.Є.	#regular
      6 #ГаннаВасилівнаЛічман.1978	#regular
      6 #ВолодимирСтепановичМалишев.1950	#regular
      6 ВАЩЕНКО К.О.	#regular
      6 #ВадимСергійовичГалайчук.1971	#regular
      6 #БорисВікторовичКолесніков.1962	#regular
      6 БОДНАР-ПЕТРОВСЬКА О.Б.	#regular
      6 БОГАТИРЬОВА Р.В.	#regular
      6 #АннаСергіївнаКолісник.1994	#regular
      6 #АндрійЄвгенійовичБілецький.1979	#regular
      6 #АнатолійПетровичДенисенко.1971	#regular
      6 #АнатолійБорисовичДирів.1970	#regular
      5 #ЯрославЮрійовичЄдаков.1976	#regular
      5 ЯРЕСЬКО Н.І.	#regular
      5 ЯРЕСЬКО Н.Е.	#regular
      5 #ЮрійГригоровичКісєль.1963	#regular
      5 #ЮліяОлександрівнаСвітлична.1984	#regular
      5 ШИМКІВ Д.А.	#regular
      5 ЧЕЧОТКІН М.О.	#regular
      5 ЧЕХ С.М.	#regular
      5 #ТетянаВікторівнаЦиба.1977	#regular
      5 ТАЛЬКО В.В.	#regular
      5 СІРИЙ М.І.	#regular
      5 #СергійОлександровичФаєрмарк.1962	#regular
      5 #СергійВікторовичБаландін.1973	#regular
      5 СЕРВАТЮК В.М.	#regular
      5 СЕМЧУК Г.М.	#regular
      5 #РоманСтепановичВанзуряк.1980	#regular
      5 #РоманЙосиповичЗаставний.1972	#regular
      5 ПРОСКУРЯКОВ О.А.	#regular
      5 ПОПОВИЧ І.М.	#regular
      5 ПЛАЧКОВ Г.І.	#regular
      5 ПАНАІОТІДІ С.М.	#regular
      5 ПАВЛОВСЬКИЙ І.В.	#regular
      5 #ПавлоВалентиновичЛебедєв.1962	#regular
      5 #ОлександрСеменовичПресман.1961	#regular
      5 #ОлександрОлеговичКуницький.1983	#regular
      5 #ОлександрМихайловичБобков.1960	#regular
      5 #ОлександрВасильовичГайду.1976	#regular
      5 #ОлегЮлійовичБуховець.1974	#regular
      5 #ОлегОлексійовичАрсенюк.1986	#regular
      5 #ОлегМиколайовичДмитренко.1973	#regular
      5 МОРОЗ М.В.	#regular
      5 МОВЧАН М.П.	#regular
      5 #МихайлоІвановичГерасимчук.1947	#regular
      5 #МихайлоВолодимировичАпостол.1961	#regular
      5 МИЛОВАНОВ Т.С.	#regular
      5 #МаринаВікторівнаНікітіна.1986	#regular
      5 ЛОЗОВИЙ А.С.	#regular
      5 КРЕНТОВСЬКА О.П.	#regular
      5 КРАВЧУК Л.М.	#regular
      5 КЛИМЕНКО І.В.	#regular
      5 #ІринаГригоріївнаБережна.1980	#regular
      5 #ІринаАнатоліївнаГоріна.1967	#regular
      5 #ІгорСергійовичВасильєв.1984	#regular
      5 #ЄлізаветаПетрівнаБогуцька.1964	#regular
      5 #ЄвгенСергійовичДейдей.1987	#regular
      5 ДУБОВИК В.Б.	#regular
      5 ДУБЛЯН О.В.	#regular
      5 ДЕМЧЕНКО Р.М.	#regular
      5 ГОЛОС ІЗ ЗАЛИ	#regular
      5 ГОЛОСИ ІЗ ЗАЛИ	#regular
      5 ГЛУЩЕНКО С.В.	#regular
      5 #ВолодимирАнтоновичВатрас.1980	#regular
      5 #ВіталійДмитровичБарвіненко.1981	#regular
      5 #ВасильСтепановичПазиняк.1966	#regular
      5 ВАСИЛЕНКО В.А.	#regular
      5 #ВалерійОлексійовичЗуб.1970	#regular
      5 #ВалерійАнатолійовичГоловко.1965	#regular
      5 БОЛОТСЬКИХ М.В.	#regular
      5 #БогданВасильовичДубневич.1962	#regular
      5 БЛИЗНЮК М.Д.	#regular
      5 БІЛОУСОВ А.Л.	#regular
      5 БАРАНОВ В.О.	#regular
      5 БАБИЧ В.В.	#regular
      5 #АртемВалерійовичКультенко.1984	#regular
      5 #АнтонМиколайовичДорохов.1976	#regular
      4 #ЮрійІвановичБоярський.1960	#regular
      4 ШЕРЕМЕТА В.В.	#regular
      4 ШАФРАНСЬКИЙ В.В.	#regular
      4 ЧЕРНИШОВ О.М.	#regular
      4 УЛЮТІН Д.В.	#regular
      4 ТРОФІМЦЕВА О.В.	#regular
      4 ТЕРЕЩЕНКО А.В.	#regular
      4 ТЕНЮХ І.Й.	#regular
      4 ТЕМНИК Г.П.	#regular
      4 #ТарасВолодимировичОсауленко.1964	#regular
      4 СУШКО О.В.	#regular
      4 СТРІЛЕЦЬ Р.О.	#regular
      4 #СтаніславАнатолійовичМельник.1961	#regular
      4 #СергійВ’ячеславовичКозир.1984	#regular
      4 СЕВРУК Ю.Г.	#regular
      4 САКВАРЕЛІДЗЕ Д.	#regular
      4 #РустамБурхановичРаупов.1964	#regular
      4 #РусланМиколайовичСольвар.1971	#regular
      4 ПОПОВА Л.В.	#regular
      4 ПИСАРУК О.В.	#regular
      4 ПАРФЕНЕНКО Д.М.	#regular
      4 #ПавлоПетровичКорж.1953	#regular
      4 #ОленаОлександрівнаМатузко.1976	#regular
      4 #ОленаГеоргіївнаЛис.1971	#regular
      4 #ОлександрМихайловичТкаченко.1984	#regular
      4 #ОлександрВ’ячеславовичСалійчук.1987	#regular
      4 #ОлегЄвгенійовичВоронько.1974	#regular
      4 НОВІКОВА І.Ю.	#regular
      4 НАЙДЖЕЛ БРАУН	#regular
      4 МОРОЗ О.О.	#regular
      4 #МихайлоМарковичДобкін.1970	#regular
      4 #МихайлоВалерійовичКрячко.1980	#regular
      4 #МиколаВасильовичДжига.1949	#regular
      4 МАНДЗІЙ Л.С.	#regular
      4 #МаксимЮрійовичБерезін.1984	#regular
      4 #МаксимВікторовичПеребийніс.1974	#regular
      4 МАГОМЕДОВ Р.С.	#regular
      4 ЛУКАШ О.Л.	#regular
      4 ЛЕБЕДЦОВ Б.Б.	#regular
      4 КУРИКІН С.І.	#regular
      4 КУРЕНКОВ Є.С.	#regular
      4 #КостянтинІвановичКасай.1979	#regular
      4 #КостянтинВолодимировичМатейченко.1970	#regular
      4 КОРНЕЙКО О.В.	#regular
      4 КЛИМЕНКО Ю.Л.	#regular
      4 КЛИМЕНКО О.В.	#regular
      4 КИЧУН В.І.	#regular
      4 #ІгорМиколайовичПрасолов.1962	#regular
      4 ЗАСУХА С.О.	#regular
      4 ЗАІЧКО О.В.	#regular
      4 ЖИВИЦЬКИЙ Д.О.	#regular
      4 #ЄвгенВасильовичМармазов.1938	#regular
      4 ДАНІШЕВСЬКА В.І.	#regular
      4 ГУТЦАЙТ В.М.	#regular
      4 ГРИЦЕНКО О.В.	#regular
      4 ГОЦУЛ І.Є.	#regular
      4 #ВолодимирЮрійовичМедяник.1970	#regular
      4 #ВолодимирГеннадійовичПолочанінов.1974	#regular
      4 #ВолодимирВолодимировичЗубик.1958	#regular
      4 #ВолодимирВікторовичКрейденко.1987	#regular
      4 ВЛАСЕНКО Ю.М.	#regular
      4 #ВладиславАнатолійовичАтрошенко.1968	#regular
      4 #ВікторПетровичПилипишин.1961	#regular
      4 #ВікторМиколайовичРоманюк.1975	#regular
      4 #ВікторЛеонідовичШевченко.1980	#regular
      4 #ВасильПетровичКравчук.1967	#regular
      4 #ВалерійМихайловичКальченко.1947	#regular
      4 БУЦА Ю.Б.	#regular
      4 БОЙКО Ю.А.	#regular
      4 БОГОВСЛОВСЬКА І.Г.	#regular
      4 БЕРНАЦЬКА Н.І.	#regular
      4 #АндрійОлександровичТабалов.1978	#regular
      4 #АнастасіяОлексіївнаЛяшенко.1986	#regular
      3 ЯРОВИЙ С.А.	#regular
      3 ЯВОРІВСЬКИЙ О.В.	#regular
      3 ШУЛЬМЕЙСТЕР В.Ю.	#regular
      3 ШЕВЧЕНКО І.А.	#regular
      3 ШЕВЧЕНКО В.В.	#regular
      3 ЧЕРЕНКО О.М.	#regular
      3 ЦАРЕВИЧ О.І.	#regular
      3 ХОЦЯНІВСЬКА Н.В.	#regular
      3 #ФедірФедоровичНегой.1958	#regular
      3 ТУРЧИНОВ В.О.	#regular
      3 ТИМОШЕНКО Ю.В.	#regular
      3 #ТетянаМиколаївнаГрищенко.1979	#regular
      3 #ТетянаВасилівнаСкрипка.1984	#regular
      3 ТЕВЕЛЄВ Д.М.	#regular
      3 ТАХТАЙ О.В.	#regular
      3 #СтаніславСеменовичБерезкін.1959	#regular
      3 СОРКІН І.В.	#regular
      3 СОЛЬОНА Н.М.	#regular
      3 СЛІПАЧУК Т.В.	#regular
      3 СКУТЕЛЬНИК П.Ф.	#regular
      3 СИДРОВИЧ Р.М.	#regular
      3 СИДОРОВИЧ Р.М.	#regular
      3 #СергійМиколайовичТригубенко.1972	#regular
      3 #СергійВолодимировичКострійчук.1985	#regular
      3 #СергійВалерійовичТопалов.1965	#regular
      3 СЕННИЧЕНКО Д.В.	#regular
      3 #РусланВолодимировичСкарбовійчук.1975	#regular
      3 РАДУТНИЙ С.І.	#regular
      3 ПРИВАЛОВ О.В.	#regular
      3 ПЕТРЕНКО П.П.	#regular
      3 ОХЕНДОВСЬКИЙ М.В.	#regular
      3 #ОленаВікторівнаХоменко.1975	#regular
      3 #ОлексійЮрійовичСавченко.1977	#regular
      3 #ОлексійПетровичБілий.1961	#regular
      3 #ОлександрРомановичОнищенко.1969	#regular
      3 #ОлександрЛюбимовичКопиленко.1961	#regular
      3 #ОлександрЙосиповичЄдін.1960	#regular
      3 НАЙЄМ М.І.	#regular
      3 НАЗАРЕНКО В.О.	#regular
      3 МУЩИНІН В.В.	#regular
      3 #МаргаритаВіталіївнаШол.1988	#regular
      3 МАЙБОРОДА С.М.	#regular
      3 МАЗУР Л.М.	#regular
      3 #ЛеонідПетровичКозаченко.1955	#regular
      3 ЛЕКАРЬ С.І.	#regular
      3 #ЛарисаЮріївнаМельничук.1962	#regular
      3 КНЯЗЄВ С.М.	#regular
      3 КИЗИМ М.О.	#regular
      3 ІСАЄНКО Д.В.	#regular
      3 #ІгорФедоровичШаров.1961	#regular
      3 ЗАМЛИНСЬКИЙ Р.Т.	#regular
      3 ЗАЙЧУК В.О.	#regular
      3 ЖОЛНОВИЧ О.І.	#regular
      3 ДМИТРУК Н.Ю.	#regular
      3 #ДмитроСергійовичПрипутень.1986	#regular
      3 #ДмитроВалерійовичІсаєнко.1967	#regular
      3 ДЄЄВА А.Є.	#regular
      3 #ДенисСергійовичОмельянович.1977	#regular
      3 ГОНТАРЄВА В.О.	#regular
      3 #ГлібВолодимировичЗагорій.1976	#regular
      3 #ГеннадійАндрійовичВасильєв.1953	#regular
      3 ГЕЛЕТІЙ Ю.І.	#regular
      3 #ВолодимирЯрославовичТимофійчук.1986	#regular
      3 #ВолодимирМироновичСоляр.1981	#regular
      3 #ВіталійОлеговичЧудновський.1969	#regular
      3 #ВікторіяВолодимирівнаБулах.1974	#regular
      3 #ВікторІвановичБалога.1963	#regular
      3 ВІЗІРОВ Б.Й.	#regular
      3 ВЕРЛАНОВ С.О.	#regular
      3 #ВасильІллічКовач.1956	#regular
      3 #ВасильВасильовичПетьовка.1967	#regular
      3 #ВалерійОлександровичІщенко.1973	#regular
      3 #ВалентинІвановичЛандик.1946	#regular
      3 БУТКЕВИЧ В.Г.	#regular
      3 БУРАН О.М.	#regular
      3 БРОВЧЕНКО Ю.П.	#regular
      3 #БорисДавидовичДейч.1938	#regular
      3 #БорисАльбертовичФілатов.1972	#regular
      3 БОНДАРЕНКО А.Є.	#regular
      3 БОЖКОВ О.В.	#regular
      3 БАРАШ М.Я.	#regular
      3 БАЗЮК С.М.	#regular
      3 #АртемОлексійовичСеменюк.1983	#regular
      3 #АркадійОлексійовичКорнацький.1953	#regular
      3 АНТОНЮК Д.Ю.	#regular
      3 #АндрійРостиславовичБоблях.1985	#regular
      3 #АндрійМиколайовичОдарченко.1978	#regular
      3 #АнатолійДмитровичРевенко.1952	#regular
      2 ЯЦЕНЮК А.І.	#regular
      2 ЯРЕСЬКО Н.В.	#regular
      2 ЯРЕМА О.Й.	#regular
      2 ЮХНОВСЬКИЙ І.Р.	#regular
      2 ЮРЧЕНКО А.С.	#regular
      2 #ЮрійІвановичЗаславський.1982	#regular
      2 #ЮрійІвановичГержов.1950	#regular
      2 #ЮрійВолодимировичПоляченко.1963	#regular
      2 #ЮрійБорисовичКрук.1941	#regular
      2 ШУХЕВИЧ Ю.	#regular
      2 ШУЛЬЦ М.	#regular
      2 ШИДЛОВСЬКИЙ В.Б.	#regular
      2 ШАПТАЛА Н.К.	#regular
      2 ШАЙТАН В.А.	#regular
      2 ЧЕРНИШОВ Д.В.	#regular
      2 ЧЕРНИХ С.П.	#regular
      2 ХРОМАЄВ Т.З.	#regular
      2 ХОМЧАК Р.Б.	#regular
      2 ХОБЗЕЙ П.К.	#regular
      2 ФУДАШКІН В.О.	#regular
      2 #ФедірВолодимировичБендюженко.1982	#regular
      2 УСТИМЕНКО С.О.	#regular
      2 УРУСЬКИЙ О.С.	#regular
      2 УЛИДА В.Ю.	#regular
      2 ТРУБАРОВ В.М.	#regular
      2 ТРУБА Р.М.	#regular
      2 ТОМАШ ГРОДЗЬКИЙ	#regular
      2 #ТарасРомановичКозак.1972	#regular
      2 СМАЧИЛО І.В.	#regular
      2 СКОРОХОД К.	#regular
      2 #СергійМиколайовичЛарін.1962	#regular
      2 #СергійІвановичСкуратовський.1971	#regular
      2 #СергійДмитровичГривко.1985	#regular
      2 #СергійАнатолійовичМінько.1973	#regular
      2 #СвятославАндрійовичЮраш.1996	#regular
      2 САМОЙЛИК К.С.	#regular
      2 САВЧУК С.Д.	#regular
      2 РОМАНОВА Н.А.	#regular
      2 РОГОВА В.Б.	#regular
      2 РИБАК С.О.	#regular
      2 РАТУШНЯК В.І.	#regular
      2 ПШЕНІЧКА П.Ф.	#regular
      2 ПОРШЕНКО П.О.	#regular
      2 ПОПОВА Т.В.	#regular
      2 ПОЛУЙКО В.Ю.	#regular
      2 ПЛУКАР В.В.	#regular
      2 #ОстапІгоровичШипайло.1989	#regular
      2 ОРЛОВСЬКИЙ О.С.	#regular
      2 #ОльгаСергіївнаРуденко.1979	#regular
      2 #ОльгаВалеріївнаСаладуха.1983	#regular
      2 #ОленаАнатоліївнаНетецька.1972	#regular
      2 #ОлексійПетровичКунченко.1952	#regular
      2 #ОлександрСтепановичКсенжук.1968	#regular
      2 #ОлександрПетровичЛівік.1970	#regular
      2 #ОлександрМиколайовичГулак.1972	#regular
      2 #ОлександрВолодимировичГерега.1967	#regular
      2 #ОлегМарковичВелікін.1971	#regular
      2 #ОлегЛеонідовичМейдич.1970	#regular
      2 НІКІФОРЕНКО В.С.	#regular
      2 НЕМЧІНОВ О.М.	#regular
      2 НЕМИРЯ Г.	#regular
      2 #НелліІллівнаЯковлєва.1985	#regular
      2 НАЙЄМ М.Я.	#regular
      2 МОСІЙЧУК І.Р.	#regular
      2 МОЖАРОВСЬКИЙ В.М.	#regular
      2 МІРОШНІЧЕНКО Ю.Р.	#regular
      2 МІРОШНИЧЕНКО Ю.Р.	#regular
      2 МІЛОШ ВИСТРЧІЛ	#regular
      2 #МихайлоОлександровичПобочіх.1986	#regular
      2 #МихайлоМиколайовичНовіков.1965	#regular
      2 #МихайлоІвановичМироненко.1954	#regular
      2 МИКИЧАК І.В.	#regular
      2 МАМАЛИГА А.В.	#regular
      2 #МаксимСергійовичЗуєв.1982	#regular
      2 #МаксимІгоровичПашковський.1983	#regular
      2 #МаксимВасильовичГузенко.1981	#regular
      2 ЛУЦЕНКО Ю.В.	#regular
      2 ЛУКЕРЯ І.М.	#regular
      2 ЛІЩИНА І.Ю.	#regular
      2 ЛІХОВИЙ І.Д.	#regular
      2 #ЛеонідМихайловичКлімов.1953	#regular
      2 #ЛеонідВолодимировичБайсаров.1947	#regular
      2 КУРДІНОВИЧ О.В.	#regular
      2 КУЗЬМІН Р.І.	#regular
      2 КУЗЬМИШИН В.М.	#regular
      2 КУДРЯВЦЕВ О.В.	#regular
      2 КУБІВ І.С.	#regular
      2 КРОТЮК В.М.	#regular
      2 КОСЮГА В.І.	#regular
      2 КОРЖ Р.А.	#regular
      2 КОМОРОВСЬКИЙ Б.	#regular
      2 КОМАРІДА О.О.	#regular
      2 КОЛІСНИК А.А.	#regular
      2 КОЗИРЄВ П.Г.	#regular
      2 КОЖЕМЯКІН А.А.	#regular
      2 КОВАЛЬОВА О.В.	#regular
      2 КНІЗЕВИЧ Р.П.	#regular
      2 КАЛЕТНИК Г.М.	#regular
      2 #ІгорЮрійовичМурдій.1982	#regular
      2 #ІгорОлександровичКотвіцький.1970	#regular
      2 #ІгорІгоровичКривецький.1972	#regular
      2 ІВАНЧВУК А.В.	#regular
      2 #ІванРомановичКалаур.1968	#regular
      2 ІВАНКЕВИЧ В.І.	#regular
      2 #ІванГеннадійовичФурсін.1971	#regular
      2 ЗВЄРЄВ В.П.	#regular
      2 ЗАЯЦЬ А.І.	#regular
      2 ЗАЛІЩУК С.В.	#regular
      2 ЄНІН Є.В.	#regular
      2 ЄВСТІГНЄЄВ А.С.	#regular
      2 ЄВДОЧЕНКО Л.О.	#regular
      2 #ЄвгенЯковичСігал.1955	#regular
      2 #ЄвгенійВолодимировичМураєв.1976	#regular
      2 #ЄвгенВасильовичПетруняк.1977	#regular
      2 ДРОЗДОВА Л.М.	#regular
      2 ДРАГАНЧУК Ю.О.	#regular
      2 ДОЛЖЕНКО О.В.	#regular
      2 ДОЛГОВ І.О.	#regular
      2 #ДмитроОлександровичСтеценко.1987	#regular
      2 ДІДЕНКО О.М.	#regular
      2 ДЖО БАЙДЕН	#regular
      2 ДЕНІСОВА Л.Л.	#regular
      2 ДЕМИДОВИЧ Д.В.	#regular
      2 ДАВИМУКА С.А.	#regular
      2 ГРОЙСМАН В.Ю.	#regular
      2 #ГригорійІвановичГруба.1954	#regular
      2 ГОНЧАРОВ С.М.	#regular
      2 ГОЛЕНКО В.М.	#regular
      2 ГІТАНАС НАУСЄДА	#regular
      2 ГЕЛЕТЕЙ В.В.	#regular
      2 ГАРБАРУК І.М.	#regular
      2 ГАЛІБАРЕНКО Н.М.	#regular
      2 #ВячеславКазимировичЗадорожний.1955	#regular
      2 ВОРОНА Д.М.	#regular
      2 #ВолодимирРомановичКупчак.1978	#regular
      2 #ВолодимирІллічІванов.1982	#regular
      2 #ВолодимирАнатолійовичВоронов.1978	#regular
      2 ВОЙТОВИЧ Я.В.	#regular
      2 #ВіталійСеменовичЧугунніков.1974	#regular
      2 #ВіталійОлександровичВойцехівський.1967	#regular
      2 #ВіталійБогдановичДанілов.1967	#regular
      2 #ВіталійАнатолійовичКалюжний.1979	#regular
      2 #ВікторВолодимировичМедведчук.1954	#regular
      2 #ВасильЛеонідовичПоляков.1972	#regular
      2 #ВалентинАнатолійовичКоролюк.1963	#regular
      2 #ВалентинаІванівнаЛютікова.1953	#regular
      2 ВАКАРАШ В.М.	#regular
      2 #ВадимІвановичМеріков.1976	#regular
      2 #ВадимВасильовичСидорчук.1979	#regular
      2 БОЧКОВСЬКИЙ С.С.	#regular
      2 БОРДЮГ І.Л.	#regular
      2 БОЖОК Є.В.	#regular
      2 БОГАЧЕВ Р.М.	#regular
      2 БІСЮК І.Ю.	#regular
      2 БІДЕНКО А.І.	#regular
      2 БАУЛІН Ю.В.	#regular
      2 БАЛАН М.І.	#regular
      2 БАБАК А.І.	#regular
      2 #АртемЮрійовичКунаєв.1992	#regular
      2 АРЖЕВІТІН С.М.	#regular
      2 АМЕЛІН А.І.	#regular
      2 АЛЕКСАНДРОВСЬКА А.О.	#regular
      2 АВАКЯН Т.А.	#regular
      1 ЯЦЕНЮК О.П.	#regular
      1 ЯЦЕГНЮК А.П.	#regular
      1 ЯУЕНЮК А.П.	#regular
      1 ЯРЕСЬКО Н.З.	#regular
      1 ЯРЕМЕНКО О.С.	#regular
      1 ЯРЕМЕНКО І.О.	#regular
      1 ЯНУКОВИЧ В.Ф.	#regular
      1 ЯНІС МАКДЕВІД	#regular
      1 #ЮрійПавловичСамойленко.1944	#regular
      1 #ЮрійВалерійовичКорявченков.1974	#regular
      1 ЮЖАНІНА Н.С.	#regular
      1 ЮЖАНАНІ Н.П.	#regular
      1 ЩИГОЛЬ Ю.Ф.	#regular
      1 ШУФРИЧ Н.П.	#regular
      1 ШТУЧНИЙ В.В.	#regular
      1 ШКРУМ О.І.	#regular
      1 ШКРУМ А.В.	#regular
      1 ШКЛЯР С.В.	#regular
      1 ШКАРЛЕТ С.Н.	#regular
      1 ШИТАЙЛО О.І.	#regular
      1 ШИПІЛОВ Л.М.	#regular
      1 ШЕРЕМЕТА П.В.	#regular
      1 ШЕЛЕСТ О.В.	#regular
      1 ШЕВЧУК С.В.	#regular
      1 ШЕВЧЕНКО К.Є.	#regular
      1 ШАХМАТЕНКО Р.С.	#regular
      1 ЧУЄВА К.Є.	#regular
      1 ЧОРНА О.С.	#regular
      1 ЧМІЛІТЄ-НІЛЬСЕН В.	#regular
      1 ЧИЖМАР Ю.В.	#regular
      1 ЧЕЧЕТОВ М.	#regular
      1 ЧЕЧЕТКІН М.О.	#regular
      1 ЧЕРНИШ В.О.	#regular
      1 ЧЕРНЕКО О.М.	#regular
      1 ЧЕРЕНЕНКО О.М.	#regular
      1 ЧЕНЕНКО О.М.	#regular
      1 ЧЕБОТАР С.І.	#regular
      1 ХОЛОДНИЦЬКИЙ Т.І.	#regular
      1 ХЛАПУК М.М.	#regular
      1 ФУРМАН О.	#regular
      1 ФРОЛОВ О.В.	#regular
      1 ФРИЦЬКИЙ Ю.О.	#regular
      1 ФОРСЮК Н.В.	#regular
      1 ФОМЕНКО С.В.	#regular
      1 ФОМЕНКО І.О.	#regular
      1 ФЕДЬКО І.В.	#regular
      1 ФАЗІКОШ Г.В.	#regular
      1 УРСУЛА ФОН ДЕР ЛЯЄН	#regular
      1 УДОД Є.Г.	#regular
      1 ТУХІН О.М.	#regular
      1 ТУПИЦЬКИЙ О.М.	#regular
      1 ТУКА Г.Б.	#regular
      1 ТРЕТЯКОВ О.Ю.	#regular
      1 ТОЧИЦЬКИЙ М.С.	#regular
      1 ТОПЧІЙ В.М.	#regular
      1 ТОМЕНОКО М.В.	#regular
      1 ТОМЕНКО В.М.	#regular
      1 ТОБАЙЯС ЕЛВУД	#regular
      1 ТКАЛЕНКО І.І.	#regular
      1 ТИМОШЕНКО О.В.	#regular
      1 ТИГНИБОК О.Я.	#regular
      1 ТИГІПКО С.Л.	#regular
      1 ТЕРТЬЯКОВ О.Ю.	#regular
      1 ТЕРЛЕЦЬКИЙ Р.	#regular
      1 ТЕВЕЛІВ Д.М.	#regular
      1 СЮМАР В.В.	#regular
      1 СУШКЕВИЧ В.М.	#regular
      1 СУПРУН У.	#regular
      1 СТЕФАН РОМАНІВ	#regular
      1 #СтепанМиколайовичЧернявський.1973	#regular
      1 СТЕПАНЕНКО А.А.	#regular
      1 СТЕБЛИНСЬКИЙ М.М.	#regular
      1 СТАДНІЙЧУК Р.М.	#regular
      1 СТАВЧУК І.І.	#regular
      1 СОТНИК О.	#regular
      1 СОРОЧИНСЬКА-КИРИЛЕНКО Р.М.	#regular
      1 СОРІН ДУМІТРУ ДУКАРУ	#regular
      1 СОКОЛОВСЬКА Ю.С.	#regular
      1 СОБОЛЕВСЬКИЙ Г.Г.	#regular
      1 СЛІДЕНКО І.Д.	#regular
      1 СИРОДОРОВИЧ Р.М.	#regular
      1 СИМОНЕНКО М.П.	#regular
      1 СИЛАНТЄВ Д.О.	#regular
      1 СИВАК О.В.	#regular
      1 #СергійПетровичКлюєв.1969	#regular
      1 #СергійМиколайовичМошак.1965	#regular
      1 #СергійВасильовичВалентиров.1978	#regular
      1 #СергійБорисовичБрайко.1957	#regular
      1 #СергійАнатолійовичКузьменко.1975	#regular
      1 СЕМИНОЖЕНКО В.П.	#regular
      1 СЕМЕНУХ Р.С.	#regular
      1 СВІНЦІЦЬКА О.П.	#regular
      1 САУДАРГАС П.	#regular
      1 САНДЕР ЛЕВІН	#regular
      1 САЛЮТІН Р.В.	#regular
      1 САДОВ’ЯК І.Д.	#regular
      1 РЯБЧЕНКО О.В.	#regular
      1 РУТИЦЬКА В.В.	#regular
      1 #РусланГеннадійовичБадаєв.1972	#regular
      1 #РоманМихайловичЗварич.1953	#regular
      1 #РоманМироновичМулик.1973	#regular
      1 РОМАНІШИН О.В.	#regular
      1 #РоманВасильовичСтаднійчук.1980	#regular
      1 РОЗЕНОКО П.В.	#regular
      1 РОБЕРТ ХАНТЕР	#regular
      1 РОБЕРТА МЕЦОЛА	#regular
      1 РІКАРДУ БЕШІГА	#regular
      1 РИБАЧУК Ю.А.	#regular
      1 РЕФАТ ЧУБАРОВ	#regular
      1 #РенатРавелійовичКузьмін.1967	#regular
      1 РБЯБЧИН О.М.	#regular
      1 РАТАС Ю.	#regular
      1 РАДЧЕНКО Є.В.	#regular
      1 ПОЯРКОВ В.О.	#regular
      1 ПОСТІВИЙ С.О.	#regular
      1 ПЛЕНКОВИЧ АНДРЕЙ	#regular
      1 ПІЩАНСЬКА О.С.	#regular
      1 ПІЛІСЕЦЬКИЙ Л.Т.	#regular
      1 ПІДЛІСЕЬКИЙ Л.Т.	#regular
      1 ПЕТРЕНКО А.Г.	#regular
      1 ПЕРЕПЕЛЮК В.Г.	#regular
      1 ПЕРЕВЕЗЕНЦЕВ О.Ю.	#regular
      1 ПАОЛО АЛЛІ	#regular
      1 ОСТРІКОВ АТ	#regular
      1 ОСТІРКОВА Т.Г.	#regular
      1 #ОмелянНиконовичПарубок.1940	#regular
      1 ОЛІЙНИК А.С.	#regular
      1 #ОлександрОлександровичСочка.1971	#regular
      1 #ОлександрМиколайовичЮрченко.1988	#regular
      1 #ОлександрМиколайовичЧубатенко.1960	#regular
      1 #ОлександрКостянтиновичГанчуков.1949	#regular
      1 #ОлександрЄвгенійовичКабанов.1973	#regular
      1 #ОлександрГеоргійовичФищук.1958	#regular
      1 #ОлександрБорисовичФельдман.1960	#regular
      1 #ОлександрАнатолійовичПрисяжнюк.1981	#regular
      1 #ОлегВікторовичКолєв.1973	#regular
      1 #ОлегБорисовичШевчук.1968	#regular
      1 НОСОВ О.Г.	#regular
      1 НОВІКОВ О.Ф.	#regular
      1 НІКОЛАЙЧУК С.А.	#regular
      1 НІКІФОРЕНКО В.О.	#regular
      1 НЕЧИПОРЕНКО В.М.	#regular
      1 НАЛИВАЙКО О.І.	#regular
      1 НАЄМ М.	#regular
      1 МЯРКОВЬСКИЙ А.І.	#regular
      1 МЮКРЕМІН ШАХІН	#regular
      1 МУСТАФА ДЖЕМІЛЄВ	#regular
      1 #МусаСергоєвичМагомедов.1970	#regular
      1 МУРНІЄЦЕ І.	#regular
      1 МУРАВЙОВ О.В.	#regular
      1 МОЙСИК В.Р.	#regular
      1 МОІСЕЄНКО Р.О.	#regular
      1 МОГИЛЬОВ А.В.	#regular
      1 МІРОШНИЧЕНКО І.В.	#regular
      1 МИХАЛЬЧИШИН Ю.Я.	#regular
      1 #МихайлоОлеговичАнанченко.1994	#regular
      1 #МихайлоМихайловичПоплавський.1949	#regular
      1 #МиколаПетровичСорока.1952	#regular
      1 #МиколаПетровичКруглов.1950	#regular
      1 #МиколаПавловичСолошенко.1950	#regular
      1 #МиколаОлександровичКириченко.1983	#regular
      1 #МиколаЛеонідовичГалушко.1979	#regular
      1 МИКОЛАЙЧУК О.А.	#regular
      1 МЕЦОЛА Р.	#regular
      1 МЕТТЕ ФРЕДЕРІКСЕН	#regular
      1 МЕПЛЬНИЧУК С.П.	#regular
      1 МЕЛЬНИЦУК І.І.	#regular
      1 МЕЛЬНИК М.І.	#regular
      1 МАТВІЄНКО С.А.	#regular
      1 МАРТИНЮК М.П.	#regular
      1 МАРК РЮТТЕ	#regular
      1 МАРКАРОВ О.С.	#regular
      1 МАМОНТОВА І.Ю.	#regular
      1 МАЛЯР Г.В.	#regular
      1 МАЛОВАЦЬКИЙ О.В.	#regular
      1 МАЛАШКІН М.А.	#regular
      1 МАКУХА В.О.	#regular
      1 #МаксимВікторовичМикитась.1980	#regular
      1 МАКАРЯН Д.Б.	#regular
      1 ЛЯШКО О.І.	#regular
      1 ЛЯШКО В.О.	#regular
      1 ЛЮБЧЕНКО П.М.	#regular
      1 ЛЮБИНЕЦЬКИЙ М.В.	#regular
      1 ЛУЧЕНКО І.В.	#regular
      1 ЛУЦЕНКО ЮВ	#regular
      1 ЛУЦЕНКО І.О.	#regular
      1 ЛУЦЕНК І.В.	#regular
      1 ЛУЦЕКО І.С.	#regular
      1 ЛУЗАН А.	#regular
      1 ЛОТЮК О.С.	#regular
      1 ЛІСОВЕНКО В.О.	#regular
      1 ЛІСНЕВСЬКА Н.О.	#regular
      1 ЛІНЧЕВСЬКИЙ О.В.	#regular
      1 ЛІНА ДЕШВАР	#regular
      1 ЛІБАНОВ М.О.	#regular
      1 ЛИТВИНОВ О.М.	#regular
      1 #ЛеонідЯковичМакул.1958	#regular
      1 #ЛеонідМиколайовичДаценко.1963	#regular
      1 #ЛевЮлійовичМиримський.1960	#regular
      1 ЛЕВЧЕНКО О.В.	#regular
      1 ЛЕВСЕНКО Ю.В.	#regular
      1 ЛЕВ М.О.	#regular
      1 ЛЕВИЦЬКИЙ В.С.	#regular
      1 КУЧМА Л.Д.	#regular
      1 КУХТА П.А.	#regular
      1 КУХАР М.Д.	#regular
      1 КУСТОВА С.М.	#regular
      1 КУРТСЕІТОВА АНІФЕ	#regular
      1 КУЖЕЛЬ О.М.	#regular
      1 КУЖЕЛЬ О.	#regular
      1 КУДІН Д.І.	#regular
      1 КРОТЮК В.Л.	#regular
      1 КРИЖАНІВСЬКИЙ В.П.	#regular
      1 КРАСНОПОЛЬСЬКИЙ Я.В.	#regular
      1 КРАСНОЛУЦЬКИЙ О.В.	#regular
      1 КРАПІВНИЦЬКА Н.Л.	#regular
      1 КРАВЦОВ Є.П.	#regular
      1 КОТИК Є.Д.	#regular
      1 КОРОЛЕНКО В.Ю.	#regular
      1 КОРНІЄНКО В.В.	#regular
      1 КОРИНЕВИЧ А.О.	#regular
      1 КОПИЛЕНКО О.Л.	#regular
      1 КОНОПОЛЬСЬКИЙ О.М.	#regular
      1 КОЛІСНИК В.П.	#regular
      1 КОЗЛОВСЬКА Н.В.	#regular
      1 КОЖЕМЯКІНН А.А.	#regular
      1 КОЖАРА Я.Л.	#regular
      1 КОВАЛЬЧУК Т.І.	#regular
      1 КОВАЛІВ Я.Б.	#regular
      1 КНЯЗКВИЧ Р.П.	#regular
      1 КНЯЖИЦЬКИЙ Л.М.	#regular
      1 КНЯЖИЙЦЬКИЙ М.Л.	#regular
      1 КЛЮЧКОВСЬКИЙ Ю.Б.	#regular
      1 КЛІМКІН А.П.	#regular
      1 КЛИЧКО В.Я.	#regular
      1 КИЦЮК В.П.	#regular
      1 КИРИЛЕНТКО В.А.	#regular
      1 КВІТАШВІЛІ О.Я.	#regular
      1 КВІТАШВІЛІ О.М.	#regular
      1 КВАШУК В.С.	#regular
      1 КВАШУК В.П.	#regular
      1 КАЧУР О.Ю.	#regular
      1 КАСМІНІН О.В.	#regular
      1 КАРМАЗА О.О.	#regular
      1 КАРАНДІЙ В.А.	#regular
      1 КАПЛІН С.В.	#regular
      1 КАПЛІНА О.В.	#regular
      1 КАЙДА П.О.	#regular
      1 ЙОНАС ЛЕСІС	#regular
      1 ІЛЛЯШЕНКО О.В.	#regular
      1 ІЛЛЄНКО П.Ю.	#regular
      1 #ІгорПетровичКісільов.1984	#regular
      1 #ІгорОлеговичМарков.1973	#regular
      1 #ІгорЛеонідовичГерасименко.1984	#regular
      1 #ІгорВікторовичКолихаєв.1971	#regular
      1 ІГНАТОВ А.П.	#regular
      1 ІВЧЕНКО Є.П.	#regular
      1 ІВАЩЕНКО І.А.	#regular
      1 #ІванСергійовичЮнаков.1984	#regular
      1 ІВАНОВ С.М.	#regular
      1 #ІванМиколайовичМирний.1954	#regular
      1 ЗЮКОВ Ю.Є.	#regular
      1 ЗУЗАНА ЧАПУТОВА	#regular
      1 ЗІНГЯРІАС Е.	#regular
      1 ЗЕЛЕНСЬКИЙ О.В.	#regular
      1 ЗГУЛАДЗЕ Е.И.	#regular
      1 ЗГУЛАДЗЕ Е.	#regular
      1 ЗГУЛАДЗЕ-ГЛУКСМАНН Е.Я.	#regular
      1 ЗВАРИЧ М.П.	#regular
      1 ЗАХАРОВ Б.Є.	#regular
      1 заступник Голови	#chair
      1 ЗАМАНА В.М.	#regular
      1 ЗАКОПЕЦЬ Ю.М.	#regular
      1 ЗАЄЦЬ І.О.	#regular
      1 ЖЕРАР ЛАРШЕ	#regular
      1 ЖЕЛТОВА О.М.	#regular
      1 ЄФРЕМОВА І.О.	#regular
      1 ЄРЕМЄЄВ І.М.	#regular
      1 ЄНС СТОЛТЕНБЕРГ	#regular
      1 #ЄвгенМиколайовичБакулін.1956	#regular
      1 ДУБОВИК С.О.	#regular
      1 #ДмитроОлексійовичШенцев.1964	#regular
      1 #ДмитроАнатолійовичЯрош.1971	#regular
      1 ДЖЕМІЛЄВ М.А.	#regular
      1 ДЖАПАРОВА Е.А.	#regular
      1 ДЕПУТАТ НЕ НАЗВАВСЯ	#regular
      1 ДЕНИСОВА Л.Л.	#regular
      1 ДЕНИСЕНКО Н.М.	#regular
      1 #ДенисВадимовичГерман.1981	#regular
      1 ДАВИДОВА Л.	#regular
      1 ГРОЙСМНА В.Б.	#regular
      1 ГРОЙСМАН Б.В.	#regular
      1 ГРИЩЕНКО К.І.	#regular
      1 ГРИНЮК В.О.	#regular
      1 ГРИНЮК В.В.	#regular
      1 ГРИНЕВИЧ Л.С.	#regular
      1 #ГригорійМихайловичСуркіс.1949	#regular
      1 ГРЕЧКІВСЬКИЙ П.М.	#regular
      1 ГРЕНЬ В.В.	#regular
      1 ГОРБУЛІН В.П.	#regular
      1 ГОПОКО Г.М.	#regular
      1 ГОНЧАРЕНКО О.В.	#regular
      1 ГОЛОВАТИЙ В.Я.	#regular
      1 ГЛУЩЕНКО В.А.	#regular
      1 ГЕРЕ Ю.П.	#regular
      1 #ГеннадійОлександровичКасай.1972	#regular
      1 #ГеннадійБорисовичБобов.1965	#regular
      1 ГВОЗДЬ В.І.	#regular
      1 ГАШЕВ М.Х.	#regular
      1 ГАТАУЛЛІНА О.А.	#regular
      1 #ВячеславЛеонідовичКонстантіновський.1960	#regular
      1 #ВолодимирЮрійовичМисик.1965	#regular
      1 #ВолодимирМихайловичКацуба.1957	#regular
      1 #ВолодимирЄвгеновичЧуб.1956	#regular
      1 #ВолодимирБогдановичБойко.1985	#regular
      1 #ВолодимирАнатолійовичПехов.1969	#regular
      1 ВОЛКОВИЦЬКА Н.О.	#regular
      1 ВІТРЕНКО А.О.	#regular
      1 #ВіталійПетровичБорт.1972	#regular
      1 #ВіталійІвановичКрутій.1967	#regular
      1 #ВіталійВолодимировичІляшенко.1985	#regular
      1 ВІЛКУЛ О.Ю.	#regular
      1 #ВіленГригоровичШатворян.1981	#regular
      1 #ВікторМиколайовичЖеребнюк.1970	#regular
      1 ВИНОКУРОВ С.М.	#regular
      1 ВЕРСТЮК В.Ф.	#regular
      1 ВЕРЕМІЙ І.Г.	#regular
      1 ВЕРБЕНСЬКИЙ М.Г.	#regular
      1 ВЕНІСЛАВСКИЙ Ф.В.	#regular
      1 ВАЩУК К.С.	#regular
      1 ВАСЮК О.О.	#regular
      1 #ВасильЯрославовичВірастюк.1974	#regular
      1 #ВасильТимофійовичДеревляний.1962	#regular
      1 #ВалерійОлександровичСтернійчук.1981	#regular
      1 #ВалерійБорисовичБабенко.1964	#regular
      1 #ВадимОлеговичСтруневич.1982	#regular
      1 БУЦА Б.Е.	#regular
      1 БУГЛАК Ю.О.	#regular
      1 БРУСИЛО І.М.	#regular
      1 БРОДСЬКИЙ М.Ю.	#regular
      1 БРАЦЮНЬ І.О.	#regular
      1 БОЯРЧУК О.Б.	#regular
      1 БОРУХОВСЬКИЙ Б.В.	#regular
      1 БОРИС ДЖОНСОН	#regular
      1 БОНДАР С.В.	#regular
      1 БОНДАР О.М.	#regular
      1 БОЙКО Ю.М.	#regular
      1 БОЙКО В.	#regular
      1 БОЙКО А.М.	#regular
      1 БОБАР І.М.	#regular
      1 БЄЛКОВА О.В.	#regular
      1 БЕРЕЗЮК Р.	#regular
      1 БЕРЕЗЮК К.Г.	#regular
      1 БЕРЕЖНА Т.В.	#regular
      1 БЕРЕЖНА И.Г.	#regular
      1 БАСАЛАЄВА А.В.	#regular
      1 БАЛАЦ С.В.	#regular
      1 БАГАНЕЦЬ О.В.	#regular
      1 БАБЕНКО М.В.	#regular
      1 АРТЕМЕНКО Ю.А.	#regular
      1 #АртемВолодимировичКовальов.1984	#regular
      1 АР’ЄВ В.Г.	#regular
      1 АНДРУЩЕНКО С.А.	#regular
      1 #АндрійАнатолійовичАксьонов.1971	#regular
      1 АНДРІЄВСЬКИЙ Д.Є.	#regular
      1 АНДРЕАС ЕБІ	#regular
      1 АНДЖЕЙ ДУДА	#regular
      1 #АнатолійГригоровичГунько.1976	#regular
      1 АЛЮШИНА Н.О.	#regular
      1 АЙДЕР РУСТЕМОВ	#regular
      1 АБРОМАВИЧУС А.Я.	#regular
      1 АБРОМАВИЧУС А.К.	#regular
      1 АБРОМАВИЧУС А.И.	#regular
      1 АБРАМОВИЧУС А.	#regular
