  24503 ПАРУБІЙ А.В.	#chair
  16605 РАЗУМКОВ Д.О.	#chair
  11834 СТЕФАНЧУК Р.О.	#chair
  11470 ГЕРАЩЕНКО І.В.	#chair
   8700 ГРОЙСМАН В.Б.	#chair
   7537 СИРОЇД О.І.	#chair
   6355 РИБАК В.В.	#chair
   5073 ТУРЧИНОВ О.В.	#chair
   3273 ЧЕРНЕНКО О.М.	#regular
   1974 ЛЯШКО О.В.	#regular
   1462 КНЯЗЕВИЧ Р.П.	#regular
   1430 ШУФРИЧ Н.І.	#regular
   1411 КНЯЖИЦЬКИЙ М.Л.	#regular
   1345 ЮЖАНІНА Н.П.	#regular
   1308 ГЕРАЩЕНКО І.В.	#regular
   1243 ЄМЕЦЬ Л.О.	#regular
   1178 КОШУЛИНСЬКИЙ Р.В.	#chair
   1117 НІМЧЕНКО В.І.	#regular
   1103 ВЛАСЕНКО С.В.	#regular
   1096 СОБОЛЄВ С.В.	#regular
   1066 ЛЕВЧЕНКО Ю.В.	#regular
    977 ІВЧЕНКО В.Є.	#regular
    951 ТИМОШЕНКО Ю.В.	#regular
    906 СИДОРОВИЧ Р.М.	#regular
    836 ГРОЙСМАН В.Б.	#regular
    796 КРУЛЬКО І.І.	#regular
    785 КОЛТУНОВИЧ О.С.	#regular
    729 КУЖЕЛЬ О.В.	#regular
    729 КАЛЄТНІК І.Г.	#chair
    681 ГАЛАСЮК В.В.	#regular
    656 КОНДРАТЮК О.К.	#chair
    654 КАПЛІН С.М.	#regular
    652 КОРОЛЕВСЬКА Н.Ю.	#regular
    640 ДОЛЖЕНКОВ О.В.	#regular
    640 БУРБАК М.Ю.	#regular
    633 ЯЦЕНЮК А.П.	#regular
    612 ПАПІЄВ М.М.	#regular
    610 ЛУЦЕНКО Ю.В.	#regular
    607 ГЕРАСИМОВ А.В.	#regular
    586 СОТНИК О.С.	#regular
    575 ОДАРЧЕНКО Ю.В.	#regular
    559 ШАХОВ С.В.	#regular
    556 ГОНЧАРЕНКО О.О.	#regular
    544 КОЖЕМ’ЯКІН А.А.	#regular
    540 БАТЕНКО Т.І.	#regular
    539 ВІННИК І.Ю.	#regular
    525 СЕМЕНУХА Р.С.	#regular
    523 КОРНІЄНКО О.С.	#chair
    519 ІВАНЧУК А.В.	#regular
    516 ШУРМА І.М.	#regular
    508 ПАРУБІЙ А.В.	#regular
    495 ЦИМБАЛЮК М.М.	#regular
    489 СОБОЛЄВ Є.В.	#regular
    487 ЄВТУШОК С.М.	#regular
    481 ШКРУМ А.І.	#regular
    480 ПИНЗЕНИК В.М.	#regular
    477 ПАВЛЕНКО Ю.О.	#regular
    477 ОСТРІКОВА Т.Г.	#regular
    476 БЕРЕЗЮК О.Р.	#regular
    457 РОЗЕНКО П.В.	#regular
    435 СЮМАР В.П.	#regular
    430 ГЕТМАНЦЕВ Д.О.	#regular
    426 ЖЕЛЕЗНЯК Я.І.	#regular
    410 СОЛЬСЬКИЙ М.Т.	#regular
    410 МАМКА Г.М.	#regular
    400 КУПРІЄНКО О.В.	#regular
    399 КУБІВ С.І.	#regular
    381 КУЛІНІЧ О.І.	#regular
    376 ТОМЕНКО М.В.	#regular
    373 ШМИГАЛЬ Д.А.	#regular
    359 ЛИТВИН В.М.	#regular
    353 БАБАК А.В.	#regular
    348 ПТАШНИК В.Ю.	#regular
    347 ПУЗІЙЧУК А.В.	#regular
    344 МОСІЙЧУК І.В.	#regular
    343 ІЛЛЄНКО А.Ю.	#regular
    342 БОНДАР М.Л.	#regular
    341 КИШКАР П.М.	#regular
    338 СПОРИШ І.Д.	#regular
    326 РЯБЧИН О.М.	#regular
    324 СТЕФАНЧУК Р.О.	#regular
    318 КРИВЕНКО В.М.	#regular
    318 БОНДАР В.В.	#regular
    317 МУСІЙ О.С.	#regular
    313 СОЛОВЕЙ Ю.І.	#regular
    299 РУДИК С.Я.	#regular
    294 ПРОДАН О.П.	#regular
    291 ЛУБІНЕЦЬ Д.В.	#regular
    287 ПИСАРЕНКО В.В.	#regular
    275 ГОПКО Г.М.	#regular
    271 БАРНА О.С.	#regular
    269 ЛУЦЕНКО І.С.	#regular
    265 СИМОНЕНКО П.М.	#regular
    265 ЗУБКО Г.Г.	#regular
    258 РИБАК І.П.	#regular
    257 КИРИЛЕНКО І.Г.	#regular
    256 ЧУМАК В.В.	#regular
    256 СПІВАКОВСЬКИЙ О.В.	#regular
    255 БЄЛЬКОВА О.В.	#regular
    252 АР’ЄВ В.І.	#regular
    241 СИСОЄНКО І.В.	#regular
    241 МІРОШНИЧЕНКО Ю.Р.	#regular
    238 ЯВОРІВСЬКИЙ В.О.	#regular
    236 АРЕШОНКОВ В.Ю.	#regular
    232 ПАЛАМАРЧУК М.П.	#regular
    230 ПИНЗЕНИК П.В.	#regular
    228 МОНАСТИРСЬКИЙ Д.А.	#regular
    224 ВОЛОШИН О.А.	#regular
    223 КОРНІЄНКО О.С.	#regular
    222 ТЕТЕРУК А.А.	#regular
    221 ГОЛОВКО М.Й.	#regular
    219 ДЕРЕВ’ЯНКО Ю.Б.	#regular
    216 ДОМБРОВСЬКИЙ О.Г.	#regular
    215 ЯЦЕНКО А.В.	#regular
    214 КЛИМЕНКО Ю.Л.	#regular
    209 ЛОЗОВОЙ А.С.	#regular
    209 ГРИНЕВИЧ Л.М.	#regular
    208 МИРНИЙ О.Б.	#regular
    207 ДЕМЧАК Р.Є.	#regular
    204 ТЯГНИБОК О.Я.	#regular
    203 СКОРИК М.Л.	#regular
    202 БАКУНЕЦЬ П.А.	#regular
    200 ЛОЗИНСЬКИЙ Р.М.	#regular
    197 ЖУРАВСЬКИЙ В.С.	#regular
    196 ПОЛЯКОВ А.Е.	#regular
    196 ПАШИНСЬКИЙ С.В.	#regular
    196 ЛЕЩЕНКО С.А.	#regular
    195 КИРИЛЕНКО В.А.	#regular
    194 КАЛЬЧЕНКО С.В.	#regular
    193 ЮРЧИШИН Я.Р.	#regular
    193 ХОМУТИННІК В.Ю.	#regular
    193 КРИВОШЕЯ Г.Г.	#regular
    193 ДАНЧЕНКО О.І.	#regular
    193 ВЕНІСЛАВСЬКИЙ Ф.В.	#regular
    192 БОБРОВСЬКА С.А.	#regular
    186 ДЕНІСОВА Л.Л.	#regular
    183 ПІДЛІСЕЦЬКИЙ Л.Т.	#regular
    182 ПЕТРЕНКО П.Д.	#regular
    182 МЕЛЬНИЧУК С.П.	#regular
    181 ФЕДОРУК М.Т.	#regular
    181 МІЩЕНКО С.Г.	#regular
    179 КУЧЕРЕНКО О.Ю.	#regular
    178 ГЕРМАН Г.М.	#regular
    178 БОГОМОЛЕЦЬ О.В.	#regular
    177 ВІЛКУЛ О.Ю.	#regular
    173 ПАСТУХ Т.Т.	#regular
    172 В’ЯТРОВИЧ В.М.	#regular
    171 БОЙКО О.П.	#regular
    169 ФЕДИНА С.Р.	#regular
    169 РУДЬКОВСЬКИЙ М.М.	#regular
    169 КАБАЧЕНКО В.В.	#regular
    168 БІЛОЗІР Л.М.	#regular
    167 НЕМИРЯ Г.М.	#regular
    167 ВЕЛИЧКОВИЧ М.Р.	#regular
    165 БОЙКО Ю.А.	#regular
    164 ГУЗЬ І.В.	#regular
    163 НАЛИВАЙЧЕНКО В.О.	#regular
    163 ІОНОВА М.М.	#regular
    163 ЗАГОРОДНІЙ Ю.І.	#regular
    162 КОНСТАНКЕВИЧ І.М.	#regular
    161 МОРОЗ В.В.	#regular
    159 РІЗАНЕНКО П.О.	#regular
    159 ПАЦКАН В.В.	#regular
    158 СКОРОХОД А.К.	#regular
    158 НАСАЛИК І.С.	#regular
    158 КУРЯЧИЙ М.П.	#regular
    156 СОВСУН І.Р.	#regular
    155 ЗАРУБІНСЬКИЙ О.О.	#regular
    155 БУРМІЧ А.П.	#regular
    154 БЕРЕЗА Б.Ю.	#regular
    153 КОРЧИНСЬКА О.А.	#regular
    151 ГУСАК В.Г.	#regular
    148 КАЙДА О.П.	#regular
    148 ВАСИЛЬЧЕНКО Г.І.	#regular
    147 МАТВІЄНКОВ С.А.	#regular
    146 СУХИЙ Я.М.	#regular
    146 ГОЛУБ В.В.	#regular
    145 ГРИБ В.О.	#regular
    144 ГЕРАЩЕНКО А.Ю.	#regular
    142 ВОЙЦІЦЬКА В.М.	#regular
    141 МАКАРОВ О.А.	#regular
    141 ЛУЦЕНКО І.В.	#regular
    140 УСТІНОВА О.Ю.	#regular
    139 ПОМАЗАНОВ А.В.	#regular
    139 ВЕНЕДІКТОВА І.В.	#regular
    137 ЛАПІН І.О.	#regular
    137 КАЧУРА О.А.	#regular
    135 РАХМАНІН С.І.	#regular
    135 ЄДНАК О.В.	#regular
    134 РОМАНОВА А.А.	#regular
    134 ПОРОШЕНКО П.О.	#regular
    132 ЦАБАЛЬ В.В.	#regular
    132 ТРЕТЬЯКОВ О.Ю.	#regular
    132 ГЕРУС А.М.	#regular
    132 ВЕЛЬМОЖНИЙ С.А.	#regular
    130 ТРЕТЬЯКОВА Г.М.	#regular
    129 СТЕФАНИШИНА О.А.	#regular
    129 МАРТОВИЦЬКИЙ А.В.	#regular
    128 ГНАТЕНКО В.С.	#regular
    125 СИРОЇД О.І.	#regular
    125 ПОДОЛЯК І.І.	#regular
    125 КОНДРАТЮК О.К.	#regular
    124 ШИНЬКОВИЧ А.В.	#regular
    124 АЛЄКСЄЄВ С.О.	#regular
    122 РУЩИШИН Я.І.	#regular
    119 НАЙЄМ М.	#regular
    117 КУТОВИЙ Т.В.	#regular
    116 НАТАЛУХА Д.А.	#regular
    115 ЛАБАЗЮК С.П.	#regular
    114 МЕДУНИЦЯ О.В.	#regular
    113 ЧУБАРОВ Р.А.	#regular
    113 КАЛЕТНІК Г.М.	#regular
    112 ЖВАНІЯ Д.В.	#regular
    111 НІКОЛАЄНКО А.І.	#regular
    110 МУШАК О.П.	#regular
    110 МАРТИНЮК А.І.	#regular
    109 ЮРИНЕЦЬ О.В.	#regular
    109 ПІДЛАСА Р.А.	#regular
    108 ЧЕЧЕТОВ М.В.	#regular
    108 СУШКЕВИЧ В.М.	#regular
    108 МІРОШНИЧЕНКО І.М.	#regular
    108 ЗАБОЛОТНИЙ Г.М.	#regular
    108 ДУБНЕВИЧ Я.В.	#regular
    107 ШИПКО А.Ф.	#regular
    107 ПОНОМАРЬОВ О.С.	#regular
    107 ОСАДЧУК А.П.	#regular
    107 ГЄЛЛЄР Є.Б.	#regular
    106 ЗІНКЕВИЧ Я.В.	#regular
    106 ДОВБЕНКО М.В.	#regular
    105 БАКУМОВ О.С.	#regular
    104 ФРІЗ І.В.	#regular
    104 РАЗУМКОВ Д.О.	#regular
    104 ЄФРЕМОВ О.С.	#chair
    104 АНДРІЄВСЬКИЙ Д.Й.	#regular
    103 СТЕПАНОВ М.В.	#regular
    102 ПЛАЧКОВА Т.М.	#regular
    102 МАРЧЕНКО С.М.	#regular
    102 МАРЦІНКІВ Р.Р.	#regular
    101 РИБАЛКА С.В.	#regular
    101 МАРКАРОВА О.С.	#regular
    101 ЄРЕМЕЄВ І.М.	#regular
    101 ДЕМЧИШИН В.В.	#regular
     99 ШУХЕВИЧ Ю.Р.	#regular
     99 ЛИТВИН В.М.	#chair
     99 КЛИЧКО В.В.	#regular
     98 ПАВЛЕНКО Р.М.	#regular
     98 МАХНІЦЬКИЙ О.І.	#regular
     98 КОДОЛА О.М.	#regular
     98 БЕРЕЗА Ю.М.	#regular
     98 АРАХАМІЯ Д.Г.	#regular
     97 РОЗЕНБЛАТ Б.С.	#regular
     96 УНГУРЯН П.Я.	#regular
     96 РЕВА А.О.	#regular
     96 МЕЛЬНИЧУК І.І.	#regular
     95 ЧИЖМАРЬ Ю.В.	#regular
     95 МЕЛЬНИК С.І.	#regular
     95 ЛЯПІНА К.М.	#regular
     94 БАКУМЕНКО О.Б.	#regular
     94 АЛЕКСЄЄВ І.С.	#regular
     93 СЕМЕРАК О.М.	#regular
     91 СИЛАНТЬЄВ Д.О.	#regular
     91 РИБЧИНСЬКИЙ Є.Ю.	#regular
     90 КРЕМІНЬ Т.Д.	#regular
     89 АГАФОНОВА Н.В.	#regular
     88 ІЩЕЙКІН К.Є.	#regular
     87 КОСТЕНКО Р.В.	#regular
     87 КАРПУНЦОВ В.В.	#regular
     84 ТУРЧИНОВ О.В.	#regular
     84 ЖУРЖІЙ А.В.	#regular
     84 ГОНЧАРУК О.В.	#regular
     83 ФРІС І.П.	#regular
     83 ЗАЛІЩУК С.П.	#regular
     82 ЯНЧЕНКО Г.І.	#regular
     82 ЦИБЕНКО П.С.	#regular
     81 ПІПА Н.Р.	#regular
     81 ЛУКАШЕВ О.А.	#regular
     81 ЛЕОНОВ Е.В.	#regular
     80 БОНДАРЄВ К.А.	#regular
     79 ТАРАСЮК Б.І.	#regular
     79 КІРАЛЬ С.І.	#regular
     79 КАЧНИЙ О.С.	#regular
     79 ВОРОПАЄВ Ю.М.	#regular
     78 РАДУЦЬКИЙ М.Б.	#regular
     78 БУЖАНСЬКИЙ М.А.	#regular
     77 ЯРЕСЬКО Н.	#regular
     77 ЮЗЬКОВА Т.Л.	#regular
     77 ЛІНЬКО Д.В.	#regular
     77 КУРИЛО В.С.	#regular
     77 КОВАЛЬЧУК О.В.	#regular
     77 ЗАБРОДСЬКИЙ М.В.	#regular
     77 ЄФРЕМОВ О.С.	#regular
     77 ДАНИЛЮК О.О.	#regular
     76 БОГОСЛОВСЬКА І.Г.	#regular
     75 ШВАЙКА І.О.	#regular
     75 ЧЕРВАКОВА О.В.	#regular
     75 САВРАСОВ М.В.	#regular
     74 ПИЛИПЕНКО В.П.	#regular
     74 ЛАБУНСЬКА А.В.	#regular
     73 КАТЕРИНЧУК М.Д.	#regular
     73 ВОЛИНЕЦЬ М.Я.	#regular
     73 БУГЛАК Ю.О.	#regular
     72 ШПЕНОВ Д.Ю.	#regular
     72 КІССЕ А.І.	#regular
     72 ДУБІЛЬ В.О.	#regular
     70 ПАВЛІШ П.В.	#regular
     70 МОХНИК А.В.	#regular
     70 ГОРДІЄНКО С.В.	#regular
     70 ГОНТАРЕВА В.О.	#regular
     69 ПАРАСЮК В.З.	#regular
     69 ПАВЛОВСЬКИЙ А.М.	#regular
     69 МОМОТ О.І.	#regular
     68 ОСУХОВСЬКИЙ О.І.	#regular
     67 САБІЙ І.М.	#regular
     67 ПОТУРАЄВ М.Р.	#regular
     67 ВАСЮНИК І.В.	#regular
     67 БОНДАРЕНКО В.Д.	#regular
     66 СИНЮТКА О.М.	#regular
     66 МОСКАЛЕНКО Я.М.	#regular
     66 МАРУСЯК О.Р.	#regular
     66 КУЗЬМУК О.І.	#regular
     66 ЗАРУЖКО В.Л.	#regular
     66 ДОВГИЙ О.С.	#regular
     65 МАТВІЄНКО А.С.	#regular
     65 КОСТІН А.Є.	#regular
     65 ДОНІЙ О.С.	#regular
     64 САС С.В.	#regular
     64 ПІНЧУК М.Г.	#regular
     64 МОВЧАН О.В.	#regular
     64 КРИШИН О.Ю.	#regular
     63 ДЕХТЯРЧУК О.В.	#regular
     63 БЕЗГІН В.Ю.	#regular
     62 ТРУХІН О.М.	#regular
     62 МИХАЛЬЧИШИН Ю.А.	#regular
     62 КАЛЬЦЕВ В.Ф.	#regular
     61 ВЕСЕЛОВА Н.В.	#regular
     61 БІЛОЗІР О.В.	#regular
     61 БЕЗУГЛА М.В.	#regular
     60 ЧОРНОВОЛ Т.М.	#regular
     60 ТЕРЬОХІН С.А.	#regular
     60 СИРОТЮК Ю.М.	#regular
     60 ЛЕРОС Г.Б.	#regular
     60 ГАЛУЩЕНКО Г.В.	#regular
     60 АВАКОВ А.Б.	#regular
     59 ФАРІОН І.Д.	#regular
     58 ШЛАПАК О.В.	#regular
     58 СЛАВИЦЬКА А.К.	#regular
     58 НОВАК Н.В.	#regular
     58 ЗАГОРУЙКО А.Л.	#regular
     58 ДЗЮБЛИК П.В.	#regular
     57 ФАРІОН І.Д.	#chair
     57 ЛОГВИНСЬКИЙ Г.В.	#regular
     57 АНТОНИЩАК А.Ф.	#regular
     56 ОЛІЙНИК В.М.	#regular
     55 ОПАНАЩЕНКО М.В.	#regular
     55 ЛАБА М.М.	#regular
     55 КЛІМКІН П.А.	#regular
     55 КІНАХ А.К.	#regular
     54 СОВГИРЯ О.В.	#regular
     54 ОМЕЛЯН В.В.	#regular
     54 МЕЗЕНЦЕВА М.С.	#regular
     53 ТКАЧЕНКО О.В.	#regular
     53 ЗУБАЧ Л.Л.	#regular
     52 ШВЕРК Г.А.	#regular
     52 ФЕДІЄНКО О.П.	#regular
     52 САМСІН І.Л.	#regular
     52 САВКА І.І.	#regular
     52 ЛЕСЮК Я.В.	#regular
     52 КОРЧИК В.А.	#regular
     52 ЗАБУРАННА Л.В.	#regular
     52 АРІСТОВ Ю.Ю.	#regular
     51 СТАШУК В.Ф.	#regular
     51 ОПАНАСЕНКО О.В.	#regular
     51 МОТОВИЛОВЕЦЬ А.В.	#regular
     51 БАБАК С.В.	#regular
     51 АМЕЛЬЧЕНКО В.В.	#regular
     50 ШЕВЧЕНКО О.О.	#regular
     49 КУЗБИТ Ю.М.	#regular
     49 ГРИНІВ І.О.	#regular
     47 ЮРЧИШИН П.В.	#regular
     47 СУСЛОВА І.М.	#regular
     47 САВЧУК О.В.	#regular
     47 МАРЧЕНКО О.О.	#regular
     47 ЛЮШНЯК М.В.	#regular
     47 ЛАВРИК О.В.	#regular
     47 ІЛИК Р.Р.	#regular
     47 ВОВК В.І.	#regular
     47 БУБЛИК Ю.В.	#regular
     46 САЖКО С.М.	#regular
     46 ПАНЬКЕВИЧ О.І.	#regular
     46 ПАВЛОВ К.Ю.	#regular
     46 АБРОМАВИЧУС А.	#regular
     45 ЯЦИК Ю.Г.	#regular
     45 ЧОРНИЙ Д.С.	#regular
     45 РЕЗНІКОВ О.Ю.	#regular
     45 ПАЛАТНИЙ А.Л.	#regular
     45 КОЛЕСНІЧЕНКО В.В.	#regular
     45 КИСИЛЕВСЬКИЙ Д.Д.	#regular
     45 ЄЛЕНСЬКИЙ В.Є.	#regular
     45 БАХТЕЄВА Т.Д.	#regular
     44 ТАРУТА С.О.	#regular
     44 МАРКЕВИЧ Я.В.	#regular
     44 КУЛІЧЕНКО І.І.	#regular
     44 ВАСИЛЕНКО Л.В.	#regular
     44 БАБЕНКО М.В.	#regular
     43 ФРОЛОВ П.В.	#regular
     43 САБАШУК П.П.	#regular
     43 РУДИК К.О.	#regular
     43 ПОПЕСКУ І.В.	#regular
     43 МАЗУРАШУ Г.Г.	#regular
     43 КУЧЕР М.І.	#regular
     43 ГІРШФЕЛЬД А.М.	#regular
     42 ШУЛЯК О.О.	#regular
     42 РОМАНЮК Я.М.	#regular
     42 КУРЕННОЙ В.К.	#regular
     42 КІЛІНКАРОВ С.П.	#regular
     42 ЄФІМОВ М.В.	#regular
     42 ДУБІНСЬКИЙ О.А.	#regular
     42 ВАЩУК К.Т.	#regular
     41 ЧОРНОМОРОВ А.О.	#regular
     41 ЧОРНОВОЛЕНКО О.В.	#regular
     41 СТОЯН О.М.	#regular
     41 СЕХ І.І.	#regular
     41 ЛЯШКО В.К.	#regular
     41 КУПРІЙ В.М.	#regular
     41 ЗЕЛИК Р.Б.	#regular
     41 ДИРДІН М.Є.	#regular
     41 ВОЗНЮК Ю.В.	#regular
     41 БЕЗБАХ Я.Я.	#regular
     40 МЯРКОВСЬКИЙ А.І.	#regular
     40 МЕРЕЖКО О.О.	#regular
     39 ХЛАНЬ С.В.	#regular
     39 СМІТЮХ Г.Є.	#regular
     39 РАДІНА А.О.	#regular
     39 МЕЛЬНИК Є.І.	#regular
     39 ЗАДОРОЖНІЙ М.М.	#regular
     39 ЗАВІТНЕВИЧ О.М.	#regular
     39 ГУЛЯЄВ В.О.	#regular
     38 ШЕВЧЕНКО А.В.	#regular
     38 РИЧКОВА Т.Б.	#regular
     38 НЕКЛЮДОВ В.М.	#regular
     38 НЕДАВА О.А.	#regular
     38 КОВАЛЬЧУК В.А.	#regular
     38 КОВАЛЬОВ О.І.	#regular
     38 КІТ А.Б.	#regular
     38 ГОРДЄЄВ А.А.	#regular
     38 ВАКАРЧУК С.І.	#regular
     38 БРАГАР Є.В.	#regular
     37 УМАНСЬКИЙ І.І.	#regular
     37 РОМАНЮК Р.С.	#regular
     37 ПОПОВ І.В.	#regular
     37 МИХАЙЛЮК Г.О.	#regular
     37 БОНДАРЕНКО О.В.	#regular
     36 УРБАНСЬКИЙ А.І.	#regular
     36 ТІМІШ Г.І.	#regular
     36 СТОЙКО І.М.	#regular
     36 ПАВЛЮК М.В.	#regular
     36 МАРІКОВСЬКИЙ О.В.	#regular
     36 КАМЕЛЬЧУК Ю.О.	#regular
     35 ЧЕРНЕГА Р.Т.	#regular
     35 ПРИСТАЙКО В.В.	#regular
     35 НЕФЬОДОВ М.Є.	#regular
     35 КЛОЧКО А.А.	#regular
     35 ІОНУШАС С.К.	#regular
     35 ЖУПАНИН А.В.	#regular
     35 ГРИШИНА Ю.М.	#regular
     35 ВАДАТУРСЬКИЙ А.О.	#regular
     34 ХМІЛЬ М.М.	#regular
     34 СИЧ О.М.	#regular
     34 САВЧЕНКО Н.В.	#regular
     34 ПУШКАРЕНКО А.М.	#regular
     34 НЕЧАЄВ О.І.	#regular
     34 МАТКІВСЬКИЙ Б.М.	#regular
     34 МАРТИНЕНКО М.В.	#regular
     34 ЗЕЛЕНСЬКИЙ В.О.	#regular
     34 ДОБРОДОМОВ Д.Є.	#regular
     34 БРЕНЗОВИЧ В.І.	#regular
     33 ЧИЙГОЗ А.З.	#regular
     33 ФЕДОРОВИЧ Н.В.	#regular
     33 ТІТАРЧУК М.І.	#regular
     33 СУХОВ О.С.	#regular
     33 СМОЛІЙ Я.В.	#regular
     33 СЛЮЗ Т.Я.	#regular
     33 РАБІНОВИЧ В.З.	#regular
     33 ПРИХОДЬКО Н.І.	#regular
     33 ПРИХОДЬКО Б.В.	#regular
     33 НАСІРОВ Р.М.	#regular
     33 ГОРБУНОВ О.В.	#regular
     33 БОЖИК В.І.	#regular
     33 БЕРЕЗЕНКО С.І.	#regular
     32 УДОВИЧЕНКО О.С.	#regular
     32 СЕМЕНЧЕНКО С.І.	#regular
     32 СЕВРЮКОВ В.В.	#regular
     32 РЕКА А.О.	#regular
     32 НЕСТЕРЕНКО К.О.	#regular
     32 МІЩЕНКО А.М.	#regular
     32 ЄМЕЛЬЯНОВА І.І.	#regular
     32 ГРИНЕВЕЦЬКИЙ С.Р.	#regular
     32 БРИГИНЕЦЬ О.М.	#regular
     32 БЕНЕДИСЮК І.М.	#regular
     31 ЧЕРНЄВ Є.В.	#regular
     31 СУШКО П.М.	#regular
     31 НИЧИПОРЕНКО В.М.	#regular
     31 НЕМІЛОСТІВИЙ В.О.	#regular
     31 МАСЛОВ Д.В.	#regular
     31 ДРОЗДИК О.В.	#regular
     31 ВИСОЦЬКИЙ С.В.	#regular
     30 ЯРИНІЧ К.В.	#regular
     30 РУСНАК І.С.	#regular
     30 ПЕТУХОВ С.І.	#regular
     30 НИЩУК Є.М.	#regular
     30 НЕМИРОВСЬКИЙ А.В.	#regular
     30 МАСОРІНА О.С.	#regular
     30 ДАНУЦА О.А.	#regular
     30 ГУЗИР В.П.	#regular
     29 ЧЕРНЯКОВ В.В.	#regular
     29 ФІЛАТОВ О.В.	#regular
     29 ПАВЕЛКО А.В.	#regular
     29 ЛОПУШАНСЬКИЙ А.Я.	#regular
     29 ЛЕВЧЕНКО М.О.	#regular
     29 КРАСНОСІЛЬСЬКА А.О.	#regular
     29 КРАВЧУК Є.М.	#regular
     29 ДУНАЄВ С.В.	#regular
     29 ДЖЕМІЛЄВ М.	#regular
     28 ЯРЕМА В.Г.	#regular
     28 ШВАЧКО А.О.	#regular
     28 ФУРМАН О.Ю.	#regular
     28 СУГОНЯКО О.Л.	#regular
     28 МИХАЙЛЕНКО О.Д.	#regular
     28 МАЦОЛА Р.М.	#regular
     28 ЛУНЧЕНКО В.В.	#regular
     28 ЛАВРИНОВИЧ О.В.	#regular
     28 КВІТ С.М.	#regular
     28 БЕНЮК Б.М.	#regular
     28 АБДУЛЛІН О.Р.	#regular
     27 ШАРАСЬКІН А.А.	#regular
     27 ПИШНИЙ А.Г.	#regular
     27 НОВИНСЬКИЙ В.В.	#regular
     27 МІРОШНІЧЕНКО І.В.	#regular
     27 КРИВОХАТЬКО В.В.	#regular
     27 КОСТЮК Д.С.	#regular
     27 ЗАХАРЧЕНКО В.Ю.	#regular
     27 ЗАБЛОЦЬКИЙ М.Б.	#regular
     27 ЖДАНОВ І.О.	#regular
     27 ГОРВАТ Р.І.	#regular
     27 ГАЛЬЧЕНКО А.В.	#regular
     27 БЛАВАЦЬКИЙ М.В.	#regular
     26 ЯНКІВ І.Т.	#regular
     26 СКРИПНИК О.О.	#regular
     26 ПОЛЯКОВ М.А.	#regular
     26 НЕГОДА В.А.	#regular
     26 МОРОКО Ю.М.	#regular
     26 МАКЕЄНКО В.В.	#regular
     26 ЛЕВУС А.М.	#regular
     26 КОЛОМІЄЦЬ В.Р.	#regular
     26 КОВАЛЬ М.В.	#regular
     26 ГУЗЕНКО К.О.	#regular
     26 БАЛИЦЬКИЙ Є.В.	#regular
     26 АЗАРОВ М.Я.	#regular
     25 ШАПОВАЛОВ Ю.А.	#regular
     25 ЧОРНА Г.М.	#regular
     25 УСТЕНКО О.О.	#regular
     25 ЛЮБОТА Д.В.	#regular
     25 ЛУК’ЯНОВ В.В.	#regular
     25 ЛАЗЕБНА М.В.	#regular
     25 КУБРАКОВ О.М.	#regular
     25 КІРШ О.В.	#regular
     25 ДРАЮК С.Є.	#regular
     25 ГЕВКО В.Л.	#regular
     25 ГАЙДОШ І.Ф.	#regular
     25 ВЕРЕЩУК І.А.	#regular
     24 ПРОДАН Ю.В.	#regular
     24 МАТІОС М.В.	#regular
     24 ЛЕНСЬКИЙ О.О.	#regular
     24 КОРОЛЬ В.М.	#regular
     24 КИРИЧЕНКО О.М.	#regular
     24 ГОНЧАРОВ А.Д.	#regular
     24 ВОВК Д.В.	#regular
     23 УМЄРОВ Р.Е.	#regular
     23 ТРОЯН В.А.	#regular
     23 СПІРІНА І.Д.	#regular
     23 РЯБОШАПКА Р.Г.	#regular
     23 ПОРОШЕНКО О.П.	#regular
     23 ОВЧИННИКОВА Ю.Ю.	#regular
     23 МЕЛЬНИЧЕНКО В.В.	#regular
     23 КОСТЕНКО П.П.	#regular
     23 КОРЧАК Н.М.	#regular
     23 ДЕНИСЕНКО В.І.	#regular
     23 ГЛАЗУНОВ С.М.	#regular
     22 ЯРЕМЕНКО Б.В.	#regular
     22 ПУЗАНОВ О.Г.	#regular
     22 ПОЛТОРАК С.Т.	#regular
     22 ПАВЛЕНКО О.М.	#regular
     22 МОЛОТОК І.Ф.	#regular
     22 МИКИША Д.С.	#regular
     22 КОШЕЛЄВА А.В.	#regular
     22 ДМИТРУК А.Г.	#regular
     22 ДЕРКАЧ А.Л.	#regular
     22 БАРДІНА М.О.	#regular
     21 ЧАЙКІВСЬКИЙ І.А.	#regular
     21 СТЕЦЬ Ю.Я.	#regular
     21 САЛЬДО В.В.	#regular
     21 МОЧКОВ О.Б.	#regular
     21 МАМЧУР Ю.В.	#regular
     21 КОШУЛИНСЬКИЙ Р.В.	#regular
     21 КОЛЄСНІКОВ Д.В.	#regular
     21 КИЦАК Б.В.	#regular
     21 ЗУБЧЕВСЬКИЙ О.П.	#regular
     21 ЗАРЕМСЬКИЙ М.В.	#regular
     21 ВОЙЦЕХОВСЬКА С.М.	#regular
     20 РИБАК В.В.	#regular
     20 РАЗВАДОВСЬКИЙ В.Й.	#regular
     20 М’ЯЛИК В.Н.	#regular
     20 МАМОЯН С.Ч.	#regular
     20 ГРИЦЕНКО А.С.	#regular
     20 ГОНЧАРОВ С.В.	#regular
     20 БІДЬОВКА В.А.	#regular
     20 БАКАНОВ І.Г.	#regular
     20 АРТЮШЕНКО І.А.	#regular
     20 АБРАМОВСЬКИЙ Р.Р.	#regular
     19 ШТЕПА С.С.	#regular
     19 ШПАК Л.О.	#regular
     19 ТІГІПКО С.Л.	#regular
     19 ПРИСЯЖНЮК О.А.	#regular
     19 МЕДЯНИК В.А.	#regular
     19 МАКАРЕНКО М.В.	#regular
     19 КОРЗУН А.В.	#regular
     19 КАЛЬЦЕВ С.Ф.	#regular
     19 ДМИТРІЄВА О.О.	#regular
     19 ДЗАРДАНОВ М.С.	#regular
     19 ДЕМЧЕНКО С.О.	#regular
     19 ГРИЩУК Р.П.	#regular
     18 ЮРИК Т.З.	#regular
     18 ШКАРЛЕТ С.М.	#regular
     18 ФУДАШКІН Д.О.	#regular
     18 ТАРАСЕНКО Т.П.	#regular
     18 СКІЧКО О.О.	#regular
     18 СВЕТЕЛІК О.Д.	#regular
     18 ПРОЩУК Е.П.	#regular
     18 ПОНОМАРЬОВ А.В.	#regular
     18 ПОБЕР І.М.	#regular
     18 ПАЛИЦЯ І.П.	#regular
     18 МАРТИНЯК С.В.	#regular
     18 ЛЮБЧЕНКО О.М.	#regular
     18 ЛУК’ЯНЧУК Р.В.	#regular
     18 КУДЛАЄНКО С.В.	#regular
     18 ЗАГОРОДНЮК А.П.	#regular
     18 ГАВРИЛЮК М.В.	#regular
     18 БУЛАХ Л.В.	#regular
     18 БАРНА С.С.	#regular
     18 АРТЕМЕНКО А.В.	#regular
     17 ФІРСОВ Є.П.	#regular
     17 УРБАНСЬКИЙ О.І.	#regular
     17 ТРЕБУШКІН Р.В.	#regular
     17 САВЧУК Ю.П.	#regular
     17 ОСТАПЕНКО А.Д.	#regular
     17 КУДРЯ В.І.	#regular
     17 КІСТІОН В.Є.	#regular
     17 КИВА І.В.	#regular
     17 ДОНЕЦЬ Т.А.	#regular
     17 БРИЧЕНКО І.В.	#regular
     17 БОДНАР В.М.	#regular
     16 ЯНЧУК А.В.	#regular
     16 ЯНІЦЬКИЙ В.П.	#regular
     16 ШУЛЬГА В.П.	#regular
     16 ЧОРНИЙ В.І.	#regular
     16 ТКАЧУК Г.В.	#regular
     16 ТАБАЧНИК Д.В.	#regular
     16 СУХАЧОВ О.О.	#regular
     16 РЕВЕГА О.В.	#regular
     16 ПЕТРАШКО І.Р.	#regular
     16 ОРЖЕЛЬ О.А.	#regular
     16 МИКОЛЬСЬКА Н.Я.	#regular
     16 МАРЧУК І.П.	#regular
     16 МАЛЮСЬКА Д.Л.	#regular
     16 МАКЕЄВА О.Л.	#regular
     16 КУНІЦИН С.В.	#regular
     16 КОПАНЧУК О.Є.	#regular
     16 ЖОЛОБЕЦЬКИЙ О.О.	#regular
     16 ЖМЕРЕНЕЦЬКИЙ О.С.	#regular
     16 ГРИНЧУК О.А.	#regular
     16 БОРИТА О.В.	#regular
     16 БАБІЙ Р.В.	#regular
     15 ШКВАРИЛЮК В.В.	#regular
     15 ШЕВЧЕНКО Є.В.	#regular
     15 СЕНЧЕНКО А.В.	#regular
     15 СЕВОСТЬЯНОВА Н.І.	#regular
     15 ПРИСЯЖНЮК М.В.	#regular
     15 ПИВОВАРСЬКИЙ А.М.	#regular
     15 ОРОБЕЦЬ Л.Ю.	#regular
     15 МОШЕНЕЦЬ О.В.	#regular
     15 МЕХЕД П.М.	#regular
     15 МАТВЄЄВ В.Г.	#regular
     15 МАГУТА Р.М.	#regular
     15 ЛЕЩЕНКО Р.М.	#regular
     15 КУПРЕЙЧИК І.В.	#regular
     15 КОТЕЛЯК Л.Л.	#regular
     15 КАНІВЕЦЬ О.Л.	#regular
     15 ЄВЛАХОВ А.С.	#regular
     15 ДАВИДЕНКО В.М.	#regular
     15 ГРУШЕВСЬКИЙ В.А.	#regular
     15 ВЕЧЕРКО В.М.	#regular
     15 БУТКІВСЬКИЙ В.В.	#regular
     15 АНДРІЙОВИЧ З.М.	#regular
     14 ШЛЕМКО Д.В.	#regular
     14 ЦАРЬОВ О.А.	#regular
     14 ХОЛОДОВ А.І.	#regular
     14 ХОЛОДНИЦЬКИЙ Н.І.	#regular
     14 ХАНЕНКО С.М.	#regular
     14 ФЕЩУК У.Ю.	#regular
     14 ТУРМАНОВ В.І.	#regular
     14 ТАРАН А.В.	#regular
     14 СОВА О.Г.	#regular
     14 СКАЛЕЦЬКА З.С.	#regular
     14 СИРОТЮК О.М.	#regular
     14 ПИРОЖЕНКО О.В.	#regular
     14 МОШЕНСЬКИЙ В.З.	#regular
     14 МЕЛЬНИК П.В.	#regular
     14 МАТВІЙЧУК В.М.	#regular
     14 МАГЕРА С.В.	#regular
     14 ЛУТКОВСЬКА В.В.	#regular
     14 КОЛЕБОШИН С.В.	#regular
     14 КОБЦЕВ М.В.	#regular
     14 ІВАНКЕВИЧ В.В.	#regular
     14 ДОВГАНЬ В.М.	#regular
     14 ГЕЛЕВЕЙ О.І.	#regular
     14 ВОЩЕВСЬКИЙ В.М.	#regular
     14 БУЙМІСТЕР Л.А.	#regular
     14 БОНДАР Б.В.	#regular
     14 АРБУЗОВ С.Г.	#regular
     13 ШЕРЕМЕТА П.М.	#regular
     13 УСОВ К.Г.	#regular
     13 ТЯГНИБОК А.Я.	#regular
     13 СУПРУНЕНКО О.І.	#regular
     13 САМОЙЛЕНКО В.П.	#regular
     13 МЕПАРІШВІЛІ Х.Н.	#regular
     13 МАРТИНЮК Л.С.	#regular
     13 МАРТИНЮК А.І.	#chair
     13 ЛЕВЧЕНКО О.В.	#regular
     13 КОПИТІН І.В.	#regular
     13 КИСЛИЦЯ С.О.	#regular
     13 КАПІНУС Є.В.	#regular
     13 ЖУК М.В.	#regular
     13 ГУРІН Д.О.	#regular
     13 ВІТІВ А.М.	#regular
     13 БАНДУРОВ В.В.	#regular
     12 ШУБІН В.М.	#regular
     12 ШОКІН В.М.	#regular
     12 ФРОЛОВ М.О.	#regular
     12 ТКАЧЕНКО М.М.	#regular
     12 ТІСТИК Р.Я.	#regular
     12 СИТНИК А.С.	#regular
     12 СВЯТАШ Д.В.	#regular
     12 ПШОНКА В.П.	#regular
     12 НАГОРНЯК С.В.	#regular
     12 МАНЖОСОВ В.А.	#regular
     12 ЛАВРИК М.І.	#regular
     12 ЛАВРЕНЮК Ю.Ф.	#regular
     12 КОЛЕСНИЧЕНКО В.М.	#regular
     12 КОЗИР Б.Ю.	#regular
     12 КОВТУНЕЦЬ В.В.	#regular
     12 ІОФФЕ Ю.Я.	#regular
     12 ЄФРЕМОВА І.О.	#regular
     12 ГОРБЕНКО Р.О.	#regular
     12 ВОЛОДІНА Д.А.	#regular
     12 БОНДАРЧУК О.В.	#regular
     12 БОНДАР Г.В.	#regular
     12 БЕЛЕНЮК Ж.В.	#regular
     12 БАНЧУК О.А.	#regular
     11 ШЕВЧЕНКО О.Л.	#regular
     11 ШЕВАЛЬОВ А.В.	#regular
     11 ТИМЧУК Д.Б.	#regular
     11 СТЕФАНІШИНА О.В.	#regular
     11 СОКОЛЮК М.Ю.	#regular
     11 РИЖЕНКОВ О.М.	#regular
     11 ПОЛЯК В.М.	#regular
     11 ПАСІЧНИЙ О.С.	#regular
     11 ПАРАСКІВ О.Д.	#regular
     11 ПАВЛОВСЬКИЙ П.І.	#regular
     11 МОСКАЛЬ Г.Г.	#regular
     11 МОКАН В.І.	#regular
     11 МАКСЮТА А.А.	#regular
     11 КІНЗБУРСЬКА В.О.	#regular
     11 КАЧУР Р.П.	#regular
     11 КАРТАШОВ Є.Г.	#regular
     11 КАЛЕТНИК О.М.	#regular
     11 ЗВЯГІЛЬСЬКИЙ Ю.Л.	#regular
     11 ЗАЦ О.В.	#regular
     11 ЗАБЗАЛЮК Р.О.	#regular
     11 ДІДЕНКО І.А.	#regular
     11 ДЗОЗ В.О.	#regular
     11 ДЕНИСЕНКО А.С.	#regular
     11 ГУДЗЕНКО В.І.	#regular
     11 БОРЗОВА І.Н.	#regular
     11 БОГДАН Р.Д.	#regular
     11 БІЛОЦЕРКОВЕЦЬ Д.О.	#regular
     11 БІЛОУС І.О.	#regular
     11 АЛІКСІЙЧУК О.В.	#regular
     10 ШЕВЧУК О.М.	#regular
     10 ШВЕЦЬ В.Д.	#regular
     10 ШАМБІР М.І.	#regular
     10 ХРИСТЕНКО Ф.В.	#regular
     10 СТАВИЦЬКИЙ Е.А.	#regular
     10 РОМАНОВСЬКИЙ О.В.	#regular
     10 ПИВОВАРОВ Є.П.	#regular
     10 МИСЯГІН Ю.М.	#regular
     10 ЛЕОНОВ О.О.	#regular
     10 ЛАЗОРИШИНЕЦЬ В.В.	#regular
     10 КУРПІЛЬ С.В.	#regular
     10 КРИВОШЕЄВ І.С.	#regular
     10 КОЛОМІЄЦЬ В.М.	#regular
     10 КОВТОНЮК П.А.	#regular
     10 КАРМАЗІН Ю.А.	#regular
     10 КАЛЄТНІК І.Г.	#regular
     10 ДАНІЛОВ О.М.	#regular
     10 ГРАДІЛЬ А.І.	#regular
     10 ВАНАТ П.М.	#regular
     10 БОНДАРЕНКО О.А.	#regular
     10 БОГДАНЕЦЬ А.В.	#regular
      9 ЯКИМЕНКО П.В.	#regular
      9 ШКУРАКОВ В.О.	#regular
      9 ХОДАКОВСЬКИЙ П.В.	#regular
      9 ФАБРИКАНТ С.С.	#regular
      9 ТИЩЕНКО М.М.	#regular
      9 ТАРАСОВ О.С.	#regular
      9 СТРІХА М.В.	#regular
      9 СТЕФАНЧУК М.О.	#regular
      9 СІКОРА О.М.	#regular
      9 СВИРИДЕНКО Ю.А.	#regular
      9 РУБЛЬОВ В.В.	#regular
      9 ПЕТРЕНКО О.М.	#regular
      9 НЕГУЛЕВСЬКИЙ І.П.	#regular
      9 НАЛЬОТОВ Д.О.	#regular
      9 НАГАЄВСЬКИЙ А.С.	#regular
      9 ЛЬОВОЧКІНА Ю.В.	#regular
      9 ЛУКАШУК О.Г.	#regular
      9 ЛАПУТІНА Ю.А.	#regular
      9 КРИКЛІЙ В.А.	#regular
      9 КРИВЕНКО В.В.	#regular
      9 КОВАЛЬ О.В.	#regular
      9 КИРИЛЕНКО П.В.	#regular
      9 КАПТЄЛОВ Р.В.	#regular
      9 ЗДЕБСЬКИЙ Ю.В.	#regular
      9 ДУДКА В.В.	#regular
      9 ДУБІНІН О.І.	#regular
      9 ДІДЕНКО І.М.	#regular
      9 ДЖИГИР Ю.А.	#regular
      9 ДАНІЛІН В.Ю.	#regular
      9 ГУБАР В.І.	#regular
      9 ГАНУЩАК Ю.І.	#regular
      9 ВРОНСЬКА Г.О.	#regular
      9 ВІТРЕНКО Ю.Ю.	#regular
      9 БЛАГОДИР Ю.А.	#regular
      9 БІЛОВОЛ О.М.	#regular
      9 БАЙДЮК Л.М.	#regular
      8 ЯСЬКО Є.О.	#regular
      8 ЯРЕСЬКО Н.Я.	#regular
      8 ХАЛІМОН П.В.	#regular
      8 ТАРАСЮК В.В.	#regular
      8 СУКМАНОВА О.В.	#regular
      8 СТОРОЖУК Д.А.	#regular
      8 СТАВНІЙЧУК М.І.	#regular
      8 СЕМІНСЬКИЙ О.В.	#regular
      8 САНЧЕНКО О.В.	#regular
      8 РЯБУХА Т.В.	#regular
      8 ПОРТНОВ А.В.	#regular
      8 ОСТАПЧУК В.М.	#regular
      8 ОМЕЛЬЧЕНКО В.П.	#regular
      8 МУЗИЧЕНКО В.В.	#regular
      8 МУЖЕНКО В.М.	#regular
      8 МАКАР’ЯН Д.Б.	#regular
      8 ЛОПАЧАК М.Р.	#regular
      8 КУЧЕР О.В.	#regular
      8 КУЛЕБА Д.І.	#regular
      8 КУЗЬМІНИХ С.В.	#regular
      8 КОСТЮХ А.В.	#regular
      8 КОЛЮХ В.В.	#regular
      8 КОВАЛЬ Д.М.	#regular
      8 ІЛЬЮК А.О.	#regular
      8 ДУБНОВ А.В.	#regular
      8 ДІДИЧ В.В.	#regular
      8 ГРОЙСАН В.Б.	#chair
      8 ГРИЦАК В.С.	#regular
      8 ГЛАДІЙ В.І.	#regular
      8 ГІНКА Я.Я.	#regular
      8 ВІНТОНЯК О.В.	#regular
      8 ВИСОЦЬКИЙ Т.М.	#regular
      8 ВАЦАК Г.А.	#regular
      8 ВАСИЛІВ І.В.	#regular
      8 БЛИЗНЮК А.М.	#regular
      8 БАБІЙ Ю.Ю.	#regular
      7 ШУГАЛО Р.В.	#regular
      7 ШВЕЦЬ С.Ф.	#regular
      7 ТИМОШЕНКО В.А.	#regular
      7 СУПРУН У.Н.	#regular
      7 СТРІХАРСЬКИЙ А.П.	#regular
      7 СОХА Р.В.	#regular
      7 РЯБІКІН П.Б.	#regular
      7 РОМАНОВ М.І.	#regular
      7 РЄПІНА Е.А.	#regular
      7 ПІНЧУК А.П.	#regular
      7 ПІДБЕРЕЗНЯК В.І.	#regular
      7 ПАВЛЕНКО О.С.	#regular
      7 ОНУФРИК Б.С.	#regular
      7 ОГНЄВІЧ З.Л.	#regular
      7 НОВОХАТЬКО Л.М.	#regular
      7 МОРОЗЕНКО Є.В.	#regular
      7 ЛІТВІНОВ О.М.	#regular
      7 ЛІСОВЕНКО В.В.	#regular
      7 ЛИТВИНЕНКО С.А.	#regular
      7 ЛЕДОВСЬКИХ О.В.	#regular
      7 КУЧЕРУК М.Г.	#regular
      7 КУЗНЄЦОВ О.О.	#regular
      7 КРИВОРУЧКІНА О.В.	#regular
      7 КОНОНЕНКО І.В.	#regular
      7 КОЛОБОВ Ю.В.	#regular
      7 КОВАЛІВ Ю.І.	#regular
      7 КОБОЛЄВ А.В.	#regular
      7 ЗЕРКАЛЬ О.В.	#regular
      7 ДУНДА О.А.	#regular
      7 ДРАБОВСЬКИЙ А.Г.	#regular
      7 ДІДЕНКО Ю.О.	#regular
      7 ДЕМЕДЮК В.Х.	#regular
      7 ГУСЄВ Ю.В.	#regular
      7 ГРЕБА Р.В.	#regular
      7 ГОРЕНЮК О.О.	#regular
      7 ГОЛУБОВ Д.І.	#regular
      7 ВІТКО А.Л.	#regular
      7 БОНДАРЧУК І.В.	#regular
      7 АЛЕКСЄЄВ І.В.	#regular
      7 АВЕРЧЕНКО С.М.	#regular
      6 ШИНКАРЕНКО І.А.	#regular
      6 СОЛОМЧУК Д.В.	#regular
      6 САЛАМАХА О.І.	#regular
      6 САВЧЕНКО О.С.	#regular
      6 РОМЕНСЬКИЙ Д.В.	#regular
      6 ПРОХОРЕНКО О.В.	#regular
      6 ПОЛІЩУК О.М.	#regular
      6 МАТУСЕВИЧ О.Б.	#regular
      6 МАСЕЛКО Р.А.	#regular
      6 МАРЧЕНКО Л.І.	#regular
      6 МАНДЗІЙ С.В.	#regular
      6 МАЛИШЕВ В.С.	#regular
      6 МАКЕДОН Ю.М.	#regular
      6 МАЙКО В.А.	#regular
      6 ЛІЧМАН Г.В.	#regular
      6 ЛАПА В.І.	#regular
      6 КУЛЕБА М.М.	#regular
      6 КРАСОВ О.І.	#regular
      6 КОЛІСНИК А.С.	#regular
      6 КОЛЕСНІКОВ Б.В.	#regular
      6 КОЛГАНОВА О.В.	#regular
      6 КОЗУБ О.А.	#regular
      6 КОЖАРА Л.О.	#regular
      6 КІВАЛОВ С.В.	#regular
      6 КАРАНДЄЄВ Р.В.	#regular
      6 ІСАЄНКО Д.В.	#regular
      6 ІВАХІВ С.П.	#regular
      6 ЖУРАВЛЬОВ Д.В.	#regular
      6 ДРАП’ЯТИЙ Б.Є.	#regular
      6 ДИРІВ А.Б.	#regular
      6 ДЕНИСЕНКО А.П.	#regular
      6 ГОРОХОВ С.О.	#regular
      6 ГЕВКО А.Є.	#regular
      6 ГАЛАЙЧУК В.С.	#regular
      6 ВАЩЕНКО К.О.	#regular
      6 БУНІН С.В.	#regular
      6 БОГАТИРЬОВА Р.В.	#regular
      6 БІЛЕЦЬКИЙ А.Є.	#regular
      6 АЛЛАХВЕРДІЄВА І.В.	#regular
      5 ЯРЕСЬКО Н.І.	#regular
      5 ЯРЕСЬКО Н.Е.	#regular
      5 ШИМКІВ Д.А.	#regular
      5 ЧЕЧОТКІН М.О.	#regular
      5 ЧЕХ С.М.	#regular
      5 ЦИБА Т.В.	#regular
      5 ФАЄРМАРК С.О.	#regular
      5 ТАЛЬКО В.В.	#regular
      5 СІРИЙ М.І.	#regular
      5 СЕРВАТЮК В.М.	#regular
      5 СЕМЧУК Г.М.	#regular
      5 СВІТЛИЧНА Ю.О.	#regular
      5 ПРОСКУРЯКОВ О.А.	#regular
      5 ПРЕСМАН О.С.	#regular
      5 ПОПОВИЧ І.М.	#regular
      5 ПЛАЧКОВ Г.І.	#regular
      5 ПАНАІОТІДІ С.М.	#regular
      5 ПАЗИНЯК В.С.	#regular
      5 ПАВЛОВСЬКИЙ І.В.	#regular
      5 НІКІТІНА М.В.	#regular
      5 МОРОЗ М.В.	#regular
      5 МОВЧАН М.П.	#regular
      5 МИЛОВАНОВ Т.С.	#regular
      5 ЛОЗОВИЙ А.С.	#regular
      5 КУНИЦЬКИЙ О.О.	#regular
      5 КУЛЬТЕНКО А.В.	#regular
      5 КРЕНТОВСЬКА О.П.	#regular
      5 КРАВЧУК Л.М.	#regular
      5 КОЗАК В.В.	#regular
      5 КЛИМЕНКО І.В.	#regular
      5 КІСЄЛЬ Ю.Г.	#regular
      5 КВІТАШВІЛІ О.	#regular
      5 ЗУБ В.О.	#regular
      5 ЗАСТАВНИЙ Р.Й.	#regular
      5 ЄДАКОВ Я.Ю.	#regular
      5 ДУБОВИК В.Б.	#regular
      5 ДУБНЕВИЧ Б.В.	#regular
      5 ДУБЛЯН О.В.	#regular
      5 ДОРОХОВ А.М.	#regular
      5 ДМИТРЕНКО О.М.	#regular
      5 ДЕМЧЕНКО Р.М.	#regular
      5 ДЕЙДЕЙ Є.С.	#regular
      5 ГОРІНА І.А.	#regular
      5 ГОЛОС ІЗ ЗАЛИ	#regular
      5 ГОЛОСИ ІЗ ЗАЛИ	#regular
      5 ГОЛОВКО В.А.	#regular
      5 ГЛУЩЕНКО С.В.	#regular
      5 ГЕРАСИМЧУК М.І.	#regular
      5 ГАЙДУ О.В.	#regular
      5 ВАТРАС В.А.	#regular
      5 ВАСИЛЬЄВ І.С.	#regular
      5 ВАНЗУРЯК Р.С.	#regular
      5 БУХОВЕЦЬ О.Ю.	#regular
      5 БОЛОТСЬКИХ М.В.	#regular
      5 БОГУЦЬКА Є.П.	#regular
      5 БОБКОВ О.М.	#regular
      5 БЛИЗНЮК М.Д.	#regular
      5 БІЛОУСОВ А.Л.	#regular
      5 БЕРЕЖНА І.Г.	#regular
      5 БАРВІНЕНКО В.Д.	#regular
      5 БАРАНОВ В.О.	#regular
      5 БАЛАНДІН С.В.	#regular
      5 БАБИЧ В.В.	#regular
      5 АРСЕНЮК О.О.	#regular
      5 АПОСТОЛ М.В.	#regular
      4 ШЕВЧЕНКО В.Л.	#regular
      4 ШАФРАНСЬКИЙ В.В.	#regular
      4 ЧЕРНИШОВ О.М.	#regular
      4 УЛЮТІН Д.В.	#regular
      4 ТРОФІМЦЕВА О.В.	#regular
      4 ТКАЧЕНКО О.М.	#regular
      4 ТЕРЕЩЕНКО А.В.	#regular
      4 ТЕНЮХ І.Й.	#regular
      4 ТЕМНИК Г.П.	#regular
      4 ТАБАЛОВ А.О.	#regular
      4 СУШКО О.В.	#regular
      4 СТРІЛЕЦЬ Р.О.	#regular
      4 СОЛЬВАР Р.М.	#regular
      4 СЕВРУК Ю.Г.	#regular
      4 САЛІЙЧУК О.В.	#regular
      4 САКВАРЕЛІДЗЕ Д.	#regular
      4 РОМАНЮК В.М.	#regular
      4 РАУПОВ Р.Б.	#regular
      4 ПРАСОЛОВ І.М.	#regular
      4 ПОПОВА Л.В.	#regular
      4 ПОЛОЧАНІНОВ В.Г.	#regular
      4 ПИСАРУК О.В.	#regular
      4 ПИЛИПИШИН В.П.	#regular
      4 ПЕРЕБИЙНІС М.В.	#regular
      4 ПАРФЕНЕНКО Д.М.	#regular
      4 ОСАУЛЕНКО Т.В.	#regular
      4 НОВІКОВА І.Ю.	#regular
      4 НАЙДЖЕЛ БРАУН	#regular
      4 МОРОЗ О.О.	#regular
      4 МЕЛЬНИК С.А.	#regular
      4 МЕДЯНИК В.Ю.	#regular
      4 МАТУЗКО О.О.	#regular
      4 МАТЕЙЧЕНКО К.В.	#regular
      4 МАРМАЗОВ Є.В.	#regular
      4 МАНДЗІЙ Л.С.	#regular
      4 МАГОМЕДОВ Р.С.	#regular
      4 ЛЯШЕНКО А.О.	#regular
      4 ЛУКАШ О.Л.	#regular
      4 ЛИС О.Г.	#regular
      4 ЛЕБЕДЦОВ Б.Б.	#regular
      4 ЛЕБЕДЄВ П.В.	#regular
      4 КУРИКІН С.І.	#regular
      4 КУРЕНКОВ Є.С.	#regular
      4 КРЯЧКО М.В.	#regular
      4 КРЕЙДЕНКО В.В.	#regular
      4 КРАВЧУК В.П.	#regular
      4 КОРНЕЙКО О.В.	#regular
      4 КОРЖ П.П.	#regular
      4 КОЗИР С.В.	#regular
      4 КЛИМЕНКО О.В.	#regular
      4 КИЧУН В.І.	#regular
      4 КАСАЙ К.І.	#regular
      4 ЗУБИК В.В.	#regular
      4 ЗАСУХА С.О.	#regular
      4 ЗАІЧКО О.В.	#regular
      4 ЖИВИЦЬКИЙ Д.О.	#regular
      4 ДОБКІН М.М.	#regular
      4 ДЖИГА М.В.	#regular
      4 ДАНІШЕВСЬКА В.І.	#regular
      4 ГУТЦАЙТ В.М.	#regular
      4 ГОЦУЛ І.Є.	#regular
      4 ВОРОНЬКО О.Є.	#regular
      4 ВЛАСЕНКО Ю.М.	#regular
      4 БУЦА Ю.Б.	#regular
      4 БОЯРСЬКИЙ Ю.І.	#regular
      4 БОГОВСЛОВСЬКА І.Г.	#regular
      4 БЕРЕЗІН М.Ю.	#regular
      4 АТРОШЕНКО В.А.	#regular
      3 ЯРОВИЙ С.А.	#regular
      3 ЯВОРІВСЬКИЙ О.В.	#regular
      3 ШУЛЬМЕЙСТЕР В.Ю.	#regular
      3 ШОЛ М.В.	#regular
      3 ШЕВЧЕНКО І.А.	#regular
      3 ШЕВЧЕНКО В.В.	#regular
      3 ШАРОВ І.Ф.	#regular
      3 ЧУДНОВСЬКИЙ В.О.	#regular
      3 ЧЕРЕНКО О.М.	#regular
      3 ЦАРЕВИЧ О.І.	#regular
      3 ХОЦЯНІВСЬКА Н.В.	#regular
      3 ХОМЕНКО О.В.	#regular
      3 ФІЛАТОВ Б.А.	#regular
      3 ТУРЧИНОВ В.О.	#regular
      3 ТРИГУБЕНКО С.М.	#regular
      3 ТОПАЛОВ С.В.	#regular
      3 ТИМОФІЙЧУК В.Я.	#regular
      3 ТЕВЕЛЄВ Д.М.	#regular
      3 ТАХТАЙ О.В.	#regular
      3 СОРКІН І.В.	#regular
      3 СОЛЯР В.М.	#regular
      3 СОЛЬОНА Н.М.	#regular
      3 СКУТЕЛЬНИК П.Ф.	#regular
      3 СКРИПКА Т.В.	#regular
      3 СКАРБОВІЙЧУК Р.В.	#regular
      3 СИДРОВИЧ Р.М.	#regular
      3 СЕННИЧЕНКО Д.В.	#regular
      3 СЕМЕНЮК А.О.	#regular
      3 САВЧЕНКО О.Ю.	#regular
      3 РЕВЕНКО А.Д.	#regular
      3 РАДУТНИЙ С.І.	#regular
      3 ПРИПУТЕНЬ Д.С.	#regular
      3 ПРИВАЛОВ О.В.	#regular
      3 ПІСЛЯ ПЕРЕРВИ	#regular
      3 ПЕТЬОВКА В.В.	#regular
      3 ПЕТРЕНКО П.П.	#regular
      3 ОХЕНДОВСЬКИЙ М.В.	#regular
      3 ОНИЩЕНКО О.Р.	#regular
      3 ОМЕЛЬЯНОВИЧ Д.С.	#regular
      3 ОДАРЧЕНКО А.М.	#regular
      3 НЕГОЙ Ф.Ф.	#regular
      3 НАЙЄМ М.І.	#regular
      3 НАЗАРЕНКО В.О.	#regular
      3 МУЩИНІН В.В.	#regular
      3 МЕЛЬНИЧУК Л.Ю.	#regular
      3 МАЙБОРОДА С.М.	#regular
      3 МАЗУР Л.М.	#regular
      3 ЛЕКАРЬ С.І.	#regular
      3 ЛАНДИК В.І.	#regular
      3 КОСТРІЙЧУК С.В.	#regular
      3 КОРНАЦЬКИЙ А.О.	#regular
      3 КОПИЛЕНКО О.Л.	#regular
      3 КОЗАЧЕНКО Л.П.	#regular
      3 КОВАЧ В.І.	#regular
      3 КНЯЗЄВ С.М.	#regular
      3 КИЗИМ М.О.	#regular
      3 КАЛЬЧЕНКО В.М.	#regular
      3 ІЩЕНКО В.О.	#regular
      3 ЗАМЛИНСЬКИЙ Р.Т.	#regular
      3 ЗАЙЧУК В.О.	#regular
      3 ЗАГОРІЙ Г.В.	#regular
      3 ЖОЛНОВИЧ О.І.	#regular
      3 ЄДІН О.Й.	#regular
      3 ДМИТРУК Н.Ю.	#regular
      3 ДЄЄВА А.Є.	#regular
      3 ДЕЙЧ Б.Д.	#regular
      3 ГРИЩЕНКО Т.М.	#regular
      3 ГОНТАРЄВА В.О.	#regular
      3 ГЕЛЕТІЙ Ю.І.	#regular
      3 ВІЗІРОВ Б.Й.	#regular
      3 ВЕРЛАНОВ С.О.	#regular
      3 ВАСИЛЬЄВ Г.А.	#regular
      3 БУТКЕВИЧ В.Г.	#regular
      3 БУРАН О.М.	#regular
      3 БУЛАХ В.В.	#regular
      3 БРОВЧЕНКО Ю.П.	#regular
      3 БОНДАРЕНКО А.Є.	#regular
      3 БОЖКОВ О.В.	#regular
      3 БОБЛЯХ А.Р.	#regular
      3 БІЛИЙ О.П.	#regular
      3 БЕРЕЗКІН С.С.	#regular
      3 БАРАШ М.Я.	#regular
      3 БАЛОГА В.І.	#regular
      3 БАЗЮК С.М.	#regular
      3 АНТОНЮК Д.Ю.	#regular
      2 ЯЦЕНЮК А.І.	#regular
      2 ЯРЕСЬКО Н.В.	#regular
      2 ЯРЕМА О.Й.	#regular
      2 ЯКОВЛЄВА Н.І.	#regular
      2 ЮХНОВСЬКИЙ І.Р.	#regular
      2 ЮРЧЕНКО А.С.	#regular
      2 ЮРАШ С.А.	#regular
      2 ШУХЕВИЧ Ю.	#regular
      2 ШУЛЬЦ М.	#regular
      2 ШИПАЙЛО О.І.	#regular
      2 ШИДЛОВСЬКИЙ В.Б.	#regular
      2 ШАПТАЛА Н.К.	#regular
      2 ШАЙТАН В.А.	#regular
      2 ЧУГУННІКОВ В.С.	#regular
      2 ЧЕРНИХ С.П.	#regular
      2 ХРОМАЄВ Т.З.	#regular
      2 ХОМЧАК Р.Б.	#regular
      2 ХОБЗЕЙ П.К.	#regular
      2 ФУРСІН І.Г.	#regular
      2 ФУДАШКІН В.О.	#regular
      2 УСТИМЕНКО С.О.	#regular
      2 УРУСЬКИЙ О.С.	#regular
      2 УЛИДА В.Ю.	#regular
      2 ТРУБАРОВ В.М.	#regular
      2 ТРУБА Р.М.	#regular
      2 ТОМАШ ГРОДЗЬКИЙ	#regular
      2 СТЕЦЕНКО Д.О.	#regular
      2 СМАЧИЛО І.В.	#regular
      2 СКУРАТОВСЬКИЙ С.І.	#regular
      2 СКОРОХОД К.	#regular
      2 СІГАЛ Є.Я.	#regular
      2 СИДОРЧУК В.В.	#regular
      2 САМОЙЛИК К.С.	#regular
      2 САЛАДУХА О.В.	#regular
      2 САВЧУК С.Д.	#regular
      2 РУДЕНКО О.С.	#regular
      2 РОМАНОВА Н.А.	#regular
      2 РОГОВА В.Б.	#regular
      2 РИБАК С.О.	#regular
      2 РАТУШНЯК В.І.	#regular
      2 ПШЕНІЧКА П.Ф.	#regular
      2 ПОРШЕНКО П.О.	#regular
      2 ПОПОВА Т.В.	#regular
      2 ПОЛЯЧЕНКО Ю.В.	#regular
      2 ПОЛЯКОВ В.Л.	#regular
      2 ПОЛУЙКО В.Ю.	#regular
      2 ПОБОЧІХ М.О.	#regular
      2 ПЛУКАР В.В.	#regular
      2 ПЕТРУНЯК Є.В.	#regular
      2 ПАШКОВСЬКИЙ М.І.	#regular
      2 ОРЛОВСЬКИЙ О.С.	#regular
      2 НОВІКОВ М.М.	#regular
      2 НІКІФОРЕНКО В.С.	#regular
      2 НЕТЕЦЬКА О.А.	#regular
      2 НЕМЧІНОВ О.М.	#regular
      2 НЕМИРЯ Г.	#regular
      2 НАЙЄМ М.Я.	#regular
      2 МУРДІЙ І.Ю.	#regular
      2 МУРАЄВ Є.В.	#regular
      2 МОСІЙЧУК І.Р.	#regular
      2 МОЖАРОВСЬКИЙ В.М.	#regular
      2 МІРОШНІЧЕНКО Ю.Р.	#regular
      2 МІНЬКО С.А.	#regular
      2 МІЛОШ ВИСТРЧІЛ	#regular
      2 МИРОНЕНКО М.І.	#regular
      2 МИКИЧАК І.В.	#regular
      2 МЕРІКОВ В.І.	#regular
      2 МЕЙДИЧ О.Л.	#regular
      2 МЕДВЕДЧУК В.В.	#regular
      2 ЛЮТІКОВА В.І.	#regular
      2 ЛУКЕРЯ І.М.	#regular
      2 ЛІЩИНА І.Ю.	#regular
      2 ЛІХОВИЙ І.Д.	#regular
      2 ЛІВІК О.П.	#regular
      2 ЛАРІН С.М.	#regular
      2 КУРДІНОВИЧ О.В.	#regular
      2 КУПЧАК В.Р.	#regular
      2 КУНЧЕНКО О.П.	#regular
      2 КУНАЄВ А.Ю.	#regular
      2 КУЗЬМІН Р.І.	#regular
      2 КУЗЬМИШИН В.М.	#regular
      2 КУДРЯВЦЕВ О.В.	#regular
      2 КУБІВ І.С.	#regular
      2 КСЕНЖУК О.С.	#regular
      2 КРУК Ю.Б.	#regular
      2 КРОТЮК В.М.	#regular
      2 КРИВЕЦЬКИЙ І.І.	#regular
      2 КОТВІЦЬКИЙ І.О.	#regular
      2 КОСЮГА В.І.	#regular
      2 КОРОЛЮК В.А.	#regular
      2 КОРЖ Р.А.	#regular
      2 КОМОРОВСЬКИЙ Б.	#regular
      2 КОМАРІДА О.О.	#regular
      2 КОЛІСНИК А.А.	#regular
      2 КОЗИРЄВ П.Г.	#regular
      2 КОЗАК Т.Р.	#regular
      2 КОЖЕМЯКІН А.А.	#regular
      2 КОВАЛЬОВА О.В.	#regular
      2 КНІЗЕВИЧ Р.П.	#regular
      2 КЛІМОВ Л.М.	#regular
      2 КАЛЮЖНИЙ В.А.	#regular
      2 КАЛЕТНИК Г.М.	#regular
      2 КАЛАУР І.Р.	#regular
      2 ІВАНЧВУК А.В.	#regular
      2 ІВАНОВ В.І.	#regular
      2 ІВАНКЕВИЧ В.І.	#regular
      2 ЗУЄВ М.С.	#regular
      2 ЗВЄРЄВ В.П.	#regular
      2 ЗАЯЦЬ А.І.	#regular
      2 ЗАСЛАВСЬКИЙ Ю.І.	#regular
      2 ЗАЛІЩУК С.В.	#regular
      2 ЗАДОРОЖНИЙ В.К.	#regular
      2 ЄНІН Є.В.	#regular
      2 ЄВСТІГНЄЄВ А.С.	#regular
      2 ЄВДОЧЕНКО Л.О.	#regular
      2 ДРОЗДОВА Л.М.	#regular
      2 ДРАГАНЧУК Ю.О.	#regular
      2 ДОЛЖЕНКО О.В.	#regular
      2 ДОЛГОВ І.О.	#regular
      2 ДІДЕНКО О.М.	#regular
      2 ДЕМИДОВИЧ Д.В.	#regular
      2 ДАНІЛОВ В.Б.	#regular
      2 ДАВИМУКА С.А.	#regular
      2 ГУЛАК О.М.	#regular
      2 ГУЗЕНКО М.В.	#regular
      2 ГРУБА Г.І.	#regular
      2 ГРОЙСМАН В.Ю.	#regular
      2 ГРИВКО С.Д.	#regular
      2 ГОНЧАРОВ С.М.	#regular
      2 ГОЛЕНКО В.М.	#regular
      2 ГІТАНАС НАУСЄДА	#regular
      2 ГЕРЖОВ Ю.І.	#regular
      2 ГЕРЕГА О.В.	#regular
      2 ГЕЛЕТЕЙ В.В.	#regular
      2 ГАРБАРУК І.М.	#regular
      2 ГАЛІБАРЕНКО Н.М.	#regular
      2 ВОРОНОВ В.А.	#regular
      2 ВОРОНА Д.М.	#regular
      2 ВОЙЦЕХІВСЬКИЙ В.О.	#regular
      2 ВОЙТОВИЧ Я.В.	#regular
      2 ВЕЛІКІН О.М.	#regular
      2 ВАКАРАШ В.М.	#regular
      2 БОЧКОВСЬКИЙ С.С.	#regular
      2 БОРДЮГ І.Л.	#regular
      2 БОЖОК Є.В.	#regular
      2 БОГАЧЕВ Р.М.	#regular
      2 БІСЮК І.Ю.	#regular
      2 БІДЕНКО А.І.	#regular
      2 БЕРНАЦЬКА Н.І.	#regular
      2 БЕНДЮЖЕНКО Ф.В.	#regular
      2 БАУЛІН Ю.В.	#regular
      2 БАЛАН М.І.	#regular
      2 БАЙСАРОВ Л.В.	#regular
      2 БАБАК А.І.	#regular
      2 АРЖЕВІТІН С.М.	#regular
      2 АМЕЛІН А.І.	#regular
      2 АЛЕКСАНДРОВСЬКА А.О.	#regular
      2 АВАКЯН Т.А.	#regular
      1 ЯЦЕНЮК О.П.	#regular
      1 ЯЦЕГНЮК А.П.	#regular
      1 ЯУЕНЮК А.П.	#regular
      1 ЯРОШ Д.А.	#regular
      1 ЯРЕСЬКО Н.З.	#regular
      1 ЯРЕМЕНКО І.О.	#regular
      1 ЯНУКОВИЧ В.Ф.	#regular
      1 ЯНІС МАКДЕВІД	#regular
      1 ЮРЧЕНКО О.М.	#regular
      1 ЮНАКОВ І.С.	#regular
      1 ЮЖАНІНА Н.С.	#regular
      1 ЮЖАНАНІ Н.П.	#regular
      1 ЩИГОЛЬ Ю.Ф.	#regular
      1 ШУФРИЧ Н.П.	#regular
      1 ШТУЧНИЙ В.В.	#regular
      1 ШКРУМ О.І.	#regular
      1 ШКРУМ А.В.	#regular
      1 ШКЛЯР С.В.	#regular
      1 ШКАРЛЕТ С.Н.	#regular
      1 ШИТАЙЛО О.І.	#regular
      1 ШИПІЛОВ Л.М.	#regular
      1 ШЕРЕМЕТА П.В.	#regular
      1 ШЕНЦЕВ Д.О.	#regular
      1 ШЕЛЕСТ О.В.	#regular
      1 ШЕВЧУК С.В.	#regular
      1 ШЕВЧУК О.Б.	#regular
      1 ШЕВЧЕНКО К.Є.	#regular
      1 ШАХМАТЕНКО Р.С.	#regular
      1 ШАТВОРЯН В.Г.	#regular
      1 ЧУРКІНА О.І.	#regular
      1 ЧУЄВА К.Є.	#regular
      1 ЧУБ В.Є.	#regular
      1 ЧУБАТЕНКО О.М.	#regular
      1 ЧОРНА О.С.	#regular
      1 ЧИЖМАР Ю.В.	#regular
      1 ЧЕЧЕТОВ М.	#regular
      1 ЧЕЧЕТКІН М.О.	#regular
      1 ЧЕРНЯВСЬКИЙ С.М.	#regular
      1 ЧЕРНИШОВ Д.В.	#regular
      1 ЧЕРНИШ В.О.	#regular
      1 ЧЕРНЕКО О.М.	#regular
      1 ЧЕРЕНЕНКО О.М.	#regular
      1 ЧЕНЕНКО О.М.	#regular
      1 ЧЕБОТАР С.І.	#regular
      1 ХОЛОДНИЦЬКИЙ Т.І.	#regular
      1 ХЛАПУК М.М.	#regular
      1 ФУРМАН О.	#regular
      1 ФРОЛОВ О.В.	#regular
      1 ФРИЦЬКИЙ Ю.О.	#regular
      1 ФОРСЮК Н.В.	#regular
      1 ФОМЕНКО С.В.	#regular
      1 ФОМЕНКО І.О.	#regular
      1 ФИЩУК О.Г.	#regular
      1 ФЕЛЬДМАН О.Б.	#regular
      1 ФАЗІКОШ Г.В.	#regular
      1 УРСУЛА ФОН ДЕР ЛЯЄН	#regular
      1 УДОД Є.Г.	#regular
      1 ТУХІН О.М.	#regular
      1 ТУПИЦЬКИЙ О.М.	#regular
      1 ТУКА Г.Б.	#regular
      1 ТРЕТЯКОВ О.Ю.	#regular
      1 ТОЧИЦЬКИЙ М.С.	#regular
      1 ТОПЧІЙ В.М.	#regular
      1 ТОМЕНОКО М.В.	#regular
      1 ТОМЕНКО В.М.	#regular
      1 ТОБАЙЯС ЕЛВУД	#regular
      1 ТКАЛЕНКО І.І.	#regular
      1 ТИМОШЕНКО О.В.	#regular
      1 ТИГНИБОК О.Я.	#regular
      1 ТИГІПКО С.Л.	#regular
      1 ТЕРТЬЯКОВ О.Ю.	#regular
      1 ТЕРЛЕЦЬКИЙ Р.	#regular
      1 ТЕВЕЛІВ Д.М.	#regular
      1 СЮМАР В.В.	#regular
      1 СУРКІС Г.М.	#regular
      1 СТРУНЕВИЧ В.О.	#regular
      1 СТЕФАН РОМАНІВ	#regular
      1 СТЕРНІЙЧУК В.О.	#regular
      1 СТЕПАНЕНКО А.А.	#regular
      1 СТЕБЛИНСЬКИЙ М.М.	#regular
      1 СТАДНІЙЧУК Р.М.	#regular
      1 СТАДНІЙЧУК Р.В.	#regular
      1 СТАВЧУК І.І.	#regular
      1 СОЧКА О.О.	#regular
      1 СОТНИК О.	#regular
      1 СОРОКА М.П.	#regular
      1 СОРІН ДУМІТРУ ДУКАРУ	#regular
      1 СОЛОШЕНКО М.П.	#regular
      1 СОКОЛОВСЬКА Ю.С.	#regular
      1 СОБОЛЕВСЬКИЙ Г.Г.	#regular
      1 СЛІПАЧУК Т.В.	#regular
      1 СЛІДЕНКО І.Д.	#regular
      1 СИРОДОРОВИЧ Р.М.	#regular
      1 СИМОНЕНКО М.П.	#regular
      1 СИЛАНТЄВ Д.О.	#regular
      1 СИВАК О.В.	#regular
      1 СЕМИНОЖЕНКО В.П.	#regular
      1 СЕМЕНУХ Р.С.	#regular
      1 СВІНЦІЦЬКА О.П.	#regular
      1 САУДАРГАС П.	#regular
      1 САНДЕР ЛЕВІН	#regular
      1 САМОЙЛЕНКО Ю.П.	#regular
      1 САЛЮТІН Р.В.	#regular
      1 САДОВ’ЯК І.Д.	#regular
      1 РЯБЧЕНКО О.В.	#regular
      1 РУТИЦЬКА В.В.	#regular
      1 РОМАНІШИН О.В.	#regular
      1 РОБЕРТ ХАНТЕР	#regular
      1 РОБЕРТА МЕЦОЛА	#regular
      1 РІКАРДУ БЕШІГА	#regular
      1 РИБАЧУК Ю.А.	#regular
      1 РЕФАТ ЧУБАРОВ	#regular
      1 РБЯБЧИН О.М.	#regular
      1 РАТАС Ю.	#regular
      1 ПОЯРКОВ В.О.	#regular
      1 ПОСТІВИЙ С.О.	#regular
      1 ПОПЛАВСЬКИЙ М.М.	#regular
      1 ПЛЕНКОВИЧ АНДРЕЙ	#regular
      1 ПІЩАНСЬКА О.С.	#regular
      1 ПІЛІСЕЦЬКИЙ Л.Т.	#regular
      1 ПІДЛІСЕЬКИЙ Л.Т.	#regular
      1 ПЕХОВ В.А.	#regular
      1 ПЕТРЕНКО А.Г.	#regular
      1 ПЕРЕПЕЛЮК В.Г.	#regular
      1 ПЕРЕВЕЗЕНЦЕВ О.Ю.	#regular
      1 ПАРУБОК О.Н.	#regular
      1 ПАОЛО АЛЛІ	#regular
      1 ОСТРІКОВ АТ	#regular
      1 ОСТІРКОВА Т.Г.	#regular
      1 ОЛІЙНИК А.С.	#regular
      1 НОСОВ О.Г.	#regular
      1 НОВІКОВ О.Ф.	#regular
      1 НІКОЛАЙЧУК С.А.	#regular
      1 НІКІФОРЕНКО В.О.	#regular
      1 НЕЧИПОРЕНКО В.М.	#regular
      1 НАЛИВАЙКО О.І.	#regular
      1 НАЄМ М.	#regular
      1 МЯРКОВЬСКИЙ А.І.	#regular
      1 МЮКРЕМІН ШАХІН	#regular
      1 МУСТАФА ДЖЕМІЛЄВ	#regular
      1 МУРНІЄЦЕ І.	#regular
      1 МУРАВЙОВ О.В.	#regular
      1 МУЛИК Р.М.	#regular
      1 МОШАК С.М.	#regular
      1 МОЙСИК В.Р.	#regular
      1 МОІСЕЄНКО Р.О.	#regular
      1 МОГИЛЬОВ А.В.	#regular
      1 МІРОШНИЧЕНКО І.В.	#regular
      1 МИХАЛЬЧИШИН Ю.Я.	#regular
      1 МИСИК В.Ю.	#regular
      1 МИРНИЙ І.М.	#regular
      1 МИРИМСЬКИЙ Л.Ю.	#regular
      1 МИКОЛАЙЧУК О.А.	#regular
      1 МИКИТАСЬ М.В.	#regular
      1 МЕЦОЛА Р.	#regular
      1 МЕТТЕ ФРЕДЕРІКСЕН	#regular
      1 МЕПЛЬНИЧУК С.П.	#regular
      1 МЕЛЬНИЦУК І.І.	#regular
      1 МЕЛЬНИК М.І.	#regular
      1 МАТВІЄНКО С.А.	#regular
      1 МАРТИНЮК М.П.	#regular
      1 МАРК РЮТТЕ	#regular
      1 МАРКОВ І.О.	#regular
      1 МАРКАРОВ О.С.	#regular
      1 МАМОНТОВА І.Ю.	#regular
      1 МАЛЯР Г.В.	#regular
      1 МАЛОВАЦЬКИЙ О.В.	#regular
      1 МАЛАШКІН М.А.	#regular
      1 МАКУХА В.О.	#regular
      1 МАКУЛ Л.Я.	#regular
      1 МАКАРЯН Д.Б.	#regular
      1 МАГОМЕДОВ М.С.	#regular
      1 ЛЯШКО О.І.	#regular
      1 ЛЯШКО В.О.	#regular
      1 ЛЮБЧЕНКО П.М.	#regular
      1 ЛЮБИНЕЦЬКИЙ М.В.	#regular
      1 ЛУЧЕНКО І.В.	#regular
      1 ЛУЦЕНКО ЮВ	#regular
      1 ЛУЦЕНКО І.О.	#regular
      1 ЛУЦЕНК І.В.	#regular
      1 ЛУЦЕКО І.С.	#regular
      1 ЛУЗАН А.	#regular
      1 ЛІСОВЕНКО В.О.	#regular
      1 ЛІСНЕВСЬКА Н.О.	#regular
      1 ЛІНЧЕВСЬКИЙ О.В.	#regular
      1 ЛІНА ДЕШВАР	#regular
      1 ЛІБАНОВ М.О.	#regular
      1 ЛИТВИНОВ О.М.	#regular
      1 ЛЕВСЕНКО Ю.В.	#regular
      1 ЛЕВ М.О.	#regular
      1 ЛЕВИЦЬКИЙ В.С.	#regular
      1 КУЧМА Л.Д.	#regular
      1 КУХТА П.А.	#regular
      1 КУХАР М.Д.	#regular
      1 КУРТСЕІТОВА АНІФЕ	#regular
      1 КУЗЬМІН Р.Р.	#regular
      1 КУЗЬМЕНКО С.А.	#regular
      1 КУЖЕЛЬ О.М.	#regular
      1 КУЖЕЛЬ О.	#regular
      1 КУДІН Д.І.	#regular
      1 КРУТІЙ В.І.	#regular
      1 КРУГЛОВ М.П.	#regular
      1 КРОТЮК В.Л.	#regular
      1 КРИЖАНІВСЬКИЙ В.П.	#regular
      1 КРАСНОПОЛЬСЬКИЙ Я.В.	#regular
      1 КРАСНОЛУЦЬКИЙ О.В.	#regular
      1 КРАПІВНИЦЬКА Н.Л.	#regular
      1 КРАВЦОВ Є.П.	#regular
      1 КОТИК Є.Д.	#regular
      1 КОРЯВЧЕНКОВ Ю.В.	#regular
      1 КОРОЛЕНКО В.Ю.	#regular
      1 КОРНІЄНКО В.В.	#regular
      1 КОРИНЕВИЧ А.О.	#regular
      1 КОНСТАНТІНОВСЬКИЙ В.Л.	#regular
      1 КОЛІСНИК В.П.	#regular
      1 КОЛИХАЄВ І.В.	#regular
      1 КОЛЄВ О.В.	#regular
      1 КОЗЛОВСЬКА Н.В.	#regular
      1 КОЖЕМЯКІНН А.А.	#regular
      1 КОВАЛЬОВ А.В.	#regular
      1 КОВАЛІВ Я.Б.	#regular
      1 КНЯЗКВИЧ Р.П.	#regular
      1 КНЯЖИЦЬКИЙ Л.М.	#regular
      1 КНЯЖИЙЦЬКИЙ М.Л.	#regular
      1 КЛЮЧКОВСЬКИЙ Ю.Б.	#regular
      1 КЛЮЄВ С.П.	#regular
      1 КЛІМКІН А.П.	#regular
      1 КЛИЧКО В.Я.	#regular
      1 КІСІЛЬОВ І.П.	#regular
      1 КИЦЮК В.П.	#regular
      1 КИРИЧЕНКО М.О.	#regular
      1 КИРИЛЕНТКО В.А.	#regular
      1 КВАШУК В.С.	#regular
      1 КВАШУК В.П.	#regular
      1 КАЧУР О.Ю.	#regular
      1 КАЦУБА В.М.	#regular
      1 КАСМІНІН О.В.	#regular
      1 КАСАЙ Г.О.	#regular
      1 КАРМАЗА О.О.	#regular
      1 КАРАНДІЙ В.А.	#regular
      1 КАПЛІН С.В.	#regular
      1 КАПЛІНА О.В.	#regular
      1 КАЙДА П.О.	#regular
      1 КАБАНОВ О.Є.	#regular
      1 ЙОНАС ЛЕСІС	#regular
      1 ІЛЯШЕНКО В.В.	#regular
      1 ІЛЛЯШЕНКО О.В.	#regular
      1 ІЛЛЄНКО П.Ю.	#regular
      1 ІГНАТОВ А.П.	#regular
      1 ІВЧЕНКО Є.П.	#regular
      1 ІВАЩЕНКО І.А.	#regular
      1 ІВАНОВ С.М.	#regular
      1 ЗЮКОВ Ю.Є.	#regular
      1 ЗУЗАНА ЧАПУТОВА	#regular
      1 ЗІНГЯРІАС Е.	#regular
      1 ЗЕЛЕНСЬКИЙ О.В.	#regular
      1 ЗГУЛАДЗЕ Е.И.	#regular
      1 ЗГУЛАДЗЕ Е.	#regular
      1 ЗВАРИЧ Р.М.	#regular
      1 ЗВАРИЧ М.П.	#regular
      1 заступник Голови	#chair
      1 ЗАМАНА В.М.	#regular
      1 ЗАКОПЕЦЬ Ю.М.	#regular
      1 ЗАЄЦЬ І.О.	#regular
      1 ЖЕРЕБНЮК В.М.	#regular
      1 ЖЕРАР ЛАРШЕ	#regular
      1 ЄРЕМЄЄВ І.М.	#regular
      1 ЄНС СТОЛТЕНБЕРГ	#regular
      1 ДУБОВИК С.О.	#regular
      1 ДЖЕМІЛЄВ М.А.	#regular
      1 ДЕРЕВЛЯНИЙ В.Т.	#regular
      1 ДЕПУТАТ НЕ НАЗВАВСЯ	#regular
      1 ДЕНИСОВА Л.Л.	#regular
      1 ДЕНИСЕНКО Н.М.	#regular
      1 ДАЦЕНКО Л.М.	#regular
      1 ДАВИДОВА Л.	#regular
      1 ГУНЬКО А.Г.	#regular
      1 ГРОЙСМНА В.Б.	#regular
      1 ГРОЙСМАН Б.В.	#regular
      1 ГРИЩЕНКО К.І.	#regular
      1 ГРИНЮК В.О.	#regular
      1 ГРИНЮК В.В.	#regular
      1 ГРИНЕВИЧ Л.С.	#regular
      1 ГРЕЧКІВСЬКИЙ П.М.	#regular
      1 ГРЕНЬ В.В.	#regular
      1 ГОРБУЛІН В.П.	#regular
      1 ГОПОКО Г.М.	#regular
      1 ГОНЧАРЕНКО О.В.	#regular
      1 ГОЛОВАТИЙ В.Я.	#regular
      1 ГЛУЩЕНКО В.А.	#regular
      1 ГЕРМАН Д.В.	#regular
      1 ГЕРЕ Ю.П.	#regular
      1 ГЕРАСИМЕНКО І.Л.	#regular
      1 ГВОЗДЬ В.І.	#regular
      1 ГАШЕВ М.Х.	#regular
      1 ГАТАУЛЛІНА О.А.	#regular
      1 ГАНЧУКОВ О.К.	#regular
      1 ГАЛУШКО М.Л.	#regular
      1 ВОЛКОВИЦЬКА Н.О.	#regular
      1 ВІТРЕНКО А.О.	#regular
      1 ВІРАСТЮК В.Я.	#regular
      1 ВИНОКУРОВ С.М.	#regular
      1 ВЕРСТЮК В.Ф.	#regular
      1 ВЕРЕМІЙ І.Г.	#regular
      1 ВЕНІСЛАВСКИЙ Ф.В.	#regular
      1 ВАЩУК К.С.	#regular
      1 ВАСЮК О.О.	#regular
      1 ВАЛЕНТИРОВ С.В.	#regular
      1 БУЦА Б.Е.	#regular
      1 БРУСИЛО І.М.	#regular
      1 БРОДСЬКИЙ М.Ю.	#regular
      1 БРАЦЮНЬ І.О.	#regular
      1 БРАЙКО С.Б.	#regular
      1 БОЯРЧУК О.Б.	#regular
      1 БОРУХОВСЬКИЙ Б.В.	#regular
      1 БОРТ В.П.	#regular
      1 БОРИС ДЖОНСОН	#regular
      1 БОНДАР С.В.	#regular
      1 БОНДАР О.М.	#regular
      1 БОЙКО Ю.М.	#regular
      1 БОЙКО В.Б.	#regular
      1 БОЙКО В.	#regular
      1 БОЙКО А.М.	#regular
      1 БОБОВ Г.Б.	#regular
      1 БОБАР І.М.	#regular
      1 БЄЛКОВА О.В.	#regular
      1 БЕРЕЗЮК Р.	#regular
      1 БЕРЕЗЮК К.Г.	#regular
      1 БЕРЕЖНА Т.В.	#regular
      1 БЕРЕЖНА И.Г.	#regular
      1 БАЛАЦ С.В.	#regular
      1 БАКУЛІН Є.М.	#regular
      1 БАДАЄВ Р.Г.	#regular
      1 БАГАНЕЦЬ О.В.	#regular
      1 БАБЕНКО В.Б.	#regular
      1 АРТЕМЕНКО Ю.А.	#regular
      1 АР’ЄВ В.Г.	#regular
      1 АНДРУЩЕНКО С.А.	#regular
      1 АНДРІЄВСЬКИЙ Д.Є.	#regular
      1 АНДРЕАС ЕБІ	#regular
      1 АНДЖЕЙ ДУДА	#regular
      1 АНАНЧЕНКО М.О.	#regular
      1 АЛЮШИНА Н.О.	#regular
      1 АКСЬОНОВ А.А.	#regular
      1 АЙДЕР РУСТЕМОВ	#regular
      1 АБРОМАВИЧУС А.К.	#regular
      1 АБРОМАВИЧУС А.И.	#regular
      1 АБРАМОВИЧУС А.	#regular
