    373 ШМИГАЛЬ Д.А.
    246 ЗУБКО Г.Г.
    119 НАЙЄМ М.
    103 СТЕПАНОВ М.В.
    102 МАРЧЕНКО С.М.
    101 МАРКАРОВА О.С.
    101 ДЕМЧИШИН В.В.
     96 РЕВА А.О.
     84 ГОНЧАРУК О.В.
     77 ЯРЕСЬКО Н.
     77 ДАНИЛЮК О.О.
     70 ГОНТАРЕВА В.О.
     64 ПІНЧУК М.Г.
     60 ШЛАПАК О.В.
     60 ГАЛУЩЕНКО Г.В.
     57 САМСІН І.Л.
     57 КЛІМКІН П.А.
     54 ОМЕЛЯН В.В.
     45 РЕЗНІКОВ О.Ю.
     45 АБРОМАВИЧУС А.
     42 РОМАНЮК Я.М.
     41 ЛЯШКО В.К.
     40 МЯРКОВСЬКИЙ А.І.
     39 ЗЕЛЕНСЬКИЙ В.О.
     37 УМАНСЬКИЙ І.І.
     35 ПРИСТАЙКО В.В.
     35 НЕФЬОДОВ М.Є.
     34 ПОРОШЕНКО П.О.
     33 ФЕДОРОВИЧ Н.В.
     33 ТІТАРЧУК М.І.
     33 СМОЛІЙ Я.В.
     32 УДОВИЧЕНКО О.С.
     32 ЄМЕЛЬЯНОВА І.І.
     32 БЕНЕДИСЮК І.М.
     30 РУСНАК І.С.
     30 ПЕТУХОВ С.І.
     30 НИЩУК Є.М.
     30 ГУЗИР В.П.
     29 ФІЛАТОВ О.В.
     29 СУПРУН У.Н.
     29 КРАСНОСІЛЬСЬКА А.О.
     29 ДЖЕМІЛЄВ М.
     27 ЗАХАРЧЕНКО В.Ю.
     26 НЕГОДА В.А.
     26 КОЛОМІЄЦЬ В.Р.
     26 КОВАЛЬ М.В.
     25 ЛАЗЕБНА М.В.
     24 ПРОДАН Ю.В.
     24 КОРЧАК Н.М.
     24 ВОВК Д.В.
     23 ТРОЯН В.А.
     23 РЯБОШАПКА Р.Г.
     22 ПОЛТОРАК С.Т.
     22 ПАВЛЕНКО О.М.
     20 ЯРЕМА В.Г.
     20 БАКАНОВ І.Г.
     20 АБРАМОВСЬКИЙ Р.Р.
     19 КОРЗУН А.В.
     19 АВАКОВ А.Б.
     18 ШКАРЛЕТ С.М.
     18 ФУДАШКІН Д.О.
     18 СВЕТЕЛІК О.Д.
     18 ЛЮБЧЕНКО О.М.
     18 ЗАГОРОДНЮК А.П.
     18 БАБАК А.В.
     17 КІСТІОН В.Є.
     17 БОДНАР В.М.
     16 ЯНЧУК А.В.
     16 СУХАЧОВ О.О.
     16 СТЕФАНЧУК Р.О.
     16 ПРИСЯЖНЮК М.В.
     16 ПЕТРАШКО І.Р.
     16 МИКОЛЬСЬКА Н.Я.
     16 МАКЕЄВА О.Л.
     16 КВІТАШВІЛІ О.
     16 КАЧУР Р.П.
     15 СЕВОСТЬЯНОВА Н.І.
     15 ПИВОВАРСЬКИЙ А.М.
     15 МЕХЕД П.М.
     15 МАГУТА Р.М.
     15 ЛУТКОВСЬКА В.В.
     15 ЛЕЩЕНКО Р.М.
     14 ХОЛОДНИЦЬКИЙ Н.І.
     14 ФЕЩУК У.Ю.
     14 ТАРАН А.В.
     14 СКАЛЕЦЬКА З.С.
     14 ПИРОЖЕНКО О.В.
     14 МАТВІЙЧУК В.М.
     14 ІВАНКЕВИЧ В.В.
     14 ДОВГАНЬ В.М.
     14 ГЕРАЩЕНКО А.Ю.
     14 БОНДАР Б.В.
     14 АРБУЗОВ С.Г.
     13 ШЕРЕМЕТА П.М.
     13 КИСЛИЦЯ С.О.
     13 КАПІНУС Є.В.
     13 АГАФОНОВА Н.В.
     12 ШУБІН В.М.
     12 ШОКІН В.М.
     12 СИТНИК А.С.
     12 ПШОНКА В.П.
     12 ПАЦКАН В.В.
     12 МАНЖОСОВ В.А.
     12 ЛАВРЕНЮК Ю.Ф.
     12 КОЛЕСНИЧЕНКО В.М.
     12 КОВТУНЕЦЬ В.В.
     12 БАНЧУК О.А.
     11 ШЕВАЛЬОВ А.В.
     11 СТЕФАНІШИНА О.В.
     11 СОКОЛЮК М.Ю.
     11 МАКСЮТА А.А.
     11 ГРОЙСМАН В.Б.
     11 БІЛОУС І.О.
     10 ШЕВЧУК О.М.
     10 ШАМБІР М.І.
     10 СТАВИЦЬКИЙ Е.А.
     10 СОВСУН І.Р.
     10 ЛАЗОРИШИНЕЦЬ В.В.
     10 КОЛОМІЄЦЬ В.М.
     10 КОВТОНЮК П.А.
     10 КАРМАЗІН Ю.А.
     10 ЗГУЛАДЗЕ-ГЛУКСМАНН Е.
     10 ДАНІЛОВ О.М.
     10 ГРАДІЛЬ А.І.
      9 ШКУРАКОВ В.О.
      9 ХОДАКОВСЬКИЙ П.В.
      9 СТРІХА М.В.
      9 СВИРИДЕНКО Ю.А.
      9 ЛАПУТІНА Ю.А.
      9 ДІДЕНКО І.М.
      9 ДЖИГИР Ю.А.
      9 ГАНУЩАК Ю.І.
      9 ВРОНСЬКА Г.О.
      9 ВІТРЕНКО Ю.Ю.
      8 ЯРЕСЬКО Н.Я.
      8 ЧУРКІНА О.І.
      8 ТАРАСЮК В.В.
      8 СУКМАНОВА О.В.
      8 СТАВНІЙЧУК М.І.
      8 РЯБЧИН О.М.
      8 РЯБУХА Т.В.
      8 ПОРТНОВ А.В.
      8 МУЗИЧЕНКО В.В.
      8 МУЖЕНКО В.М.
      8 КУЛЕБА Д.І.
      8 КОВАЛЬ Д.М.
      8 ГРОЙСАН В.Б.
      8 ГРИЦАК В.С.
      8 В’ЯТРОВИЧ В.М.
      8 ВИСОЦЬКИЙ Т.М.
      7 РЯБІКІН П.Б.
      7 РОМАНОВ М.І.
      7 ПИШНИЙ А.Г.
      7 ПАВЛЕНКО О.С.
      7 НОВОХАТЬКО Л.М.
      7 ЛІСОВЕНКО В.В.
      7 КОЛОБОВ Ю.В.
      7 КОВАЛІВ Ю.І.
      7 КОБОЛЄВ А.В.
      7 КВІТ С.М.
      7 ІЛИК Р.Р.
      7 ЗЕРКАЛЬ О.В.
      7 ГУСЄВ Ю.В.
      7 ГРЕБА Р.В.
      7 БОНДАРЧУК І.В.
      6 РОМЕНСЬКИЙ Д.В.
      6 ПРОХОРЕНКО О.В.
      6 ПОЛІЩУК О.М.
      6 ПІСЛЯ ПЕРЕРВИ
      6 МАСЕЛКО Р.А.
      6 МАЙКО В.А.
      6 ЛАПА В.І.
      6 КУЛЕБА М.М.
      6 КОРОЛЕВСЬКА Н.Ю.
      6 КОЗАК В.В.
      6 КАРАНДЄЄВ Р.В.
      6 ЖУРАВЛЬОВ Д.В.
      6 ДРАП’ЯТИЙ Б.Є.
      6 ГЕВКО А.Є.
      6 ВАЩЕНКО К.О.
      6 БОДНАР-ПЕТРОВСЬКА О.Б.
      6 БОГАТИРЬОВА Р.В.
      5 ЯРЕСЬКО Н.І.
      5 ЯРЕСЬКО Н.Е.
      5 ШИМКІВ Д.А.
      5 ЧЕЧОТКІН М.О.
      5 ЧЕХ С.М.
      5 ТАЛЬКО В.В.
      5 СІРИЙ М.І.
      5 СЕРВАТЮК В.М.
      5 СЕМЧУК Г.М.
      5 ПРОСКУРЯКОВ О.А.
      5 ПОПОВИЧ І.М.
      5 ПЛАЧКОВ Г.І.
      5 ПАНАІОТІДІ С.М.
      5 ПАВЛОВСЬКИЙ І.В.
      5 МОРОЗ М.В.
      5 МОВЧАН М.П.
      5 МИЛОВАНОВ Т.С.
      5 ЛОЗОВИЙ А.С.
      5 КРЕНТОВСЬКА О.П.
      5 КРАВЧУК Л.М.
      5 КЛИМЕНКО І.В.
      5 ДУБОВИК В.Б.
      5 ДУБЛЯН О.В.
      5 ДЕМЧЕНКО Р.М.
      5 ГОЛОС ІЗ ЗАЛИ
      5 ГОЛОСИ ІЗ ЗАЛИ
      5 ГЛУЩЕНКО С.В.
      5 ВАСИЛЕНКО В.А.
      5 БОЛОТСЬКИХ М.В.
      5 БЛИЗНЮК М.Д.
      5 БІЛОУСОВ А.Л.
      5 БАРАНОВ В.О.
      5 БАБИЧ В.В.
      4 ШЕРЕМЕТА В.В.
      4 ШАФРАНСЬКИЙ В.В.
      4 ЧЕРНИШОВ О.М.
      4 УЛЮТІН Д.В.
      4 ТРОФІМЦЕВА О.В.
      4 ТЕРЕЩЕНКО А.В.
      4 ТЕНЮХ І.Й.
      4 ТЕМНИК Г.П.
      4 СУШКО О.В.
      4 СТРІЛЕЦЬ Р.О.
      4 СЕВРУК Ю.Г.
      4 САКВАРЕЛІДЗЕ Д.
      4 ПОПОВА Л.В.
      4 ПИСАРУК О.В.
      4 ПАРФЕНЕНКО Д.М.
      4 НОВІКОВА І.Ю.
      4 НАЙДЖЕЛ БРАУН
      4 МОРОЗ О.О.
      4 МАНДЗІЙ Л.С.
      4 МАГОМЕДОВ Р.С.
      4 ЛУКАШ О.Л.
      4 ЛЕБЕДЦОВ Б.Б.
      4 КУРИКІН С.І.
      4 КУРЕНКОВ Є.С.
      4 КОРНЕЙКО О.В.
      4 КЛИМЕНКО Ю.Л.
      4 КЛИМЕНКО О.В.
      4 КИЧУН В.І.
      4 ЗАСУХА С.О.
      4 ЗАІЧКО О.В.
      4 ЖИВИЦЬКИЙ Д.О.
      4 ДАНІШЕВСЬКА В.І.
      4 ГУТЦАЙТ В.М.
      4 ГРИЦЕНКО О.В.
      4 ГОЦУЛ І.Є.
      4 ВЛАСЕНКО Ю.М.
      4 БУЦА Ю.Б.
      4 БОЙКО Ю.А.
      4 БОГОВСЛОВСЬКА І.Г.
      4 БЕРНАЦЬКА Н.І.
      3 ЯРОВИЙ С.А.
      3 ЯВОРІВСЬКИЙ О.В.
      3 ШУЛЬМЕЙСТЕР В.Ю.
      3 ШЕВЧЕНКО І.А.
      3 ШЕВЧЕНКО В.В.
      3 ЧЕРЕНКО О.М.
      3 ЦАРЕВИЧ О.І.
      3 ХОЦЯНІВСЬКА Н.В.
      3 ТУРЧИНОВ В.О.
      3 ТИМОШЕНКО Ю.В.
      3 ТЕВЕЛЄВ Д.М.
      3 ТАХТАЙ О.В.
      3 СОРКІН І.В.
      3 СОЛЬОНА Н.М.
      3 СЛІПАЧУК Т.В.
      3 СКУТЕЛЬНИК П.Ф.
      3 СИДРОВИЧ Р.М.
      3 СИДОРОВИЧ Р.М.
      3 СЕННИЧЕНКО Д.В.
      3 РАДУТНИЙ С.І.
      3 ПРИВАЛОВ О.В.
      3 ПЕТРЕНКО П.П.
      3 ОХЕНДОВСЬКИЙ М.В.
      3 НАЙЄМ М.І.
      3 НАЗАРЕНКО В.О.
      3 МУЩИНІН В.В.
      3 МАЙБОРОДА С.М.
      3 МАЗУР Л.М.
      3 ЛЕКАРЬ С.І.
      3 КНЯЗЄВ С.М.
      3 КИЗИМ М.О.
      3 ІСАЄНКО Д.В.
      3 ЗАМЛИНСЬКИЙ Р.Т.
      3 ЗАЙЧУК В.О.
      3 ЖОЛНОВИЧ О.І.
      3 ДМИТРУК Н.Ю.
      3 ДЄЄВА А.Є.
      3 ГОНТАРЄВА В.О.
      3 ГЕЛЕТІЙ Ю.І.
      3 ВІЗІРОВ Б.Й.
      3 ВЕРЛАНОВ С.О.
      3 БУТКЕВИЧ В.Г.
      3 БУРАН О.М.
      3 БРОВЧЕНКО Ю.П.
      3 БОНДАРЕНКО А.Є.
      3 БОЖКОВ О.В.
      3 БАРАШ М.Я.
      3 БАЗЮК С.М.
      3 АНТОНЮК Д.Ю.
      2 ЯЦЕНЮК А.І.
      2 ЯРЕСЬКО Н.В.
      2 ЯРЕМА О.Й.
      2 ЮХНОВСЬКИЙ І.Р.
      2 ЮРЧЕНКО А.С.
      2 ШУХЕВИЧ Ю.
      2 ШУЛЬЦ М.
      2 ШИДЛОВСЬКИЙ В.Б.
      2 ШАПТАЛА Н.К.
      2 ШАЙТАН В.А.
      2 ЧЕРНИШОВ Д.В.
      2 ЧЕРНИХ С.П.
      2 ХРОМАЄВ Т.З.
      2 ХОМЧАК Р.Б.
      2 ХОБЗЕЙ П.К.
      2 ФУДАШКІН В.О.
      2 УСТИМЕНКО С.О.
      2 УРУСЬКИЙ О.С.
      2 УЛИДА В.Ю.
      2 ТРУБАРОВ В.М.
      2 ТРУБА Р.М.
      2 ТОМАШ ГРОДЗЬКИЙ
      2 СМАЧИЛО І.В.
      2 СКОРОХОД К.
      2 САМОЙЛИК К.С.
      2 САВЧУК С.Д.
      2 РОМАНОВА Н.А.
      2 РОГОВА В.Б.
      2 РИБАК С.О.
      2 РАТУШНЯК В.І.
      2 ПШЕНІЧКА П.Ф.
      2 ПОРШЕНКО П.О.
      2 ПОПОВА Т.В.
      2 ПОЛУЙКО В.Ю.
      2 ПЛУКАР В.В.
      2 ОРЛОВСЬКИЙ О.С.
      2 НІКІФОРЕНКО В.С.
      2 НЕМЧІНОВ О.М.
      2 НЕМИРЯ Г.
      2 НАЙЄМ М.Я.
      2 МОСІЙЧУК І.Р.
      2 МОЖАРОВСЬКИЙ В.М.
      2 МІРОШНІЧЕНКО Ю.Р.
      2 МІРОШНИЧЕНКО Ю.Р.
      2 МІЛОШ ВИСТРЧІЛ
      2 МИКИЧАК І.В.
      2 МАМАЛИГА А.В.
      2 ЛУЦЕНКО Ю.В.
      2 ЛУКЕРЯ І.М.
      2 ЛІЩИНА І.Ю.
      2 ЛІХОВИЙ І.Д.
      2 КУРДІНОВИЧ О.В.
      2 КУЗЬМІН Р.І.
      2 КУЗЬМИШИН В.М.
      2 КУДРЯВЦЕВ О.В.
      2 КУБІВ І.С.
      2 КРОТЮК В.М.
      2 КОСЮГА В.І.
      2 КОРЖ Р.А.
      2 КОМОРОВСЬКИЙ Б.
      2 КОМАРІДА О.О.
      2 КОЛІСНИК А.А.
      2 КОЗИРЄВ П.Г.
      2 КОЖЕМЯКІН А.А.
      2 КОВАЛЬОВА О.В.
      2 КНІЗЕВИЧ Р.П.
      2 КАЛЕТНИК Г.М.
      2 ІВАНЧВУК А.В.
      2 ІВАНКЕВИЧ В.І.
      2 ЗВЄРЄВ В.П.
      2 ЗАЯЦЬ А.І.
      2 ЗАЛІЩУК С.В.
      2 ЄНІН Є.В.
      2 ЄВСТІГНЄЄВ А.С.
      2 ЄВДОЧЕНКО Л.О.
      2 ДРОЗДОВА Л.М.
      2 ДРАГАНЧУК Ю.О.
      2 ДОЛЖЕНКО О.В.
      2 ДОЛГОВ І.О.
      2 ДІДЕНКО О.М.
      2 ДЖО БАЙДЕН
      2 ДЕНІСОВА Л.Л.
      2 ДЕМИДОВИЧ Д.В.
      2 ДАВИМУКА С.А.
      2 ГРОЙСМАН В.Ю.
      2 ГОНЧАРОВ С.М.
      2 ГОЛЕНКО В.М.
      2 ГІТАНАС НАУСЄДА
      2 ГЕЛЕТЕЙ В.В.
      2 ГАРБАРУК І.М.
      2 ГАЛІБАРЕНКО Н.М.
      2 ВОРОНА Д.М.
      2 ВОЙТОВИЧ Я.В.
      2 ВАКАРАШ В.М.
      2 БОЧКОВСЬКИЙ С.С.
      2 БОРДЮГ І.Л.
      2 БОЖОК Є.В.
      2 БОГАЧЕВ Р.М.
      2 БІСЮК І.Ю.
      2 БІДЕНКО А.І.
      2 БАУЛІН Ю.В.
      2 БАЛАН М.І.
      2 БАБАК А.І.
      2 АРЖЕВІТІН С.М.
      2 АМЕЛІН А.І.
      2 АЛЕКСАНДРОВСЬКА А.О.
      2 АВАКЯН Т.А.
      1 ЯЦЕНЮК О.П.
      1 ЯЦЕГНЮК А.П.
      1 ЯУЕНЮК А.П.
      1 ЯРЕСЬКО Н.З.
      1 ЯРЕМЕНКО О.С.
      1 ЯРЕМЕНКО І.О.
      1 ЯНУКОВИЧ В.Ф.
      1 ЯНІС МАКДЕВІД
      1 ЮЖАНІНА Н.С.
      1 ЮЖАНАНІ Н.П.
      1 ЩИГОЛЬ Ю.Ф.
      1 ШУФРИЧ Н.П.
      1 ШТУЧНИЙ В.В.
      1 ШКРУМ О.І.
      1 ШКРУМ А.В.
      1 ШКЛЯР С.В.
      1 ШКАРЛЕТ С.Н.
      1 ШИТАЙЛО О.І.
      1 ШИПІЛОВ Л.М.
      1 ШЕРЕМЕТА П.В.
      1 ШЕЛЕСТ О.В.
      1 ШЕВЧУК С.В.
      1 ШЕВЧЕНКО К.Є.
      1 ШАХМАТЕНКО Р.С.
      1 ЧУЄВА К.Є.
      1 ЧОРНА О.С.
      1 ЧМІЛІТЄ-НІЛЬСЕН В.
      1 ЧИЖМАР Ю.В.
      1 ЧЕЧЕТОВ М.
      1 ЧЕЧЕТКІН М.О.
      1 ЧЕРНИШ В.О.
      1 ЧЕРНЕКО О.М.
      1 ЧЕРЕНЕНКО О.М.
      1 ЧЕНЕНКО О.М.
      1 ЧЕБОТАР С.І.
      1 ХОЛОДНИЦЬКИЙ Т.І.
      1 ХЛАПУК М.М.
      1 ФУРМАН О.
      1 ФРОЛОВ О.В.
      1 ФРИЦЬКИЙ Ю.О.
      1 ФОРСЮК Н.В.
      1 ФОМЕНКО С.В.
      1 ФОМЕНКО І.О.
      1 ФЕДЬКО І.В.
      1 ФАЗІКОШ Г.В.
      1 УРСУЛА ФОН ДЕР ЛЯЄН
      1 УДОД Є.Г.
      1 ТУХІН О.М.
      1 ТУПИЦЬКИЙ О.М.
      1 ТУКА Г.Б.
      1 ТРЕТЯКОВ О.Ю.
      1 ТОЧИЦЬКИЙ М.С.
      1 ТОПЧІЙ В.М.
      1 ТОМЕНОКО М.В.
      1 ТОМЕНКО В.М.
      1 ТОБАЙЯС ЕЛВУД
      1 ТКАЛЕНКО І.І.
      1 ТИМОШЕНКО О.В.
      1 ТИГНИБОК О.Я.
      1 ТИГІПКО С.Л.
      1 ТЕРТЬЯКОВ О.Ю.
      1 ТЕРЛЕЦЬКИЙ Р.
      1 ТЕВЕЛІВ Д.М.
      1 СЮМАР В.В.
      1 СУШКЕВИЧ В.М.
      1 СУПРУН У.
      1 СТЕФАН РОМАНІВ
      1 СТЕПАНЕНКО А.А.
      1 СТЕБЛИНСЬКИЙ М.М.
      1 СТАДНІЙЧУК Р.М.
      1 СТАВЧУК І.І.
      1 СОТНИК О.
      1 СОРОЧИНСЬКА-КИРИЛЕНКО Р.М.
      1 СОРІН ДУМІТРУ ДУКАРУ
      1 СОКОЛОВСЬКА Ю.С.
      1 СОБОЛЕВСЬКИЙ Г.Г.
      1 СЛІДЕНКО І.Д.
      1 СИРОДОРОВИЧ Р.М.
      1 СИМОНЕНКО М.П.
      1 СИЛАНТЄВ Д.О.
      1 СИВАК О.В.
      1 СЕМИНОЖЕНКО В.П.
      1 СЕМЕНУХ Р.С.
      1 СВІНЦІЦЬКА О.П.
      1 САУДАРГАС П.
      1 САНДЕР ЛЕВІН
      1 САЛЮТІН Р.В.
      1 САДОВ’ЯК І.Д.
      1 РЯБЧЕНКО О.В.
      1 РУТИЦЬКА В.В.
      1 РОМАНІШИН О.В.
      1 РОЗЕНОКО П.В.
      1 РОБЕРТ ХАНТЕР
      1 РОБЕРТА МЕЦОЛА
      1 РІКАРДУ БЕШІГА
      1 РИБАЧУК Ю.А.
      1 РЕФАТ ЧУБАРОВ
      1 РБЯБЧИН О.М.
      1 РАТАС Ю.
      1 РАДЧЕНКО Є.В.
      1 ПОЯРКОВ В.О.
      1 ПОСТІВИЙ С.О.
      1 ПЛЕНКОВИЧ АНДРЕЙ
      1 ПІЩАНСЬКА О.С.
      1 ПІЛІСЕЦЬКИЙ Л.Т.
      1 ПІДЛІСЕЬКИЙ Л.Т.
      1 ПЕТРЕНКО А.Г.
      1 ПЕРЕПЕЛЮК В.Г.
      1 ПЕРЕВЕЗЕНЦЕВ О.Ю.
      1 ПАОЛО АЛЛІ
      1 ОСТРІКОВ АТ
      1 ОСТІРКОВА Т.Г.
      1 ОЛІЙНИК А.С.
      1 НОСОВ О.Г.
      1 НОВІКОВ О.Ф.
      1 НІКОЛАЙЧУК С.А.
      1 НІКІФОРЕНКО В.О.
      1 НЕЧИПОРЕНКО В.М.
      1 НАЛИВАЙКО О.І.
      1 НАЄМ М.
      1 МЯРКОВЬСКИЙ А.І.
      1 МЮКРЕМІН ШАХІН
      1 МУСТАФА ДЖЕМІЛЄВ
      1 МУРНІЄЦЕ І.
      1 МУРАВЙОВ О.В.
      1 МОЙСИК В.Р.
      1 МОІСЕЄНКО Р.О.
      1 МОГИЛЬОВ А.В.
      1 МІРОШНИЧЕНКО І.В.
      1 МИХАЛЬЧИШИН Ю.Я.
      1 МИКОЛАЙЧУК О.А.
      1 МЕЦОЛА Р.
      1 МЕТТЕ ФРЕДЕРІКСЕН
      1 МЕПЛЬНИЧУК С.П.
      1 МЕЛЬНИЦУК І.І.
      1 МЕЛЬНИК М.І.
      1 МАТВІЄНКО С.А.
      1 МАРТИНЮК М.П.
      1 МАРК РЮТТЕ
      1 МАРКАРОВ О.С.
      1 МАМОНТОВА І.Ю.
      1 МАЛЯР Г.В.
      1 МАЛОВАЦЬКИЙ О.В.
      1 МАЛАШКІН М.А.
      1 МАКУХА В.О.
      1 МАКАРЯН Д.Б.
      1 ЛЯШКО О.І.
      1 ЛЯШКО В.О.
      1 ЛЮБЧЕНКО П.М.
      1 ЛЮБИНЕЦЬКИЙ М.В.
      1 ЛУЧЕНКО І.В.
      1 ЛУЦЕНКО ЮВ
      1 ЛУЦЕНКО І.О.
      1 ЛУЦЕНК І.В.
      1 ЛУЦЕКО І.С.
      1 ЛУЗАН А.
      1 ЛОТЮК О.С.
      1 ЛІСОВЕНКО В.О.
      1 ЛІСНЕВСЬКА Н.О.
      1 ЛІНЧЕВСЬКИЙ О.В.
      1 ЛІНА ДЕШВАР
      1 ЛІБАНОВ М.О.
      1 ЛИТВИНОВ О.М.
      1 ЛЕВЧЕНКО О.В.
      1 ЛЕВСЕНКО Ю.В.
      1 ЛЕВ М.О.
      1 ЛЕВИЦЬКИЙ В.С.
      1 КУЧМА Л.Д.
      1 КУХТА П.А.
      1 КУХАР М.Д.
      1 КУСТОВА С.М.
      1 КУРТСЕІТОВА АНІФЕ
      1 КУЖЕЛЬ О.М.
      1 КУЖЕЛЬ О.
      1 КУДІН Д.І.
      1 КРОТЮК В.Л.
      1 КРИЖАНІВСЬКИЙ В.П.
      1 КРАСНОПОЛЬСЬКИЙ Я.В.
      1 КРАСНОЛУЦЬКИЙ О.В.
      1 КРАПІВНИЦЬКА Н.Л.
      1 КРАВЦОВ Є.П.
      1 КОТИК Є.Д.
      1 КОРОЛЕНКО В.Ю.
      1 КОРНІЄНКО В.В.
      1 КОРИНЕВИЧ А.О.
      1 КОПИЛЕНКО О.Л.
      1 КОНОПОЛЬСЬКИЙ О.М.
      1 КОЛІСНИК В.П.
      1 КОЗЛОВСЬКА Н.В.
      1 КОЖЕМЯКІНН А.А.
      1 КОЖАРА Я.Л.
      1 КОВАЛЬЧУК Т.І.
      1 КОВАЛІВ Я.Б.
      1 КНЯЗКВИЧ Р.П.
      1 КНЯЖИЦЬКИЙ Л.М.
      1 КНЯЖИЙЦЬКИЙ М.Л.
      1 КЛЮЧКОВСЬКИЙ Ю.Б.
      1 КЛІМКІН А.П.
      1 КЛИЧКО В.Я.
      1 КИЦЮК В.П.
      1 КИРИЛЕНТКО В.А.
      1 КВІТАШВІЛІ О.Я.
      1 КВІТАШВІЛІ О.М.
      1 КВАШУК В.С.
      1 КВАШУК В.П.
      1 КАЧУР О.Ю.
      1 КАСМІНІН О.В.
      1 КАРМАЗА О.О.
      1 КАРАНДІЙ В.А.
      1 КАПЛІН С.В.
      1 КАПЛІНА О.В.
      1 КАЙДА П.О.
      1 ЙОНАС ЛЕСІС
      1 ІЛЛЯШЕНКО О.В.
      1 ІЛЛЄНКО П.Ю.
      1 ІГНАТОВ А.П.
      1 ІВЧЕНКО Є.П.
      1 ІВАЩЕНКО І.А.
      1 ІВАНОВ С.М.
      1 ЗЮКОВ Ю.Є.
      1 ЗУЗАНА ЧАПУТОВА
      1 ЗІНГЯРІАС Е.
      1 ЗЕЛЕНСЬКИЙ О.В.
      1 ЗГУЛАДЗЕ Е.И.
      1 ЗГУЛАДЗЕ Е.
      1 ЗГУЛАДЗЕ-ГЛУКСМАНН Е.Я.
      1 ЗВАРИЧ М.П.
      1 ЗАХАРОВ Б.Є.
      1 заступник Голови
      1 ЗАМАНА В.М.
      1 ЗАКОПЕЦЬ Ю.М.
      1 ЗАЄЦЬ І.О.
      1 ЖЕРАР ЛАРШЕ
      1 ЖЕЛТОВА О.М.
      1 ЄФРЕМОВА І.О.
      1 ЄРЕМЄЄВ І.М.
      1 ЄНС СТОЛТЕНБЕРГ
      1 ДУБОВИК С.О.
      1 ДЖЕМІЛЄВ М.А.
      1 ДЖАПАРОВА Е.А.
      1 ДЕПУТАТ НЕ НАЗВАВСЯ
      1 ДЕНИСОВА Л.Л.
      1 ДЕНИСЕНКО Н.М.
      1 ДАВИДОВА Л.
      1 ГРОЙСМНА В.Б.
      1 ГРОЙСМАН Б.В.
      1 ГРИЩЕНКО К.І.
      1 ГРИНЮК В.О.
      1 ГРИНЮК В.В.
      1 ГРИНЕВИЧ Л.С.
      1 ГРЕЧКІВСЬКИЙ П.М.
      1 ГРЕНЬ В.В.
      1 ГОРБУЛІН В.П.
      1 ГОПОКО Г.М.
      1 ГОНЧАРЕНКО О.В.
      1 ГОЛОВАТИЙ В.Я.
      1 ГЛУЩЕНКО В.А.
      1 ГЕРЕ Ю.П.
      1 ГВОЗДЬ В.І.
      1 ГАШЕВ М.Х.
      1 ГАТАУЛЛІНА О.А.
      1 ВОЛКОВИЦЬКА Н.О.
      1 ВІТРЕНКО А.О.
      1 ВІЛКУЛ О.Ю.
      1 ВИНОКУРОВ С.М.
      1 ВЕРСТЮК В.Ф.
      1 ВЕРЕМІЙ І.Г.
      1 ВЕРБЕНСЬКИЙ М.Г.
      1 ВЕНІСЛАВСКИЙ Ф.В.
      1 ВАЩУК К.С.
      1 ВАСЮК О.О.
      1 БУЦА Б.Е.
      1 БУГЛАК Ю.О.
      1 БРУСИЛО І.М.
      1 БРОДСЬКИЙ М.Ю.
      1 БРАЦЮНЬ І.О.
      1 БОЯРЧУК О.Б.
      1 БОРУХОВСЬКИЙ Б.В.
      1 БОРИС ДЖОНСОН
      1 БОНДАР С.В.
      1 БОНДАР О.М.
      1 БОЙКО Ю.М.
      1 БОЙКО В.
      1 БОЙКО А.М.
      1 БОБАР І.М.
      1 БЄЛКОВА О.В.
      1 БЕРЕЗЮК Р.
      1 БЕРЕЗЮК К.Г.
      1 БЕРЕЖНА Т.В.
      1 БЕРЕЖНА И.Г.
      1 БАСАЛАЄВА А.В.
      1 БАЛАЦ С.В.
      1 БАГАНЕЦЬ О.В.
      1 БАБЕНКО М.В.
      1 АРТЕМЕНКО Ю.А.
      1 АР’ЄВ В.Г.
      1 АНДРУЩЕНКО С.А.
      1 АНДРІЄВСЬКИЙ Д.Є.
      1 АНДРЕАС ЕБІ
      1 АНДЖЕЙ ДУДА
      1 АЛЮШИНА Н.О.
      1 АЙДЕР РУСТЕМОВ
      1 АБРОМАВИЧУС А.Я.
      1 АБРОМАВИЧУС А.К.
      1 АБРОМАВИЧУС А.И.
      1 АБРАМОВИЧУС А.
